<?xml version="1.0" encoding="UTF-8"?>
<!-- Generated by org.testng.reporters.JUnitXMLReporter -->
<testsuite hostname="yuri-PC" name="Default test" tests="3" failures="0" timestamp="16 Jun 2016 11:40:19 GMT" time="0.021" errors="0">
  <testcase name="broadcasterCreateFileInout" time="0.0" classname="com.zixi.testing.BroadcasterFileInputTest">
    <skipped/>
  </testcase> <!-- broadcasterCreateFileInout -->
  <testcase name="broadcasterRecordInout" time="0.0" classname="com.zixi.testing.BroadcasterFileInputTest">
    <skipped/>
  </testcase> <!-- broadcasterRecordInout -->
  <testcase name="broadcasterStopFileInout" time="0.0" classname="com.zixi.testing.BroadcasterFileInputTest">
    <skipped/>
  </testcase> <!-- broadcasterStopFileInout -->
</testsuite> <!-- Default test -->
