<?xml version="1.0" encoding="UTF-8"?>
<testng-results skipped="0" failed="9" total="40" passed="31">
  <reporter-output>
    <line>
      <![CDATA[Test parameteres: ]]>
    </line>
    <line>
      <![CDATA[userName: admin]]>
    </line>
    <line>
      <![CDATA[userPass: 1234]]>
    </line>
    <line>
      <![CDATA[Host: 10.7.0.64]]>
    </line>
    <line>
      <![CDATA[loin_ip: 10.7.0.78]]>
    </line>
    <line>
      <![CDATA[id: transcoder]]>
    </line>
    <line>
      <![CDATA[source: h.264]]>
    </line>
    <line>
      <![CDATA[uiport: 4444]]>
    </line>
    <line>
      <![CDATA[pull_port: -- not provided ]]>
    </line>
    <line>
      <![CDATA[latency: 6000]]>
    </line>
    <line>
      <![CDATA[fec_latency: 300]]>
    </line>
    <line>
      <![CDATA[fec_overhead: 30]]>
    </line>
    <line>
      <![CDATA[mcast_force: 0]]>
    </line>
    <line>
      <![CDATA[time_shift: 0]]>
    </line>
    <line>
      <![CDATA[nic: -- not provided ]]>
    </line>
    <line>
      <![CDATA[max_outputs: -1]]>
    </line>
    <line>
      <![CDATA[type: pull]]>
    </line>
    <line>
      <![CDATA[password: -- not provided ]]>
    </line>
    <line>
      <![CDATA[mcast_port: -- not provided ]]>
    </line>
    <line>
      <![CDATA[complete: -- not provided ]]>
    </line>
    <line>
      <![CDATA[mcast_ip: -- not provided ]]>
    </line>
    <line>
      <![CDATA[fec_adaptive: 1]]>
    </line>
    <line>
      <![CDATA[mcast_ttl: -- not provided ]]>
    </line>
    <line>
      <![CDATA[on: 1]]>
    </line>
    <line>
      <![CDATA[func: load_live_inputs]]>
    </line>
    <line>
      <![CDATA[fec_force: -- not provided ]]>
    </line>
    <line>
      <![CDATA[mcast_out: -- not provided ]]>
    </line>
    <line>
      <![CDATA[propertiesFile: stream.properties]]>
    </line>
    <line>
      <![CDATA[Test parameteres: ]]>
    </line>
    <line>
      <![CDATA[userName: admin]]>
    </line>
    <line>
      <![CDATA[userPass: 1234]]>
    </line>
    <line>
      <![CDATA[login_ip: 10.7.0.78]]>
    </line>
    <line>
      <![CDATA[uiport: 4444]]>
    </line>
    <line>
      <![CDATA[profile_name: 480p]]>
    </line>
    <line>
      <![CDATA[enc: 1]]>
    </line>
    <line>
      <![CDATA[bitrate: 300000]]>
    </line>
    <line>
      <![CDATA[gop: 30]]>
    </line>
    <line>
      <![CDATA[fixed_gop: 1]]>
    </line>
    <line>
      <![CDATA[closed_gop: 1]]>
    </line>
    <line>
      <![CDATA[copy_gop: 0]]>
    </line>
    <line>
      <![CDATA[performance: 4]]>
    </line>
    <line>
      <![CDATA[b_frames: 3]]>
    </line>
    <line>
      <![CDATA[frame_type: 1]]>
    </line>
    <line>
      <![CDATA[profile: 1]]>
    </line>
    <line>
      <![CDATA[level: 100]]>
    </line>
    <line>
      <![CDATA[bitrate_mode: 1]]>
    </line>
    <line>
      <![CDATA[ref_frames: 2]]>
    </line>
    <line>
      <![CDATA[hrd: 2]]>
    </line>
    <line>
      <![CDATA[idr_int: 1]]>
    </line>
    <line>
      <![CDATA[cavlc: 0]]>
    </line>
    <line>
      <![CDATA[brightness: 0]]>
    </line>
    <line>
      <![CDATA[contrast: 1]]>
    </line>
    <line>
      <![CDATA[fps: 0]]>
    </line>
    <line>
      <![CDATA[width: 720]]>
    </line>
    <line>
      <![CDATA[height: 480]]>
    </line>
    <line>
      <![CDATA[max_bitrate: 500000]]>
    </line>
    <line>
      <![CDATA[Test parameteres: ]]>
    </line>
    <line>
      <![CDATA[userName: admin]]>
    </line>
    <line>
      <![CDATA[userPass: 1234]]>
    </line>
    <line>
      <![CDATA[host: 10.7.0.64]]>
    </line>
    <line>
      <![CDATA[loin_ip: 10.7.0.78]]>
    </line>
    <line>
      <![CDATA[uiport: 4444]]>
    </line>
    <line>
      <![CDATA[id: transcoder]]>
    </line>
    <line>
      <![CDATA[testduration: 5]]>
    </line>
    <line>
      <![CDATA[Max bitrate is 9879664]]>
    </line>
    <line>
      <![CDATA[Min bitrete is 9534097]]>
    </line>
    <line>
      <![CDATA[Average bitrate is 9699201]]>
    </line>
    <line>
      <![CDATA[Test parameteres: ]]>
    </line>
    <line>
      <![CDATA[userName: admin]]>
    </line>
    <line>
      <![CDATA[userPass: 1234]]>
    </line>
    <line>
      <![CDATA[login_ip: 10.7.0.78]]>
    </line>
    <line>
      <![CDATA[uiport: 4444]]>
    </line>
    <line>
      <![CDATA[type: Transcoded]]>
    </line>
    <line>
      <![CDATA[id: 480p_trans1]]>
    </line>
    <line>
      <![CDATA[matrix: 1]]>
    </line>
    <line>
      <![CDATA[max_outputs: -1]]>
    </line>
    <line>
      <![CDATA[mcast_out: 0]]>
    </line>
    <line>
      <![CDATA[time_shift: 0]]>
    </line>
    <line>
      <![CDATA[old: 0]]>
    </line>
    <line>
      <![CDATA[fast_connect: 0]]>
    </line>
    <line>
      <![CDATA[kompression: 1]]>
    </line>
    <line>
      <![CDATA[enc_type: -- not provided ]]>
    </line>
    <line>
      <![CDATA[enc_key: -- not provided ]]>
    </line>
    <line>
      <![CDATA[rec_history: 0]]>
    </line>
    <line>
      <![CDATA[rec_duration: 7200]]>
    </line>
    <line>
      <![CDATA[src: transcoder]]>
    </line>
    <line>
      <![CDATA[ap: -1]]>
    </line>
    <line>
      <![CDATA[ll: 0]]>
    </line>
    <line>
      <![CDATA[all_pids: 0]]>
    </line>
    <line>
      <![CDATA[bit: 0]]>
    </line>
    <line>
      <![CDATA[profile_name: 480p]]>
    </line>
    <line>
      <![CDATA[mode: h.264]]>
    </line>
    <line>
      <![CDATA[Test parameteres: ]]>
    </line>
    <line>
      <![CDATA[userName: admin]]>
    </line>
    <line>
      <![CDATA[userPass: 1234]]>
    </line>
    <line>
      <![CDATA[loin_ip: 10.7.0.78]]>
    </line>
    <line>
      <![CDATA[port: 5555]]>
    </line>
    <line>
      <![CDATA[stream: 480p_trans1]]>
    </line>
    <line>
      <![CDATA[streamname: 480p_trans1]]>
    </line>
    <line>
      <![CDATA[host: 10.7.0.150]]>
    </line>
    <line>
      <![CDATA[id: 480p_trans1]]>
    </line>
    <line>
      <![CDATA[rtp: 0]]>
    </line>
    <line>
      <![CDATA[fec: 0]]>
    </line>
    <line>
      <![CDATA[smoothing: 0]]>
    </line>
    <line>
      <![CDATA[ttl: 5]]>
    </line>
    <line>
      <![CDATA[remux_bitrate: 0]]>
    </line>
    <line>
      <![CDATA[df: 0]]>
    </line>
    <line>
      <![CDATA[local_port: -- not provided ]]>
    </line>
    <line>
      <![CDATA[dec_key: -- not provided ]]>
    </line>
    <line>
      <![CDATA[type: TS]]>
    </line>
    <line>
      <![CDATA[rows: 10]]>
    </line>
    <line>
      <![CDATA[remux_buff: 1000]]>
    </line>
    <line>
      <![CDATA[local_ip: 0.0.0.0]]>
    </line>
    <line>
      <![CDATA[remux_restampdts: 0]]>
    </line>
    <line>
      <![CDATA[uiport: 4444]]>
    </line>
    <line>
      <![CDATA[remux_pcr: 90]]>
    </line>
    <line>
      <![CDATA[dec_type: -- not provided ]]>
    </line>
    <line>
      <![CDATA[cols: 10]]>
    </line>
    <line>
      <![CDATA[FFMPEG success measurement relation: 0 / 0]]>
    </line>
    <line>
      <![CDATA[Test parameteres: ]]>
    </line>
    <line>
      <![CDATA[userName: admin]]>
    </line>
    <line>
      <![CDATA[userPass: 1234]]>
    </line>
    <line>
      <![CDATA[login_ip: 10.7.0.78]]>
    </line>
    <line>
      <![CDATA[uiport: 4444]]>
    </line>
    <line>
      <![CDATA[Test parameteres: ]]>
    </line>
    <line>
      <![CDATA[userName: admin]]>
    </line>
    <line>
      <![CDATA[userPass: 1234]]>
    </line>
    <line>
      <![CDATA[login_ip: 10.7.0.78]]>
    </line>
    <line>
      <![CDATA[uiport: 4444]]>
    </line>
    <line>
      <![CDATA[Test parameteres: ]]>
    </line>
    <line>
      <![CDATA[userName: admin]]>
    </line>
    <line>
      <![CDATA[userPass: 1234]]>
    </line>
    <line>
      <![CDATA[login_ip: 10.7.0.78]]>
    </line>
    <line>
      <![CDATA[uiport: 4444]]>
    </line>
    <line>
      <![CDATA[Test parameteres: ]]>
    </line>
    <line>
      <![CDATA[userName: admin]]>
    </line>
    <line>
      <![CDATA[userPass: 1234]]>
    </line>
    <line>
      <![CDATA[login_ip: 10.7.0.78]]>
    </line>
    <line>
      <![CDATA[uiport: 4444]]>
    </line>
    <line>
      <![CDATA[Test parameteres: ]]>
    </line>
    <line>
      <![CDATA[userName: admin]]>
    </line>
    <line>
      <![CDATA[userPass: 1234]]>
    </line>
    <line>
      <![CDATA[login_ip: 10.7.0.78]]>
    </line>
    <line>
      <![CDATA[uiport: 4444]]>
    </line>
    <line>
      <![CDATA[Test parameteres: ]]>
    </line>
    <line>
      <![CDATA[userName: admin]]>
    </line>
    <line>
      <![CDATA[userPass: 1234]]>
    </line>
    <line>
      <![CDATA[login_ip: 10.7.0.78]]>
    </line>
    <line>
      <![CDATA[uiport: 4444]]>
    </line>
    <line>
      <![CDATA[Test parameteres: ]]>
    </line>
    <line>
      <![CDATA[userName: admin]]>
    </line>
    <line>
      <![CDATA[userPass: 1234]]>
    </line>
    <line>
      <![CDATA[login_ip: 10.7.0.78]]>
    </line>
    <line>
      <![CDATA[uiport: 4444]]>
    </line>
    <line>
      <![CDATA[Test parameteres: ]]>
    </line>
    <line>
      <![CDATA[userName: admin]]>
    </line>
    <line>
      <![CDATA[userPass: 1234]]>
    </line>
    <line>
      <![CDATA[login_ip: 10.7.0.78]]>
    </line>
    <line>
      <![CDATA[uiport: 4444]]>
    </line>
    <line>
      <![CDATA[Test parameteres: ]]>
    </line>
    <line>
      <![CDATA[userName: admin]]>
    </line>
    <line>
      <![CDATA[userPass: 1234]]>
    </line>
    <line>
      <![CDATA[login_ip: 10.7.0.78]]>
    </line>
    <line>
      <![CDATA[uiport: 4444]]>
    </line>
    <line>
      <![CDATA[Test parameteres: ]]>
    </line>
    <line>
      <![CDATA[userName: admin]]>
    </line>
    <line>
      <![CDATA[userPass: 1234]]>
    </line>
    <line>
      <![CDATA[login_ip: 10.7.0.78]]>
    </line>
    <line>
      <![CDATA[uiport: 4444]]>
    </line>
    <line>
      <![CDATA[Test parameteres: ]]>
    </line>
    <line>
      <![CDATA[userName: admin]]>
    </line>
    <line>
      <![CDATA[userPass: 1234]]>
    </line>
    <line>
      <![CDATA[login_ip: 10.7.0.78]]>
    </line>
    <line>
      <![CDATA[uiport: 4444]]>
    </line>
    <line>
      <![CDATA[Test parameteres: ]]>
    </line>
    <line>
      <![CDATA[userName: admin]]>
    </line>
    <line>
      <![CDATA[userPass: 1234]]>
    </line>
    <line>
      <![CDATA[login_ip: 10.7.0.78]]>
    </line>
    <line>
      <![CDATA[uiport: 4444]]>
    </line>
    <line>
      <![CDATA[Test parameteres: ]]>
    </line>
    <line>
      <![CDATA[userName: admin]]>
    </line>
    <line>
      <![CDATA[userPass: 1234]]>
    </line>
    <line>
      <![CDATA[login_ip: 10.7.0.78]]>
    </line>
    <line>
      <![CDATA[uiport: 4444]]>
    </line>
    <line>
      <![CDATA[Test parameteres: ]]>
    </line>
    <line>
      <![CDATA[userName: admin]]>
    </line>
    <line>
      <![CDATA[userPass: 1234]]>
    </line>
    <line>
      <![CDATA[login_ip: 10.7.0.78]]>
    </line>
    <line>
      <![CDATA[uiport: 4444]]>
    </line>
    <line>
      <![CDATA[Test parameteres: ]]>
    </line>
    <line>
      <![CDATA[userName: admin]]>
    </line>
    <line>
      <![CDATA[userPass: 1234]]>
    </line>
    <line>
      <![CDATA[login_ip: 10.7.0.78]]>
    </line>
    <line>
      <![CDATA[uiport: 4444]]>
    </line>
    <line>
      <![CDATA[Test parameteres: ]]>
    </line>
    <line>
      <![CDATA[userName: admin]]>
    </line>
    <line>
      <![CDATA[userPass: 1234]]>
    </line>
    <line>
      <![CDATA[login_ip: 10.7.0.78]]>
    </line>
    <line>
      <![CDATA[uiport: 4444]]>
    </line>
    <line>
      <![CDATA[Test parameteres: ]]>
    </line>
    <line>
      <![CDATA[userName: admin]]>
    </line>
    <line>
      <![CDATA[userPass: 1234]]>
    </line>
    <line>
      <![CDATA[login_ip: 10.7.0.78]]>
    </line>
    <line>
      <![CDATA[uiport: 4444]]>
    </line>
    <line>
      <![CDATA[Test parameteres: ]]>
    </line>
    <line>
      <![CDATA[userName: admin]]>
    </line>
    <line>
      <![CDATA[userPass: 1234]]>
    </line>
    <line>
      <![CDATA[login_ip: 10.7.0.78]]>
    </line>
    <line>
      <![CDATA[uiport: 4444]]>
    </line>
    <line>
      <![CDATA[Test parameteres: ]]>
    </line>
    <line>
      <![CDATA[userName: admin]]>
    </line>
    <line>
      <![CDATA[userPass: 1234]]>
    </line>
    <line>
      <![CDATA[login_ip: 10.7.0.78]]>
    </line>
    <line>
      <![CDATA[uiport: 4444]]>
    </line>
    <line>
      <![CDATA[Test parameteres: ]]>
    </line>
    <line>
      <![CDATA[userName: admin]]>
    </line>
    <line>
      <![CDATA[userPass: 1234]]>
    </line>
    <line>
      <![CDATA[login_ip: 10.7.0.78]]>
    </line>
    <line>
      <![CDATA[uiport: 4444]]>
    </line>
    <line>
      <![CDATA[Test parameteres: ]]>
    </line>
    <line>
      <![CDATA[userName: admin]]>
    </line>
    <line>
      <![CDATA[userPass: 1234]]>
    </line>
    <line>
      <![CDATA[login_ip: 10.7.0.78]]>
    </line>
    <line>
      <![CDATA[uiport: 4444]]>
    </line>
    <line>
      <![CDATA[Test parameteres: ]]>
    </line>
    <line>
      <![CDATA[userName: admin]]>
    </line>
    <line>
      <![CDATA[userPass: 1234]]>
    </line>
    <line>
      <![CDATA[login_ip: 10.7.0.78]]>
    </line>
    <line>
      <![CDATA[uiport: 4444]]>
    </line>
    <line>
      <![CDATA[Test parameteres: ]]>
    </line>
    <line>
      <![CDATA[userName: admin]]>
    </line>
    <line>
      <![CDATA[userPass: 1234]]>
    </line>
    <line>
      <![CDATA[login_ip: 10.7.0.78]]>
    </line>
    <line>
      <![CDATA[uiport: 4444]]>
    </line>
    <line>
      <![CDATA[Test parameteres: ]]>
    </line>
    <line>
      <![CDATA[userName: admin]]>
    </line>
    <line>
      <![CDATA[userPass: 1234]]>
    </line>
    <line>
      <![CDATA[login_ip: 10.7.0.78]]>
    </line>
    <line>
      <![CDATA[uiport: 4444]]>
    </line>
    <line>
      <![CDATA[Test parameteres: ]]>
    </line>
    <line>
      <![CDATA[userName: admin]]>
    </line>
    <line>
      <![CDATA[userPass: 1234]]>
    </line>
    <line>
      <![CDATA[login_ip: 10.7.0.78]]>
    </line>
    <line>
      <![CDATA[uiport: 4444]]>
    </line>
    <line>
      <![CDATA[Test parameteres: ]]>
    </line>
    <line>
      <![CDATA[userName: admin]]>
    </line>
    <line>
      <![CDATA[userPass: 1234]]>
    </line>
    <line>
      <![CDATA[login_ip: 10.7.0.78]]>
    </line>
    <line>
      <![CDATA[uiport: 4444]]>
    </line>
    <line>
      <![CDATA[Test parameteres: ]]>
    </line>
    <line>
      <![CDATA[userName: admin]]>
    </line>
    <line>
      <![CDATA[userPass: 1234]]>
    </line>
    <line>
      <![CDATA[login_ip: 10.7.0.78]]>
    </line>
    <line>
      <![CDATA[uiport: 4444]]>
    </line>
    <line>
      <![CDATA[Test parameteres: ]]>
    </line>
    <line>
      <![CDATA[userName: admin]]>
    </line>
    <line>
      <![CDATA[userPass: 1234]]>
    </line>
    <line>
      <![CDATA[login_ip: 10.7.0.78]]>
    </line>
    <line>
      <![CDATA[uiport: 4444]]>
    </line>
    <line>
      <![CDATA[Test parameteres: ]]>
    </line>
    <line>
      <![CDATA[userName: admin]]>
    </line>
    <line>
      <![CDATA[userPass: 1234]]>
    </line>
    <line>
      <![CDATA[login_ip: 10.7.0.78]]>
    </line>
    <line>
      <![CDATA[uiport: 4444]]>
    </line>
    <line>
      <![CDATA[Test parameteres: ]]>
    </line>
    <line>
      <![CDATA[userName: admin]]>
    </line>
    <line>
      <![CDATA[userPass: 1234]]>
    </line>
    <line>
      <![CDATA[login_ip: 10.7.0.78]]>
    </line>
    <line>
      <![CDATA[uiport: 4444]]>
    </line>
    <line>
      <![CDATA[Test parameteres: ]]>
    </line>
    <line>
      <![CDATA[userName: admin]]>
    </line>
    <line>
      <![CDATA[userPass: 1234]]>
    </line>
    <line>
      <![CDATA[login_ip: 10.7.0.78]]>
    </line>
    <line>
      <![CDATA[uiport: 4444]]>
    </line>
    <line>
      <![CDATA[Test parameteres: ]]>
    </line>
    <line>
      <![CDATA[userName: admin]]>
    </line>
    <line>
      <![CDATA[userPass: 1234]]>
    </line>
    <line>
      <![CDATA[login_ip: 10.7.0.78]]>
    </line>
    <line>
      <![CDATA[uiport: 4444]]>
    </line>
    <line>
      <![CDATA[Test parameteres: ]]>
    </line>
    <line>
      <![CDATA[userName: admin]]>
    </line>
    <line>
      <![CDATA[userPass: 1234]]>
    </line>
    <line>
      <![CDATA[login_ip: 10.7.0.78]]>
    </line>
    <line>
      <![CDATA[uiport: 4444]]>
    </line>
    <line>
      <![CDATA[Test parameteres: ]]>
    </line>
    <line>
      <![CDATA[userName: admin]]>
    </line>
    <line>
      <![CDATA[userPass: 1234]]>
    </line>
    <line>
      <![CDATA[login_ip: 10.7.0.78]]>
    </line>
    <line>
      <![CDATA[uiport: 4444]]>
    </line>
    <line>
      <![CDATA[Test parameteres: ]]>
    </line>
    <line>
      <![CDATA[userName: admin]]>
    </line>
    <line>
      <![CDATA[userPass: 1234]]>
    </line>
    <line>
      <![CDATA[login_ip: 10.7.0.78]]>
    </line>
    <line>
      <![CDATA[uiport: 4444]]>
    </line>
    <line>
      <![CDATA[Test parameteres: ]]>
    </line>
    <line>
      <![CDATA[userName: admin]]>
    </line>
    <line>
      <![CDATA[userPass: 1234]]>
    </line>
    <line>
      <![CDATA[login_ip: 10.7.0.78]]>
    </line>
    <line>
      <![CDATA[uiport: 4444]]>
    </line>
    <line>
      <![CDATA[Test parameteres: ]]>
    </line>
    <line>
      <![CDATA[userName: admin]]>
    </line>
    <line>
      <![CDATA[userPass: 1234]]>
    </line>
    <line>
      <![CDATA[login_ip: 10.7.0.78]]>
    </line>
    <line>
      <![CDATA[uiport: 4444]]>
    </line>
    <line>
      <![CDATA[Test parameteres: ]]>
    </line>
    <line>
      <![CDATA[userName: admin]]>
    </line>
    <line>
      <![CDATA[userPass: 1234]]>
    </line>
    <line>
      <![CDATA[login_ip: 10.7.0.78]]>
    </line>
    <line>
      <![CDATA[uiport: 4444]]>
    </line>
    <line>
      <![CDATA[Test parameteres: ]]>
    </line>
    <line>
      <![CDATA[userName: admin]]>
    </line>
    <line>
      <![CDATA[userPass: 1234]]>
    </line>
    <line>
      <![CDATA[login_ip: 10.7.0.78]]>
    </line>
    <line>
      <![CDATA[uiport: 4444]]>
    </line>
    <line>
      <![CDATA[Test parameteres: ]]>
    </line>
    <line>
      <![CDATA[userName: admin]]>
    </line>
    <line>
      <![CDATA[userPass: 1234]]>
    </line>
    <line>
      <![CDATA[login_ip: 10.7.0.78]]>
    </line>
    <line>
      <![CDATA[uiport: 4444]]>
    </line>
    <line>
      <![CDATA[Test parameteres: ]]>
    </line>
    <line>
      <![CDATA[userName: admin]]>
    </line>
    <line>
      <![CDATA[userPass: 1234]]>
    </line>
    <line>
      <![CDATA[login_ip: 10.7.0.78]]>
    </line>
    <line>
      <![CDATA[uiport: 4444]]>
    </line>
    <line>
      <![CDATA[Test parameteres: ]]>
    </line>
    <line>
      <![CDATA[userName: admin]]>
    </line>
    <line>
      <![CDATA[userPass: 1234]]>
    </line>
    <line>
      <![CDATA[login_ip: 10.7.0.78]]>
    </line>
    <line>
      <![CDATA[uiport: 4444]]>
    </line>
    <line>
      <![CDATA[Test parameteres: ]]>
    </line>
    <line>
      <![CDATA[userName: admin]]>
    </line>
    <line>
      <![CDATA[userPass: 1234]]>
    </line>
    <line>
      <![CDATA[login_ip: 10.7.0.78]]>
    </line>
    <line>
      <![CDATA[uiport: 4444]]>
    </line>
    <line>
      <![CDATA[Test parameteres: ]]>
    </line>
    <line>
      <![CDATA[userName: admin]]>
    </line>
    <line>
      <![CDATA[userPass: 1234]]>
    </line>
    <line>
      <![CDATA[login_ip: 10.7.0.78]]>
    </line>
    <line>
      <![CDATA[uiport: 4444]]>
    </line>
    <line>
      <![CDATA[Test parameteres: ]]>
    </line>
    <line>
      <![CDATA[userName: admin]]>
    </line>
    <line>
      <![CDATA[userPass: 1234]]>
    </line>
    <line>
      <![CDATA[login_ip: 10.7.0.78]]>
    </line>
    <line>
      <![CDATA[uiport: 4444]]>
    </line>
    <line>
      <![CDATA[Test parameteres: ]]>
    </line>
    <line>
      <![CDATA[userName: admin]]>
    </line>
    <line>
      <![CDATA[userPass: 1234]]>
    </line>
    <line>
      <![CDATA[login_ip: 10.7.0.78]]>
    </line>
    <line>
      <![CDATA[uiport: 4444]]>
    </line>
    <line>
      <![CDATA[Test parameteres: ]]>
    </line>
    <line>
      <![CDATA[userName: admin]]>
    </line>
    <line>
      <![CDATA[userPass: 1234]]>
    </line>
    <line>
      <![CDATA[login_ip: 10.7.0.78]]>
    </line>
    <line>
      <![CDATA[uiport: 4444]]>
    </line>
    <line>
      <![CDATA[Test parameteres: ]]>
    </line>
    <line>
      <![CDATA[userName: admin]]>
    </line>
    <line>
      <![CDATA[userPass: 1234]]>
    </line>
    <line>
      <![CDATA[login_ip: 10.7.0.78]]>
    </line>
    <line>
      <![CDATA[uiport: 4444]]>
    </line>
    <line>
      <![CDATA[Test parameteres: ]]>
    </line>
    <line>
      <![CDATA[userName: admin]]>
    </line>
    <line>
      <![CDATA[userPass: 1234]]>
    </line>
    <line>
      <![CDATA[login_ip: 10.7.0.78]]>
    </line>
    <line>
      <![CDATA[uiport: 4444]]>
    </line>
    <line>
      <![CDATA[Test parameteres: ]]>
    </line>
    <line>
      <![CDATA[userName: admin]]>
    </line>
    <line>
      <![CDATA[userPass: 1234]]>
    </line>
    <line>
      <![CDATA[login_ip: 10.7.0.78]]>
    </line>
    <line>
      <![CDATA[uiport: 4444]]>
    </line>
    <line>
      <![CDATA[Test parameteres: ]]>
    </line>
    <line>
      <![CDATA[userName: admin]]>
    </line>
    <line>
      <![CDATA[userPass: 1234]]>
    </line>
    <line>
      <![CDATA[login_ip: 10.7.0.78]]>
    </line>
    <line>
      <![CDATA[uiport: 4444]]>
    </line>
    <line>
      <![CDATA[Test parameteres: ]]>
    </line>
    <line>
      <![CDATA[userName: admin]]>
    </line>
    <line>
      <![CDATA[userPass: 1234]]>
    </line>
    <line>
      <![CDATA[login_ip: 10.7.0.78]]>
    </line>
    <line>
      <![CDATA[uiport: 4444]]>
    </line>
    <line>
      <![CDATA[Test parameteres: ]]>
    </line>
    <line>
      <![CDATA[userName: admin]]>
    </line>
    <line>
      <![CDATA[userPass: 1234]]>
    </line>
    <line>
      <![CDATA[login_ip: 10.7.0.78]]>
    </line>
    <line>
      <![CDATA[uiport: 4444]]>
    </line>
    <line>
      <![CDATA[Test parameteres: ]]>
    </line>
    <line>
      <![CDATA[userName: admin]]>
    </line>
    <line>
      <![CDATA[userPass: 1234]]>
    </line>
    <line>
      <![CDATA[login_ip: 10.7.0.78]]>
    </line>
    <line>
      <![CDATA[uiport: 4444]]>
    </line>
    <line>
      <![CDATA[Test parameteres: ]]>
    </line>
    <line>
      <![CDATA[userName: admin]]>
    </line>
    <line>
      <![CDATA[userPass: 1234]]>
    </line>
    <line>
      <![CDATA[login_ip: 10.7.0.78]]>
    </line>
    <line>
      <![CDATA[uiport: 4444]]>
    </line>
    <line>
      <![CDATA[Test parameteres: ]]>
    </line>
    <line>
      <![CDATA[userName: admin]]>
    </line>
    <line>
      <![CDATA[userPass: 1234]]>
    </line>
    <line>
      <![CDATA[login_ip: 10.7.0.78]]>
    </line>
    <line>
      <![CDATA[uiport: 4444]]>
    </line>
    <line>
      <![CDATA[Test parameteres: ]]>
    </line>
    <line>
      <![CDATA[userName: admin]]>
    </line>
    <line>
      <![CDATA[userPass: 1234]]>
    </line>
    <line>
      <![CDATA[login_ip: 10.7.0.78]]>
    </line>
    <line>
      <![CDATA[uiport: 4444]]>
    </line>
    <line>
      <![CDATA[Test parameteres: ]]>
    </line>
    <line>
      <![CDATA[userName: admin]]>
    </line>
    <line>
      <![CDATA[userPass: 1234]]>
    </line>
    <line>
      <![CDATA[login_ip: 10.7.0.78]]>
    </line>
    <line>
      <![CDATA[uiport: 4444]]>
    </line>
    <line>
      <![CDATA[Test parameteres: ]]>
    </line>
    <line>
      <![CDATA[userName: admin]]>
    </line>
    <line>
      <![CDATA[userPass: 1234]]>
    </line>
    <line>
      <![CDATA[login_ip: 10.7.0.78]]>
    </line>
    <line>
      <![CDATA[uiport: 4444]]>
    </line>
    <line>
      <![CDATA[Test parameteres: ]]>
    </line>
    <line>
      <![CDATA[userName: admin]]>
    </line>
    <line>
      <![CDATA[userPass: 1234]]>
    </line>
    <line>
      <![CDATA[login_ip: 10.7.0.78]]>
    </line>
    <line>
      <![CDATA[uiport: 4444]]>
    </line>
    <line>
      <![CDATA[Test parameteres: ]]>
    </line>
    <line>
      <![CDATA[userName: admin]]>
    </line>
    <line>
      <![CDATA[userPass: 1234]]>
    </line>
    <line>
      <![CDATA[login_ip: 10.7.0.78]]>
    </line>
    <line>
      <![CDATA[uiport: 4444]]>
    </line>
    <line>
      <![CDATA[Test parameteres: ]]>
    </line>
    <line>
      <![CDATA[userName: admin]]>
    </line>
    <line>
      <![CDATA[userPass: 1234]]>
    </line>
    <line>
      <![CDATA[login_ip: 10.7.0.78]]>
    </line>
    <line>
      <![CDATA[uiport: 4444]]>
    </line>
    <line>
      <![CDATA[Test parameteres: ]]>
    </line>
    <line>
      <![CDATA[userName: admin]]>
    </line>
    <line>
      <![CDATA[userPass: 1234]]>
    </line>
    <line>
      <![CDATA[login_ip: 10.7.0.78]]>
    </line>
    <line>
      <![CDATA[uiport: 4444]]>
    </line>
    <line>
      <![CDATA[Test parameteres: ]]>
    </line>
    <line>
      <![CDATA[userName: admin]]>
    </line>
    <line>
      <![CDATA[userPass: 1234]]>
    </line>
    <line>
      <![CDATA[login_ip: 10.7.0.78]]>
    </line>
    <line>
      <![CDATA[uiport: 4444]]>
    </line>
    <line>
      <![CDATA[Test parameteres: ]]>
    </line>
    <line>
      <![CDATA[userName: admin]]>
    </line>
    <line>
      <![CDATA[userPass: 1234]]>
    </line>
    <line>
      <![CDATA[login_ip: 10.7.0.78]]>
    </line>
    <line>
      <![CDATA[uiport: 4444]]>
    </line>
    <line>
      <![CDATA[Test parameteres: ]]>
    </line>
    <line>
      <![CDATA[userName: admin]]>
    </line>
    <line>
      <![CDATA[userPass: 1234]]>
    </line>
    <line>
      <![CDATA[login_ip: 10.7.0.78]]>
    </line>
    <line>
      <![CDATA[uiport: 4444]]>
    </line>
    <line>
      <![CDATA[Test parameteres: ]]>
    </line>
    <line>
      <![CDATA[userName: admin]]>
    </line>
    <line>
      <![CDATA[userPass: 1234]]>
    </line>
    <line>
      <![CDATA[login_ip: 10.7.0.78]]>
    </line>
    <line>
      <![CDATA[uiport: 4444]]>
    </line>
    <line>
      <![CDATA[Test parameteres: ]]>
    </line>
    <line>
      <![CDATA[userName: admin]]>
    </line>
    <line>
      <![CDATA[userPass: 1234]]>
    </line>
    <line>
      <![CDATA[login_ip: 10.7.0.78]]>
    </line>
    <line>
      <![CDATA[uiport: 4444]]>
    </line>
    <line>
      <![CDATA[Test parameteres: ]]>
    </line>
    <line>
      <![CDATA[userName: admin]]>
    </line>
    <line>
      <![CDATA[userPass: 1234]]>
    </line>
    <line>
      <![CDATA[login_ip: 10.7.0.78]]>
    </line>
    <line>
      <![CDATA[uiport: 4444]]>
    </line>
    <line>
      <![CDATA[Test parameteres: ]]>
    </line>
    <line>
      <![CDATA[userName: admin]]>
    </line>
    <line>
      <![CDATA[userPass: 1234]]>
    </line>
    <line>
      <![CDATA[login_ip: 10.7.0.78]]>
    </line>
    <line>
      <![CDATA[uiport: 4444]]>
    </line>
    <line>
      <![CDATA[Test parameteres: ]]>
    </line>
    <line>
      <![CDATA[userName: admin]]>
    </line>
    <line>
      <![CDATA[userPass: 1234]]>
    </line>
    <line>
      <![CDATA[login_ip: 10.7.0.78]]>
    </line>
    <line>
      <![CDATA[uiport: 4444]]>
    </line>
    <line>
      <![CDATA[Test parameteres: ]]>
    </line>
    <line>
      <![CDATA[userName: admin]]>
    </line>
    <line>
      <![CDATA[userPass: 1234]]>
    </line>
    <line>
      <![CDATA[login_ip: 10.7.0.78]]>
    </line>
    <line>
      <![CDATA[uiport: 4444]]>
    </line>
    <line>
      <![CDATA[Test parameteres: ]]>
    </line>
    <line>
      <![CDATA[userName: admin]]>
    </line>
    <line>
      <![CDATA[userPass: 1234]]>
    </line>
    <line>
      <![CDATA[login_ip: 10.7.0.78]]>
    </line>
    <line>
      <![CDATA[uiport: 4444]]>
    </line>
    <line>
      <![CDATA[Test parameteres: ]]>
    </line>
    <line>
      <![CDATA[userName: admin]]>
    </line>
    <line>
      <![CDATA[userPass: 1234]]>
    </line>
    <line>
      <![CDATA[login_ip: 10.7.0.78]]>
    </line>
    <line>
      <![CDATA[uiport: 4444]]>
    </line>
    <line>
      <![CDATA[Test parameteres: ]]>
    </line>
    <line>
      <![CDATA[userName: admin]]>
    </line>
    <line>
      <![CDATA[userPass: 1234]]>
    </line>
    <line>
      <![CDATA[login_ip: 10.7.0.78]]>
    </line>
    <line>
      <![CDATA[uiport: 4444]]>
    </line>
    <line>
      <![CDATA[Test parameteres: ]]>
    </line>
    <line>
      <![CDATA[userName: admin]]>
    </line>
    <line>
      <![CDATA[userPass: 1234]]>
    </line>
    <line>
      <![CDATA[login_ip: 10.7.0.78]]>
    </line>
    <line>
      <![CDATA[uiport: 4444]]>
    </line>
    <line>
      <![CDATA[Test parameteres: ]]>
    </line>
    <line>
      <![CDATA[userName: admin]]>
    </line>
    <line>
      <![CDATA[userPass: 1234]]>
    </line>
    <line>
      <![CDATA[login_ip: 10.7.0.78]]>
    </line>
    <line>
      <![CDATA[uiport: 4444]]>
    </line>
    <line>
      <![CDATA[Test parameteres: ]]>
    </line>
    <line>
      <![CDATA[userName: admin]]>
    </line>
    <line>
      <![CDATA[userPass: 1234]]>
    </line>
    <line>
      <![CDATA[login_ip: 10.7.0.78]]>
    </line>
    <line>
      <![CDATA[uiport: 4444]]>
    </line>
    <line>
      <![CDATA[Test parameteres: ]]>
    </line>
    <line>
      <![CDATA[userName: admin]]>
    </line>
    <line>
      <![CDATA[userPass: 1234]]>
    </line>
    <line>
      <![CDATA[login_ip: 10.7.0.78]]>
    </line>
    <line>
      <![CDATA[uiport: 4444]]>
    </line>
    <line>
      <![CDATA[Test parameteres: ]]>
    </line>
    <line>
      <![CDATA[userName: admin]]>
    </line>
    <line>
      <![CDATA[userPass: 1234]]>
    </line>
    <line>
      <![CDATA[login_ip: 10.7.0.78]]>
    </line>
    <line>
      <![CDATA[uiport: 4444]]>
    </line>
    <line>
      <![CDATA[Test parameteres: ]]>
    </line>
    <line>
      <![CDATA[userName: admin]]>
    </line>
    <line>
      <![CDATA[userPass: 1234]]>
    </line>
    <line>
      <![CDATA[login_ip: 10.7.0.78]]>
    </line>
    <line>
      <![CDATA[uiport: 4444]]>
    </line>
    <line>
      <![CDATA[Test parameteres: ]]>
    </line>
    <line>
      <![CDATA[userName: admin]]>
    </line>
    <line>
      <![CDATA[userPass: 1234]]>
    </line>
    <line>
      <![CDATA[login_ip: 10.7.0.78]]>
    </line>
    <line>
      <![CDATA[uiport: 4444]]>
    </line>
    <line>
      <![CDATA[Test parameteres: ]]>
    </line>
    <line>
      <![CDATA[userName: admin]]>
    </line>
    <line>
      <![CDATA[userPass: 1234]]>
    </line>
    <line>
      <![CDATA[login_ip: 10.7.0.78]]>
    </line>
    <line>
      <![CDATA[uiport: 4444]]>
    </line>
    <line>
      <![CDATA[Test parameteres: ]]>
    </line>
    <line>
      <![CDATA[userName: admin]]>
    </line>
    <line>
      <![CDATA[userPass: 1234]]>
    </line>
    <line>
      <![CDATA[login_ip: 10.7.0.78]]>
    </line>
    <line>
      <![CDATA[uiport: 4444]]>
    </line>
    <line>
      <![CDATA[Test parameteres: ]]>
    </line>
    <line>
      <![CDATA[userName: admin]]>
    </line>
    <line>
      <![CDATA[userPass: 1234]]>
    </line>
    <line>
      <![CDATA[login_ip: 10.7.0.78]]>
    </line>
    <line>
      <![CDATA[uiport: 4444]]>
    </line>
    <line>
      <![CDATA[Test parameteres: ]]>
    </line>
    <line>
      <![CDATA[userName: admin]]>
    </line>
    <line>
      <![CDATA[userPass: 1234]]>
    </line>
    <line>
      <![CDATA[login_ip: 10.7.0.78]]>
    </line>
    <line>
      <![CDATA[uiport: 4444]]>
    </line>
    <line>
      <![CDATA[Test parameteres: ]]>
    </line>
    <line>
      <![CDATA[userName: admin]]>
    </line>
    <line>
      <![CDATA[userPass: 1234]]>
    </line>
    <line>
      <![CDATA[login_ip: 10.7.0.78]]>
    </line>
    <line>
      <![CDATA[uiport: 4444]]>
    </line>
    <line>
      <![CDATA[Test parameteres: ]]>
    </line>
    <line>
      <![CDATA[userName: admin]]>
    </line>
    <line>
      <![CDATA[userPass: 1234]]>
    </line>
    <line>
      <![CDATA[login_ip: 10.7.0.78]]>
    </line>
    <line>
      <![CDATA[uiport: 4444]]>
    </line>
    <line>
      <![CDATA[Test parameteres: ]]>
    </line>
    <line>
      <![CDATA[userName: admin]]>
    </line>
    <line>
      <![CDATA[userPass: 1234]]>
    </line>
    <line>
      <![CDATA[login_ip: 10.7.0.78]]>
    </line>
    <line>
      <![CDATA[uiport: 4444]]>
    </line>
    <line>
      <![CDATA[Test parameteres: ]]>
    </line>
    <line>
      <![CDATA[userName: admin]]>
    </line>
    <line>
      <![CDATA[userPass: 1234]]>
    </line>
    <line>
      <![CDATA[login_ip: 10.7.0.78]]>
    </line>
    <line>
      <![CDATA[uiport: 4444]]>
    </line>
    <line>
      <![CDATA[Test parameteres: ]]>
    </line>
    <line>
      <![CDATA[userName: admin]]>
    </line>
    <line>
      <![CDATA[userPass: 1234]]>
    </line>
    <line>
      <![CDATA[login_ip: 10.7.0.78]]>
    </line>
    <line>
      <![CDATA[uiport: 4444]]>
    </line>
    <line>
      <![CDATA[Test parameteres: ]]>
    </line>
    <line>
      <![CDATA[userName: admin]]>
    </line>
    <line>
      <![CDATA[userPass: 1234]]>
    </line>
    <line>
      <![CDATA[login_ip: 10.7.0.78]]>
    </line>
    <line>
      <![CDATA[uiport: 4444]]>
    </line>
    <line>
      <![CDATA[Test parameteres: ]]>
    </line>
    <line>
      <![CDATA[userName: admin]]>
    </line>
    <line>
      <![CDATA[userPass: 1234]]>
    </line>
    <line>
      <![CDATA[login_ip: 10.7.0.78]]>
    </line>
    <line>
      <![CDATA[uiport: 4444]]>
    </line>
    <line>
      <![CDATA[Test parameteres: ]]>
    </line>
    <line>
      <![CDATA[userName: admin]]>
    </line>
    <line>
      <![CDATA[userPass: 1234]]>
    </line>
    <line>
      <![CDATA[login_ip: 10.7.0.78]]>
    </line>
    <line>
      <![CDATA[uiport: 4444]]>
    </line>
    <line>
      <![CDATA[Test parameteres: ]]>
    </line>
    <line>
      <![CDATA[userName: admin]]>
    </line>
    <line>
      <![CDATA[userPass: 1234]]>
    </line>
    <line>
      <![CDATA[login_ip: 10.7.0.78]]>
    </line>
    <line>
      <![CDATA[uiport: 4444]]>
    </line>
    <line>
      <![CDATA[Test parameteres: ]]>
    </line>
    <line>
      <![CDATA[userName: admin]]>
    </line>
    <line>
      <![CDATA[userPass: 1234]]>
    </line>
    <line>
      <![CDATA[login_ip: 10.7.0.78]]>
    </line>
    <line>
      <![CDATA[uiport: 4444]]>
    </line>
    <line>
      <![CDATA[Test parameteres: ]]>
    </line>
    <line>
      <![CDATA[userName: admin]]>
    </line>
    <line>
      <![CDATA[userPass: 1234]]>
    </line>
    <line>
      <![CDATA[login_ip: 10.7.0.78]]>
    </line>
    <line>
      <![CDATA[uiport: 4444]]>
    </line>
    <line>
      <![CDATA[Test parameteres: ]]>
    </line>
    <line>
      <![CDATA[userName: admin]]>
    </line>
    <line>
      <![CDATA[userPass: 1234]]>
    </line>
    <line>
      <![CDATA[login_ip: 10.7.0.78]]>
    </line>
    <line>
      <![CDATA[uiport: 4444]]>
    </line>
    <line>
      <![CDATA[Test parameteres: ]]>
    </line>
    <line>
      <![CDATA[userName: admin]]>
    </line>
    <line>
      <![CDATA[userPass: 1234]]>
    </line>
    <line>
      <![CDATA[login_ip: 10.7.0.78]]>
    </line>
    <line>
      <![CDATA[uiport: 4444]]>
    </line>
    <line>
      <![CDATA[Test parameteres: ]]>
    </line>
    <line>
      <![CDATA[userName: admin]]>
    </line>
    <line>
      <![CDATA[userPass: 1234]]>
    </line>
    <line>
      <![CDATA[login_ip: 10.7.0.78]]>
    </line>
    <line>
      <![CDATA[uiport: 4444]]>
    </line>
    <line>
      <![CDATA[Test parameteres: ]]>
    </line>
    <line>
      <![CDATA[userName: admin]]>
    </line>
    <line>
      <![CDATA[userPass: 1234]]>
    </line>
    <line>
      <![CDATA[login_ip: 10.7.0.78]]>
    </line>
    <line>
      <![CDATA[uiport: 4444]]>
    </line>
    <line>
      <![CDATA[Test parameteres: ]]>
    </line>
    <line>
      <![CDATA[userName: admin]]>
    </line>
    <line>
      <![CDATA[userPass: 1234]]>
    </line>
    <line>
      <![CDATA[login_ip: 10.7.0.78]]>
    </line>
    <line>
      <![CDATA[uiport: 4444]]>
    </line>
    <line>
      <![CDATA[Test parameteres: ]]>
    </line>
    <line>
      <![CDATA[userName: admin]]>
    </line>
    <line>
      <![CDATA[userPass: 1234]]>
    </line>
    <line>
      <![CDATA[login_ip: 10.7.0.78]]>
    </line>
    <line>
      <![CDATA[uiport: 4444]]>
    </line>
    <line>
      <![CDATA[Test parameteres: ]]>
    </line>
    <line>
      <![CDATA[userName: admin]]>
    </line>
    <line>
      <![CDATA[userPass: 1234]]>
    </line>
    <line>
      <![CDATA[login_ip: 10.7.0.78]]>
    </line>
    <line>
      <![CDATA[uiport: 4444]]>
    </line>
    <line>
      <![CDATA[Test parameteres: ]]>
    </line>
    <line>
      <![CDATA[userName: admin]]>
    </line>
    <line>
      <![CDATA[userPass: 1234]]>
    </line>
    <line>
      <![CDATA[login_ip: 10.7.0.78]]>
    </line>
    <line>
      <![CDATA[uiport: 4444]]>
    </line>
    <line>
      <![CDATA[Test parameteres: ]]>
    </line>
    <line>
      <![CDATA[userName: admin]]>
    </line>
    <line>
      <![CDATA[userPass: 1234]]>
    </line>
    <line>
      <![CDATA[login_ip: 10.7.0.78]]>
    </line>
    <line>
      <![CDATA[uiport: 4444]]>
    </line>
    <line>
      <![CDATA[Test parameteres: ]]>
    </line>
    <line>
      <![CDATA[userName: admin]]>
    </line>
    <line>
      <![CDATA[userPass: 1234]]>
    </line>
    <line>
      <![CDATA[login_ip: 10.7.0.78]]>
    </line>
    <line>
      <![CDATA[uiport: 4444]]>
    </line>
    <line>
      <![CDATA[Test parameteres: ]]>
    </line>
    <line>
      <![CDATA[userName: admin]]>
    </line>
    <line>
      <![CDATA[userPass: 1234]]>
    </line>
    <line>
      <![CDATA[login_ip: 10.7.0.78]]>
    </line>
    <line>
      <![CDATA[uiport: 4444]]>
    </line>
    <line>
      <![CDATA[Test parameteres: ]]>
    </line>
    <line>
      <![CDATA[userName: admin]]>
    </line>
    <line>
      <![CDATA[userPass: 1234]]>
    </line>
    <line>
      <![CDATA[login_ip: 10.7.0.78]]>
    </line>
    <line>
      <![CDATA[uiport: 4444]]>
    </line>
    <line>
      <![CDATA[Test parameteres: ]]>
    </line>
    <line>
      <![CDATA[userName: admin]]>
    </line>
    <line>
      <![CDATA[userPass: 1234]]>
    </line>
    <line>
      <![CDATA[login_ip: 10.7.0.78]]>
    </line>
    <line>
      <![CDATA[uiport: 4444]]>
    </line>
    <line>
      <![CDATA[Test parameteres: ]]>
    </line>
    <line>
      <![CDATA[userName: admin]]>
    </line>
    <line>
      <![CDATA[userPass: 1234]]>
    </line>
    <line>
      <![CDATA[login_ip: 10.7.0.78]]>
    </line>
    <line>
      <![CDATA[uiport: 4444]]>
    </line>
    <line>
      <![CDATA[Test parameteres: ]]>
    </line>
    <line>
      <![CDATA[userName: admin]]>
    </line>
    <line>
      <![CDATA[userPass: 1234]]>
    </line>
    <line>
      <![CDATA[login_ip: 10.7.0.78]]>
    </line>
    <line>
      <![CDATA[uiport: 4444]]>
    </line>
    <line>
      <![CDATA[Test parameteres: ]]>
    </line>
    <line>
      <![CDATA[userName: admin]]>
    </line>
    <line>
      <![CDATA[userPass: 1234]]>
    </line>
    <line>
      <![CDATA[login_ip: 10.7.0.78]]>
    </line>
    <line>
      <![CDATA[uiport: 4444]]>
    </line>
    <line>
      <![CDATA[Test parameteres: ]]>
    </line>
    <line>
      <![CDATA[userName: admin]]>
    </line>
    <line>
      <![CDATA[userPass: 1234]]>
    </line>
    <line>
      <![CDATA[login_ip: 10.7.0.78]]>
    </line>
    <line>
      <![CDATA[uiport: 4444]]>
    </line>
    <line>
      <![CDATA[Test parameteres: ]]>
    </line>
    <line>
      <![CDATA[userName: admin]]>
    </line>
    <line>
      <![CDATA[userPass: 1234]]>
    </line>
    <line>
      <![CDATA[login_ip: 10.7.0.78]]>
    </line>
    <line>
      <![CDATA[uiport: 4444]]>
    </line>
    <line>
      <![CDATA[Test parameteres: ]]>
    </line>
    <line>
      <![CDATA[userName: admin]]>
    </line>
    <line>
      <![CDATA[userPass: 1234]]>
    </line>
    <line>
      <![CDATA[login_ip: 10.7.0.78]]>
    </line>
    <line>
      <![CDATA[uiport: 4444]]>
    </line>
    <line>
      <![CDATA[Test parameteres: ]]>
    </line>
    <line>
      <![CDATA[userName: admin]]>
    </line>
    <line>
      <![CDATA[userPass: 1234]]>
    </line>
    <line>
      <![CDATA[login_ip: 10.7.0.78]]>
    </line>
    <line>
      <![CDATA[uiport: 4444]]>
    </line>
    <line>
      <![CDATA[Test parameteres: ]]>
    </line>
    <line>
      <![CDATA[userName: admin]]>
    </line>
    <line>
      <![CDATA[userPass: 1234]]>
    </line>
    <line>
      <![CDATA[login_ip: 10.7.0.78]]>
    </line>
    <line>
      <![CDATA[uiport: 4444]]>
    </line>
    <line>
      <![CDATA[Test parameteres: ]]>
    </line>
    <line>
      <![CDATA[userName: admin]]>
    </line>
    <line>
      <![CDATA[userPass: 1234]]>
    </line>
    <line>
      <![CDATA[login_ip: 10.7.0.78]]>
    </line>
    <line>
      <![CDATA[uiport: 4444]]>
    </line>
    <line>
      <![CDATA[Test parameteres: ]]>
    </line>
    <line>
      <![CDATA[userName: admin]]>
    </line>
    <line>
      <![CDATA[userPass: 1234]]>
    </line>
    <line>
      <![CDATA[login_ip: 10.7.0.78]]>
    </line>
    <line>
      <![CDATA[uiport: 4444]]>
    </line>
    <line>
      <![CDATA[Test parameteres: ]]>
    </line>
    <line>
      <![CDATA[login_ip: 10.7.0.78]]>
    </line>
    <line>
      <![CDATA[userName: admin]]>
    </line>
    <line>
      <![CDATA[userPassword: 1234]]>
    </line>
    <line>
      <![CDATA[name: 480p_trans1]]>
    </line>
    <line>
      <![CDATA[uiport: 4444]]>
    </line>
    <line>
      <![CDATA[Test parameteres: ]]>
    </line>
    <line>
      <![CDATA[login_ip: 10.7.0.78]]>
    </line>
    <line>
      <![CDATA[userName: admin]]>
    </line>
    <line>
      <![CDATA[userPassword: 1234]]>
    </line>
    <line>
      <![CDATA[streamId: transcoder]]>
    </line>
    <line>
      <![CDATA[uiport: 4444]]>
    </line>
    <line>
      <![CDATA[Stream transcoder removed.]]>
    </line>
    <line>
      <![CDATA[Test parameteres: ]]>
    </line>
    <line>
      <![CDATA[userName: admin]]>
    </line>
    <line>
      <![CDATA[userPass: 1234]]>
    </line>
    <line>
      <![CDATA[Host: 10.7.0.64]]>
    </line>
    <line>
      <![CDATA[loin_ip: 10.7.0.78]]>
    </line>
    <line>
      <![CDATA[id: transcoder]]>
    </line>
    <line>
      <![CDATA[source: h.264]]>
    </line>
    <line>
      <![CDATA[uiport: 4444]]>
    </line>
    <line>
      <![CDATA[pull_port: -- not provided ]]>
    </line>
    <line>
      <![CDATA[latency: 6000]]>
    </line>
    <line>
      <![CDATA[fec_latency: 300]]>
    </line>
    <line>
      <![CDATA[fec_overhead: 30]]>
    </line>
    <line>
      <![CDATA[mcast_force: 0]]>
    </line>
    <line>
      <![CDATA[time_shift: 0]]>
    </line>
    <line>
      <![CDATA[nic: -- not provided ]]>
    </line>
    <line>
      <![CDATA[max_outputs: -1]]>
    </line>
    <line>
      <![CDATA[type: pull]]>
    </line>
    <line>
      <![CDATA[password: -- not provided ]]>
    </line>
    <line>
      <![CDATA[mcast_port: -- not provided ]]>
    </line>
    <line>
      <![CDATA[complete: -- not provided ]]>
    </line>
    <line>
      <![CDATA[mcast_ip: -- not provided ]]>
    </line>
    <line>
      <![CDATA[fec_adaptive: 1]]>
    </line>
    <line>
      <![CDATA[mcast_ttl: -- not provided ]]>
    </line>
    <line>
      <![CDATA[on: 1]]>
    </line>
    <line>
      <![CDATA[func: load_live_inputs]]>
    </line>
    <line>
      <![CDATA[fec_force: -- not provided ]]>
    </line>
    <line>
      <![CDATA[mcast_out: -- not provided ]]>
    </line>
    <line>
      <![CDATA[propertiesFile: stream.properties]]>
    </line>
    <line>
      <![CDATA[Test parameteres: ]]>
    </line>
    <line>
      <![CDATA[userName: admin]]>
    </line>
    <line>
      <![CDATA[userPass: 1234]]>
    </line>
    <line>
      <![CDATA[login_ip: 10.7.0.78]]>
    </line>
    <line>
      <![CDATA[uiport: 4444]]>
    </line>
    <line>
      <![CDATA[profile_name: 480p]]>
    </line>
    <line>
      <![CDATA[enc: 1]]>
    </line>
    <line>
      <![CDATA[bitrate: 1500000]]>
    </line>
    <line>
      <![CDATA[gop: 30]]>
    </line>
    <line>
      <![CDATA[fixed_gop: 1]]>
    </line>
    <line>
      <![CDATA[closed_gop: 1]]>
    </line>
    <line>
      <![CDATA[copy_gop: 0]]>
    </line>
    <line>
      <![CDATA[performance: 4]]>
    </line>
    <line>
      <![CDATA[b_frames: 3]]>
    </line>
    <line>
      <![CDATA[frame_type: 1]]>
    </line>
    <line>
      <![CDATA[profile: 1]]>
    </line>
    <line>
      <![CDATA[level: 100]]>
    </line>
    <line>
      <![CDATA[bitrate_mode: 1]]>
    </line>
    <line>
      <![CDATA[ref_frames: 2]]>
    </line>
    <line>
      <![CDATA[hrd: 2]]>
    </line>
    <line>
      <![CDATA[idr_int: 1]]>
    </line>
    <line>
      <![CDATA[cavlc: 0]]>
    </line>
    <line>
      <![CDATA[brightness: 0]]>
    </line>
    <line>
      <![CDATA[contrast: 1]]>
    </line>
    <line>
      <![CDATA[fps: 0]]>
    </line>
    <line>
      <![CDATA[width: 720]]>
    </line>
    <line>
      <![CDATA[height: 480]]>
    </line>
    <line>
      <![CDATA[max_bitrate: 2500000]]>
    </line>
    <line>
      <![CDATA[Test parameteres: ]]>
    </line>
    <line>
      <![CDATA[userName: admin]]>
    </line>
    <line>
      <![CDATA[userPass: 1234]]>
    </line>
    <line>
      <![CDATA[host: 10.7.0.64]]>
    </line>
    <line>
      <![CDATA[loin_ip: 10.7.0.78]]>
    </line>
    <line>
      <![CDATA[uiport: 4444]]>
    </line>
    <line>
      <![CDATA[id: transcoder]]>
    </line>
    <line>
      <![CDATA[testduration: 5]]>
    </line>
    <line>
      <![CDATA[Max bitrate is 9694849]]>
    </line>
    <line>
      <![CDATA[Min bitrete is 9506901]]>
    </line>
    <line>
      <![CDATA[Average bitrate is 9596732]]>
    </line>
    <line>
      <![CDATA[Test parameteres: ]]>
    </line>
    <line>
      <![CDATA[userName: admin]]>
    </line>
    <line>
      <![CDATA[userPass: 1234]]>
    </line>
    <line>
      <![CDATA[login_ip: 10.7.0.78]]>
    </line>
    <line>
      <![CDATA[uiport: 4444]]>
    </line>
    <line>
      <![CDATA[type: Transcoded]]>
    </line>
    <line>
      <![CDATA[id: 480p_trans2]]>
    </line>
    <line>
      <![CDATA[matrix: 1]]>
    </line>
    <line>
      <![CDATA[max_outputs: -1]]>
    </line>
    <line>
      <![CDATA[mcast_out: 0]]>
    </line>
    <line>
      <![CDATA[time_shift: 0]]>
    </line>
    <line>
      <![CDATA[old: 0]]>
    </line>
    <line>
      <![CDATA[fast_connect: 0]]>
    </line>
    <line>
      <![CDATA[kompression: 1]]>
    </line>
    <line>
      <![CDATA[enc_type: -- not provided ]]>
    </line>
    <line>
      <![CDATA[enc_key: -- not provided ]]>
    </line>
    <line>
      <![CDATA[rec_history: 0]]>
    </line>
    <line>
      <![CDATA[rec_duration: 7200]]>
    </line>
    <line>
      <![CDATA[src: transcoder]]>
    </line>
    <line>
      <![CDATA[ap: -1]]>
    </line>
    <line>
      <![CDATA[ll: 0]]>
    </line>
    <line>
      <![CDATA[all_pids: 1]]>
    </line>
    <line>
      <![CDATA[bit: 0]]>
    </line>
    <line>
      <![CDATA[profile_name: 480p]]>
    </line>
    <line>
      <![CDATA[mode: h.264]]>
    </line>
    <line>
      <![CDATA[Test parameteres: ]]>
    </line>
    <line>
      <![CDATA[userName: admin]]>
    </line>
    <line>
      <![CDATA[userPass: 1234]]>
    </line>
    <line>
      <![CDATA[loin_ip: 10.7.0.78]]>
    </line>
    <line>
      <![CDATA[port: 5555]]>
    </line>
    <line>
      <![CDATA[stream: 480p_trans2]]>
    </line>
    <line>
      <![CDATA[streamname: 480p_trans2]]>
    </line>
    <line>
      <![CDATA[host: 10.7.0.150]]>
    </line>
    <line>
      <![CDATA[id: 480p_trans2]]>
    </line>
    <line>
      <![CDATA[rtp: 0]]>
    </line>
    <line>
      <![CDATA[fec: 0]]>
    </line>
    <line>
      <![CDATA[smoothing: 0]]>
    </line>
    <line>
      <![CDATA[ttl: 5]]>
    </line>
    <line>
      <![CDATA[remux_bitrate: 0]]>
    </line>
    <line>
      <![CDATA[df: 0]]>
    </line>
    <line>
      <![CDATA[local_port: -- not provided ]]>
    </line>
    <line>
      <![CDATA[dec_key: -- not provided ]]>
    </line>
    <line>
      <![CDATA[type: TS]]>
    </line>
    <line>
      <![CDATA[rows: 10]]>
    </line>
    <line>
      <![CDATA[remux_buff: 1000]]>
    </line>
    <line>
      <![CDATA[local_ip: 0.0.0.0]]>
    </line>
    <line>
      <![CDATA[remux_restampdts: 0]]>
    </line>
    <line>
      <![CDATA[uiport: 4444]]>
    </line>
    <line>
      <![CDATA[remux_pcr: 90]]>
    </line>
    <line>
      <![CDATA[dec_type: -- not provided ]]>
    </line>
    <line>
      <![CDATA[cols: 10]]>
    </line>
    <line>
      <![CDATA[FFMPEG success measurement relation: 0 / 0]]>
    </line>
    <line>
      <![CDATA[Test parameteres: ]]>
    </line>
    <line>
      <![CDATA[userName: admin]]>
    </line>
    <line>
      <![CDATA[userPass: 1234]]>
    </line>
    <line>
      <![CDATA[login_ip: 10.7.0.78]]>
    </line>
    <line>
      <![CDATA[uiport: 4444]]>
    </line>
    <line>
      <![CDATA[Test parameteres: ]]>
    </line>
    <line>
      <![CDATA[userName: admin]]>
    </line>
    <line>
      <![CDATA[userPass: 1234]]>
    </line>
    <line>
      <![CDATA[login_ip: 10.7.0.78]]>
    </line>
    <line>
      <![CDATA[uiport: 4444]]>
    </line>
    <line>
      <![CDATA[Test parameteres: ]]>
    </line>
    <line>
      <![CDATA[userName: admin]]>
    </line>
    <line>
      <![CDATA[userPass: 1234]]>
    </line>
    <line>
      <![CDATA[login_ip: 10.7.0.78]]>
    </line>
    <line>
      <![CDATA[uiport: 4444]]>
    </line>
    <line>
      <![CDATA[Test parameteres: ]]>
    </line>
    <line>
      <![CDATA[userName: admin]]>
    </line>
    <line>
      <![CDATA[userPass: 1234]]>
    </line>
    <line>
      <![CDATA[login_ip: 10.7.0.78]]>
    </line>
    <line>
      <![CDATA[uiport: 4444]]>
    </line>
    <line>
      <![CDATA[Test parameteres: ]]>
    </line>
    <line>
      <![CDATA[userName: admin]]>
    </line>
    <line>
      <![CDATA[userPass: 1234]]>
    </line>
    <line>
      <![CDATA[login_ip: 10.7.0.78]]>
    </line>
    <line>
      <![CDATA[uiport: 4444]]>
    </line>
    <line>
      <![CDATA[Test parameteres: ]]>
    </line>
    <line>
      <![CDATA[userName: admin]]>
    </line>
    <line>
      <![CDATA[userPass: 1234]]>
    </line>
    <line>
      <![CDATA[login_ip: 10.7.0.78]]>
    </line>
    <line>
      <![CDATA[uiport: 4444]]>
    </line>
    <line>
      <![CDATA[Test parameteres: ]]>
    </line>
    <line>
      <![CDATA[userName: admin]]>
    </line>
    <line>
      <![CDATA[userPass: 1234]]>
    </line>
    <line>
      <![CDATA[login_ip: 10.7.0.78]]>
    </line>
    <line>
      <![CDATA[uiport: 4444]]>
    </line>
    <line>
      <![CDATA[Test parameteres: ]]>
    </line>
    <line>
      <![CDATA[userName: admin]]>
    </line>
    <line>
      <![CDATA[userPass: 1234]]>
    </line>
    <line>
      <![CDATA[login_ip: 10.7.0.78]]>
    </line>
    <line>
      <![CDATA[uiport: 4444]]>
    </line>
    <line>
      <![CDATA[Test parameteres: ]]>
    </line>
    <line>
      <![CDATA[userName: admin]]>
    </line>
    <line>
      <![CDATA[userPass: 1234]]>
    </line>
    <line>
      <![CDATA[login_ip: 10.7.0.78]]>
    </line>
    <line>
      <![CDATA[uiport: 4444]]>
    </line>
    <line>
      <![CDATA[Test parameteres: ]]>
    </line>
    <line>
      <![CDATA[userName: admin]]>
    </line>
    <line>
      <![CDATA[userPass: 1234]]>
    </line>
    <line>
      <![CDATA[login_ip: 10.7.0.78]]>
    </line>
    <line>
      <![CDATA[uiport: 4444]]>
    </line>
    <line>
      <![CDATA[Test parameteres: ]]>
    </line>
    <line>
      <![CDATA[userName: admin]]>
    </line>
    <line>
      <![CDATA[userPass: 1234]]>
    </line>
    <line>
      <![CDATA[login_ip: 10.7.0.78]]>
    </line>
    <line>
      <![CDATA[uiport: 4444]]>
    </line>
    <line>
      <![CDATA[Test parameteres: ]]>
    </line>
    <line>
      <![CDATA[userName: admin]]>
    </line>
    <line>
      <![CDATA[userPass: 1234]]>
    </line>
    <line>
      <![CDATA[login_ip: 10.7.0.78]]>
    </line>
    <line>
      <![CDATA[uiport: 4444]]>
    </line>
    <line>
      <![CDATA[Test parameteres: ]]>
    </line>
    <line>
      <![CDATA[userName: admin]]>
    </line>
    <line>
      <![CDATA[userPass: 1234]]>
    </line>
    <line>
      <![CDATA[login_ip: 10.7.0.78]]>
    </line>
    <line>
      <![CDATA[uiport: 4444]]>
    </line>
    <line>
      <![CDATA[Test parameteres: ]]>
    </line>
    <line>
      <![CDATA[userName: admin]]>
    </line>
    <line>
      <![CDATA[userPass: 1234]]>
    </line>
    <line>
      <![CDATA[login_ip: 10.7.0.78]]>
    </line>
    <line>
      <![CDATA[uiport: 4444]]>
    </line>
    <line>
      <![CDATA[Test parameteres: ]]>
    </line>
    <line>
      <![CDATA[userName: admin]]>
    </line>
    <line>
      <![CDATA[userPass: 1234]]>
    </line>
    <line>
      <![CDATA[login_ip: 10.7.0.78]]>
    </line>
    <line>
      <![CDATA[uiport: 4444]]>
    </line>
    <line>
      <![CDATA[Test parameteres: ]]>
    </line>
    <line>
      <![CDATA[userName: admin]]>
    </line>
    <line>
      <![CDATA[userPass: 1234]]>
    </line>
    <line>
      <![CDATA[login_ip: 10.7.0.78]]>
    </line>
    <line>
      <![CDATA[uiport: 4444]]>
    </line>
    <line>
      <![CDATA[Test parameteres: ]]>
    </line>
    <line>
      <![CDATA[userName: admin]]>
    </line>
    <line>
      <![CDATA[userPass: 1234]]>
    </line>
    <line>
      <![CDATA[login_ip: 10.7.0.78]]>
    </line>
    <line>
      <![CDATA[uiport: 4444]]>
    </line>
    <line>
      <![CDATA[Test parameteres: ]]>
    </line>
    <line>
      <![CDATA[userName: admin]]>
    </line>
    <line>
      <![CDATA[userPass: 1234]]>
    </line>
    <line>
      <![CDATA[login_ip: 10.7.0.78]]>
    </line>
    <line>
      <![CDATA[uiport: 4444]]>
    </line>
    <line>
      <![CDATA[Test parameteres: ]]>
    </line>
    <line>
      <![CDATA[userName: admin]]>
    </line>
    <line>
      <![CDATA[userPass: 1234]]>
    </line>
    <line>
      <![CDATA[login_ip: 10.7.0.78]]>
    </line>
    <line>
      <![CDATA[uiport: 4444]]>
    </line>
    <line>
      <![CDATA[Test parameteres: ]]>
    </line>
    <line>
      <![CDATA[userName: admin]]>
    </line>
    <line>
      <![CDATA[userPass: 1234]]>
    </line>
    <line>
      <![CDATA[login_ip: 10.7.0.78]]>
    </line>
    <line>
      <![CDATA[uiport: 4444]]>
    </line>
    <line>
      <![CDATA[Test parameteres: ]]>
    </line>
    <line>
      <![CDATA[userName: admin]]>
    </line>
    <line>
      <![CDATA[userPass: 1234]]>
    </line>
    <line>
      <![CDATA[login_ip: 10.7.0.78]]>
    </line>
    <line>
      <![CDATA[uiport: 4444]]>
    </line>
    <line>
      <![CDATA[Test parameteres: ]]>
    </line>
    <line>
      <![CDATA[userName: admin]]>
    </line>
    <line>
      <![CDATA[userPass: 1234]]>
    </line>
    <line>
      <![CDATA[login_ip: 10.7.0.78]]>
    </line>
    <line>
      <![CDATA[uiport: 4444]]>
    </line>
    <line>
      <![CDATA[Test parameteres: ]]>
    </line>
    <line>
      <![CDATA[userName: admin]]>
    </line>
    <line>
      <![CDATA[userPass: 1234]]>
    </line>
    <line>
      <![CDATA[login_ip: 10.7.0.78]]>
    </line>
    <line>
      <![CDATA[uiport: 4444]]>
    </line>
    <line>
      <![CDATA[Test parameteres: ]]>
    </line>
    <line>
      <![CDATA[userName: admin]]>
    </line>
    <line>
      <![CDATA[userPass: 1234]]>
    </line>
    <line>
      <![CDATA[login_ip: 10.7.0.78]]>
    </line>
    <line>
      <![CDATA[uiport: 4444]]>
    </line>
    <line>
      <![CDATA[Test parameteres: ]]>
    </line>
    <line>
      <![CDATA[userName: admin]]>
    </line>
    <line>
      <![CDATA[userPass: 1234]]>
    </line>
    <line>
      <![CDATA[login_ip: 10.7.0.78]]>
    </line>
    <line>
      <![CDATA[uiport: 4444]]>
    </line>
    <line>
      <![CDATA[Test parameteres: ]]>
    </line>
    <line>
      <![CDATA[userName: admin]]>
    </line>
    <line>
      <![CDATA[userPass: 1234]]>
    </line>
    <line>
      <![CDATA[login_ip: 10.7.0.78]]>
    </line>
    <line>
      <![CDATA[uiport: 4444]]>
    </line>
    <line>
      <![CDATA[Test parameteres: ]]>
    </line>
    <line>
      <![CDATA[userName: admin]]>
    </line>
    <line>
      <![CDATA[userPass: 1234]]>
    </line>
    <line>
      <![CDATA[login_ip: 10.7.0.78]]>
    </line>
    <line>
      <![CDATA[uiport: 4444]]>
    </line>
    <line>
      <![CDATA[Test parameteres: ]]>
    </line>
    <line>
      <![CDATA[userName: admin]]>
    </line>
    <line>
      <![CDATA[userPass: 1234]]>
    </line>
    <line>
      <![CDATA[login_ip: 10.7.0.78]]>
    </line>
    <line>
      <![CDATA[uiport: 4444]]>
    </line>
    <line>
      <![CDATA[Test parameteres: ]]>
    </line>
    <line>
      <![CDATA[userName: admin]]>
    </line>
    <line>
      <![CDATA[userPass: 1234]]>
    </line>
    <line>
      <![CDATA[login_ip: 10.7.0.78]]>
    </line>
    <line>
      <![CDATA[uiport: 4444]]>
    </line>
    <line>
      <![CDATA[Test parameteres: ]]>
    </line>
    <line>
      <![CDATA[userName: admin]]>
    </line>
    <line>
      <![CDATA[userPass: 1234]]>
    </line>
    <line>
      <![CDATA[login_ip: 10.7.0.78]]>
    </line>
    <line>
      <![CDATA[uiport: 4444]]>
    </line>
    <line>
      <![CDATA[Test parameteres: ]]>
    </line>
    <line>
      <![CDATA[userName: admin]]>
    </line>
    <line>
      <![CDATA[userPass: 1234]]>
    </line>
    <line>
      <![CDATA[login_ip: 10.7.0.78]]>
    </line>
    <line>
      <![CDATA[uiport: 4444]]>
    </line>
    <line>
      <![CDATA[Test parameteres: ]]>
    </line>
    <line>
      <![CDATA[userName: admin]]>
    </line>
    <line>
      <![CDATA[userPass: 1234]]>
    </line>
    <line>
      <![CDATA[login_ip: 10.7.0.78]]>
    </line>
    <line>
      <![CDATA[uiport: 4444]]>
    </line>
    <line>
      <![CDATA[Test parameteres: ]]>
    </line>
    <line>
      <![CDATA[userName: admin]]>
    </line>
    <line>
      <![CDATA[userPass: 1234]]>
    </line>
    <line>
      <![CDATA[login_ip: 10.7.0.78]]>
    </line>
    <line>
      <![CDATA[uiport: 4444]]>
    </line>
    <line>
      <![CDATA[Test parameteres: ]]>
    </line>
    <line>
      <![CDATA[userName: admin]]>
    </line>
    <line>
      <![CDATA[userPass: 1234]]>
    </line>
    <line>
      <![CDATA[login_ip: 10.7.0.78]]>
    </line>
    <line>
      <![CDATA[uiport: 4444]]>
    </line>
    <line>
      <![CDATA[Test parameteres: ]]>
    </line>
    <line>
      <![CDATA[userName: admin]]>
    </line>
    <line>
      <![CDATA[userPass: 1234]]>
    </line>
    <line>
      <![CDATA[login_ip: 10.7.0.78]]>
    </line>
    <line>
      <![CDATA[uiport: 4444]]>
    </line>
    <line>
      <![CDATA[Test parameteres: ]]>
    </line>
    <line>
      <![CDATA[userName: admin]]>
    </line>
    <line>
      <![CDATA[userPass: 1234]]>
    </line>
    <line>
      <![CDATA[login_ip: 10.7.0.78]]>
    </line>
    <line>
      <![CDATA[uiport: 4444]]>
    </line>
    <line>
      <![CDATA[Test parameteres: ]]>
    </line>
    <line>
      <![CDATA[userName: admin]]>
    </line>
    <line>
      <![CDATA[userPass: 1234]]>
    </line>
    <line>
      <![CDATA[login_ip: 10.7.0.78]]>
    </line>
    <line>
      <![CDATA[uiport: 4444]]>
    </line>
    <line>
      <![CDATA[Test parameteres: ]]>
    </line>
    <line>
      <![CDATA[userName: admin]]>
    </line>
    <line>
      <![CDATA[userPass: 1234]]>
    </line>
    <line>
      <![CDATA[login_ip: 10.7.0.78]]>
    </line>
    <line>
      <![CDATA[uiport: 4444]]>
    </line>
    <line>
      <![CDATA[Test parameteres: ]]>
    </line>
    <line>
      <![CDATA[userName: admin]]>
    </line>
    <line>
      <![CDATA[userPass: 1234]]>
    </line>
    <line>
      <![CDATA[login_ip: 10.7.0.78]]>
    </line>
    <line>
      <![CDATA[uiport: 4444]]>
    </line>
    <line>
      <![CDATA[Test parameteres: ]]>
    </line>
    <line>
      <![CDATA[userName: admin]]>
    </line>
    <line>
      <![CDATA[userPass: 1234]]>
    </line>
    <line>
      <![CDATA[login_ip: 10.7.0.78]]>
    </line>
    <line>
      <![CDATA[uiport: 4444]]>
    </line>
    <line>
      <![CDATA[Test parameteres: ]]>
    </line>
    <line>
      <![CDATA[userName: admin]]>
    </line>
    <line>
      <![CDATA[userPass: 1234]]>
    </line>
    <line>
      <![CDATA[login_ip: 10.7.0.78]]>
    </line>
    <line>
      <![CDATA[uiport: 4444]]>
    </line>
    <line>
      <![CDATA[Test parameteres: ]]>
    </line>
    <line>
      <![CDATA[userName: admin]]>
    </line>
    <line>
      <![CDATA[userPass: 1234]]>
    </line>
    <line>
      <![CDATA[login_ip: 10.7.0.78]]>
    </line>
    <line>
      <![CDATA[uiport: 4444]]>
    </line>
    <line>
      <![CDATA[Test parameteres: ]]>
    </line>
    <line>
      <![CDATA[userName: admin]]>
    </line>
    <line>
      <![CDATA[userPass: 1234]]>
    </line>
    <line>
      <![CDATA[login_ip: 10.7.0.78]]>
    </line>
    <line>
      <![CDATA[uiport: 4444]]>
    </line>
    <line>
      <![CDATA[Test parameteres: ]]>
    </line>
    <line>
      <![CDATA[userName: admin]]>
    </line>
    <line>
      <![CDATA[userPass: 1234]]>
    </line>
    <line>
      <![CDATA[login_ip: 10.7.0.78]]>
    </line>
    <line>
      <![CDATA[uiport: 4444]]>
    </line>
    <line>
      <![CDATA[Test parameteres: ]]>
    </line>
    <line>
      <![CDATA[userName: admin]]>
    </line>
    <line>
      <![CDATA[userPass: 1234]]>
    </line>
    <line>
      <![CDATA[login_ip: 10.7.0.78]]>
    </line>
    <line>
      <![CDATA[uiport: 4444]]>
    </line>
    <line>
      <![CDATA[Test parameteres: ]]>
    </line>
    <line>
      <![CDATA[userName: admin]]>
    </line>
    <line>
      <![CDATA[userPass: 1234]]>
    </line>
    <line>
      <![CDATA[login_ip: 10.7.0.78]]>
    </line>
    <line>
      <![CDATA[uiport: 4444]]>
    </line>
    <line>
      <![CDATA[Test parameteres: ]]>
    </line>
    <line>
      <![CDATA[userName: admin]]>
    </line>
    <line>
      <![CDATA[userPass: 1234]]>
    </line>
    <line>
      <![CDATA[login_ip: 10.7.0.78]]>
    </line>
    <line>
      <![CDATA[uiport: 4444]]>
    </line>
    <line>
      <![CDATA[Test parameteres: ]]>
    </line>
    <line>
      <![CDATA[userName: admin]]>
    </line>
    <line>
      <![CDATA[userPass: 1234]]>
    </line>
    <line>
      <![CDATA[login_ip: 10.7.0.78]]>
    </line>
    <line>
      <![CDATA[uiport: 4444]]>
    </line>
    <line>
      <![CDATA[Test parameteres: ]]>
    </line>
    <line>
      <![CDATA[userName: admin]]>
    </line>
    <line>
      <![CDATA[userPass: 1234]]>
    </line>
    <line>
      <![CDATA[login_ip: 10.7.0.78]]>
    </line>
    <line>
      <![CDATA[uiport: 4444]]>
    </line>
    <line>
      <![CDATA[Test parameteres: ]]>
    </line>
    <line>
      <![CDATA[userName: admin]]>
    </line>
    <line>
      <![CDATA[userPass: 1234]]>
    </line>
    <line>
      <![CDATA[login_ip: 10.7.0.78]]>
    </line>
    <line>
      <![CDATA[uiport: 4444]]>
    </line>
    <line>
      <![CDATA[Test parameteres: ]]>
    </line>
    <line>
      <![CDATA[userName: admin]]>
    </line>
    <line>
      <![CDATA[userPass: 1234]]>
    </line>
    <line>
      <![CDATA[login_ip: 10.7.0.78]]>
    </line>
    <line>
      <![CDATA[uiport: 4444]]>
    </line>
    <line>
      <![CDATA[Test parameteres: ]]>
    </line>
    <line>
      <![CDATA[userName: admin]]>
    </line>
    <line>
      <![CDATA[userPass: 1234]]>
    </line>
    <line>
      <![CDATA[login_ip: 10.7.0.78]]>
    </line>
    <line>
      <![CDATA[uiport: 4444]]>
    </line>
    <line>
      <![CDATA[Test parameteres: ]]>
    </line>
    <line>
      <![CDATA[userName: admin]]>
    </line>
    <line>
      <![CDATA[userPass: 1234]]>
    </line>
    <line>
      <![CDATA[login_ip: 10.7.0.78]]>
    </line>
    <line>
      <![CDATA[uiport: 4444]]>
    </line>
    <line>
      <![CDATA[Test parameteres: ]]>
    </line>
    <line>
      <![CDATA[userName: admin]]>
    </line>
    <line>
      <![CDATA[userPass: 1234]]>
    </line>
    <line>
      <![CDATA[login_ip: 10.7.0.78]]>
    </line>
    <line>
      <![CDATA[uiport: 4444]]>
    </line>
    <line>
      <![CDATA[Test parameteres: ]]>
    </line>
    <line>
      <![CDATA[userName: admin]]>
    </line>
    <line>
      <![CDATA[userPass: 1234]]>
    </line>
    <line>
      <![CDATA[login_ip: 10.7.0.78]]>
    </line>
    <line>
      <![CDATA[uiport: 4444]]>
    </line>
    <line>
      <![CDATA[Test parameteres: ]]>
    </line>
    <line>
      <![CDATA[userName: admin]]>
    </line>
    <line>
      <![CDATA[userPass: 1234]]>
    </line>
    <line>
      <![CDATA[login_ip: 10.7.0.78]]>
    </line>
    <line>
      <![CDATA[uiport: 4444]]>
    </line>
    <line>
      <![CDATA[Test parameteres: ]]>
    </line>
    <line>
      <![CDATA[userName: admin]]>
    </line>
    <line>
      <![CDATA[userPass: 1234]]>
    </line>
    <line>
      <![CDATA[login_ip: 10.7.0.78]]>
    </line>
    <line>
      <![CDATA[uiport: 4444]]>
    </line>
    <line>
      <![CDATA[Test parameteres: ]]>
    </line>
    <line>
      <![CDATA[userName: admin]]>
    </line>
    <line>
      <![CDATA[userPass: 1234]]>
    </line>
    <line>
      <![CDATA[login_ip: 10.7.0.78]]>
    </line>
    <line>
      <![CDATA[uiport: 4444]]>
    </line>
    <line>
      <![CDATA[Test parameteres: ]]>
    </line>
    <line>
      <![CDATA[userName: admin]]>
    </line>
    <line>
      <![CDATA[userPass: 1234]]>
    </line>
    <line>
      <![CDATA[login_ip: 10.7.0.78]]>
    </line>
    <line>
      <![CDATA[uiport: 4444]]>
    </line>
    <line>
      <![CDATA[Test parameteres: ]]>
    </line>
    <line>
      <![CDATA[userName: admin]]>
    </line>
    <line>
      <![CDATA[userPass: 1234]]>
    </line>
    <line>
      <![CDATA[login_ip: 10.7.0.78]]>
    </line>
    <line>
      <![CDATA[uiport: 4444]]>
    </line>
    <line>
      <![CDATA[Test parameteres: ]]>
    </line>
    <line>
      <![CDATA[userName: admin]]>
    </line>
    <line>
      <![CDATA[userPass: 1234]]>
    </line>
    <line>
      <![CDATA[login_ip: 10.7.0.78]]>
    </line>
    <line>
      <![CDATA[uiport: 4444]]>
    </line>
    <line>
      <![CDATA[Test parameteres: ]]>
    </line>
    <line>
      <![CDATA[userName: admin]]>
    </line>
    <line>
      <![CDATA[userPass: 1234]]>
    </line>
    <line>
      <![CDATA[login_ip: 10.7.0.78]]>
    </line>
    <line>
      <![CDATA[uiport: 4444]]>
    </line>
    <line>
      <![CDATA[Test parameteres: ]]>
    </line>
    <line>
      <![CDATA[userName: admin]]>
    </line>
    <line>
      <![CDATA[userPass: 1234]]>
    </line>
    <line>
      <![CDATA[login_ip: 10.7.0.78]]>
    </line>
    <line>
      <![CDATA[uiport: 4444]]>
    </line>
    <line>
      <![CDATA[Test parameteres: ]]>
    </line>
    <line>
      <![CDATA[userName: admin]]>
    </line>
    <line>
      <![CDATA[userPass: 1234]]>
    </line>
    <line>
      <![CDATA[login_ip: 10.7.0.78]]>
    </line>
    <line>
      <![CDATA[uiport: 4444]]>
    </line>
    <line>
      <![CDATA[Test parameteres: ]]>
    </line>
    <line>
      <![CDATA[userName: admin]]>
    </line>
    <line>
      <![CDATA[userPass: 1234]]>
    </line>
    <line>
      <![CDATA[login_ip: 10.7.0.78]]>
    </line>
    <line>
      <![CDATA[uiport: 4444]]>
    </line>
    <line>
      <![CDATA[Test parameteres: ]]>
    </line>
    <line>
      <![CDATA[userName: admin]]>
    </line>
    <line>
      <![CDATA[userPass: 1234]]>
    </line>
    <line>
      <![CDATA[login_ip: 10.7.0.78]]>
    </line>
    <line>
      <![CDATA[uiport: 4444]]>
    </line>
    <line>
      <![CDATA[Test parameteres: ]]>
    </line>
    <line>
      <![CDATA[userName: admin]]>
    </line>
    <line>
      <![CDATA[userPass: 1234]]>
    </line>
    <line>
      <![CDATA[login_ip: 10.7.0.78]]>
    </line>
    <line>
      <![CDATA[uiport: 4444]]>
    </line>
    <line>
      <![CDATA[Test parameteres: ]]>
    </line>
    <line>
      <![CDATA[userName: admin]]>
    </line>
    <line>
      <![CDATA[userPass: 1234]]>
    </line>
    <line>
      <![CDATA[login_ip: 10.7.0.78]]>
    </line>
    <line>
      <![CDATA[uiport: 4444]]>
    </line>
    <line>
      <![CDATA[Test parameteres: ]]>
    </line>
    <line>
      <![CDATA[userName: admin]]>
    </line>
    <line>
      <![CDATA[userPass: 1234]]>
    </line>
    <line>
      <![CDATA[login_ip: 10.7.0.78]]>
    </line>
    <line>
      <![CDATA[uiport: 4444]]>
    </line>
    <line>
      <![CDATA[Test parameteres: ]]>
    </line>
    <line>
      <![CDATA[userName: admin]]>
    </line>
    <line>
      <![CDATA[userPass: 1234]]>
    </line>
    <line>
      <![CDATA[login_ip: 10.7.0.78]]>
    </line>
    <line>
      <![CDATA[uiport: 4444]]>
    </line>
    <line>
      <![CDATA[Test parameteres: ]]>
    </line>
    <line>
      <![CDATA[userName: admin]]>
    </line>
    <line>
      <![CDATA[userPass: 1234]]>
    </line>
    <line>
      <![CDATA[login_ip: 10.7.0.78]]>
    </line>
    <line>
      <![CDATA[uiport: 4444]]>
    </line>
    <line>
      <![CDATA[Test parameteres: ]]>
    </line>
    <line>
      <![CDATA[userName: admin]]>
    </line>
    <line>
      <![CDATA[userPass: 1234]]>
    </line>
    <line>
      <![CDATA[login_ip: 10.7.0.78]]>
    </line>
    <line>
      <![CDATA[uiport: 4444]]>
    </line>
    <line>
      <![CDATA[Test parameteres: ]]>
    </line>
    <line>
      <![CDATA[userName: admin]]>
    </line>
    <line>
      <![CDATA[userPass: 1234]]>
    </line>
    <line>
      <![CDATA[login_ip: 10.7.0.78]]>
    </line>
    <line>
      <![CDATA[uiport: 4444]]>
    </line>
    <line>
      <![CDATA[Test parameteres: ]]>
    </line>
    <line>
      <![CDATA[userName: admin]]>
    </line>
    <line>
      <![CDATA[userPass: 1234]]>
    </line>
    <line>
      <![CDATA[login_ip: 10.7.0.78]]>
    </line>
    <line>
      <![CDATA[uiport: 4444]]>
    </line>
    <line>
      <![CDATA[Test parameteres: ]]>
    </line>
    <line>
      <![CDATA[userName: admin]]>
    </line>
    <line>
      <![CDATA[userPass: 1234]]>
    </line>
    <line>
      <![CDATA[login_ip: 10.7.0.78]]>
    </line>
    <line>
      <![CDATA[uiport: 4444]]>
    </line>
    <line>
      <![CDATA[Test parameteres: ]]>
    </line>
    <line>
      <![CDATA[userName: admin]]>
    </line>
    <line>
      <![CDATA[userPass: 1234]]>
    </line>
    <line>
      <![CDATA[login_ip: 10.7.0.78]]>
    </line>
    <line>
      <![CDATA[uiport: 4444]]>
    </line>
    <line>
      <![CDATA[Test parameteres: ]]>
    </line>
    <line>
      <![CDATA[userName: admin]]>
    </line>
    <line>
      <![CDATA[userPass: 1234]]>
    </line>
    <line>
      <![CDATA[login_ip: 10.7.0.78]]>
    </line>
    <line>
      <![CDATA[uiport: 4444]]>
    </line>
    <line>
      <![CDATA[Test parameteres: ]]>
    </line>
    <line>
      <![CDATA[userName: admin]]>
    </line>
    <line>
      <![CDATA[userPass: 1234]]>
    </line>
    <line>
      <![CDATA[login_ip: 10.7.0.78]]>
    </line>
    <line>
      <![CDATA[uiport: 4444]]>
    </line>
    <line>
      <![CDATA[Test parameteres: ]]>
    </line>
    <line>
      <![CDATA[userName: admin]]>
    </line>
    <line>
      <![CDATA[userPass: 1234]]>
    </line>
    <line>
      <![CDATA[login_ip: 10.7.0.78]]>
    </line>
    <line>
      <![CDATA[uiport: 4444]]>
    </line>
    <line>
      <![CDATA[Test parameteres: ]]>
    </line>
    <line>
      <![CDATA[userName: admin]]>
    </line>
    <line>
      <![CDATA[userPass: 1234]]>
    </line>
    <line>
      <![CDATA[login_ip: 10.7.0.78]]>
    </line>
    <line>
      <![CDATA[uiport: 4444]]>
    </line>
    <line>
      <![CDATA[Test parameteres: ]]>
    </line>
    <line>
      <![CDATA[userName: admin]]>
    </line>
    <line>
      <![CDATA[userPass: 1234]]>
    </line>
    <line>
      <![CDATA[login_ip: 10.7.0.78]]>
    </line>
    <line>
      <![CDATA[uiport: 4444]]>
    </line>
    <line>
      <![CDATA[Test parameteres: ]]>
    </line>
    <line>
      <![CDATA[userName: admin]]>
    </line>
    <line>
      <![CDATA[userPass: 1234]]>
    </line>
    <line>
      <![CDATA[login_ip: 10.7.0.78]]>
    </line>
    <line>
      <![CDATA[uiport: 4444]]>
    </line>
    <line>
      <![CDATA[Test parameteres: ]]>
    </line>
    <line>
      <![CDATA[userName: admin]]>
    </line>
    <line>
      <![CDATA[userPass: 1234]]>
    </line>
    <line>
      <![CDATA[login_ip: 10.7.0.78]]>
    </line>
    <line>
      <![CDATA[uiport: 4444]]>
    </line>
    <line>
      <![CDATA[Test parameteres: ]]>
    </line>
    <line>
      <![CDATA[userName: admin]]>
    </line>
    <line>
      <![CDATA[userPass: 1234]]>
    </line>
    <line>
      <![CDATA[login_ip: 10.7.0.78]]>
    </line>
    <line>
      <![CDATA[uiport: 4444]]>
    </line>
    <line>
      <![CDATA[Test parameteres: ]]>
    </line>
    <line>
      <![CDATA[userName: admin]]>
    </line>
    <line>
      <![CDATA[userPass: 1234]]>
    </line>
    <line>
      <![CDATA[login_ip: 10.7.0.78]]>
    </line>
    <line>
      <![CDATA[uiport: 4444]]>
    </line>
    <line>
      <![CDATA[Test parameteres: ]]>
    </line>
    <line>
      <![CDATA[userName: admin]]>
    </line>
    <line>
      <![CDATA[userPass: 1234]]>
    </line>
    <line>
      <![CDATA[login_ip: 10.7.0.78]]>
    </line>
    <line>
      <![CDATA[uiport: 4444]]>
    </line>
    <line>
      <![CDATA[Test parameteres: ]]>
    </line>
    <line>
      <![CDATA[userName: admin]]>
    </line>
    <line>
      <![CDATA[userPass: 1234]]>
    </line>
    <line>
      <![CDATA[login_ip: 10.7.0.78]]>
    </line>
    <line>
      <![CDATA[uiport: 4444]]>
    </line>
    <line>
      <![CDATA[Test parameteres: ]]>
    </line>
    <line>
      <![CDATA[userName: admin]]>
    </line>
    <line>
      <![CDATA[userPass: 1234]]>
    </line>
    <line>
      <![CDATA[login_ip: 10.7.0.78]]>
    </line>
    <line>
      <![CDATA[uiport: 4444]]>
    </line>
    <line>
      <![CDATA[Test parameteres: ]]>
    </line>
    <line>
      <![CDATA[userName: admin]]>
    </line>
    <line>
      <![CDATA[userPass: 1234]]>
    </line>
    <line>
      <![CDATA[login_ip: 10.7.0.78]]>
    </line>
    <line>
      <![CDATA[uiport: 4444]]>
    </line>
    <line>
      <![CDATA[Test parameteres: ]]>
    </line>
    <line>
      <![CDATA[userName: admin]]>
    </line>
    <line>
      <![CDATA[userPass: 1234]]>
    </line>
    <line>
      <![CDATA[login_ip: 10.7.0.78]]>
    </line>
    <line>
      <![CDATA[uiport: 4444]]>
    </line>
    <line>
      <![CDATA[Test parameteres: ]]>
    </line>
    <line>
      <![CDATA[userName: admin]]>
    </line>
    <line>
      <![CDATA[userPass: 1234]]>
    </line>
    <line>
      <![CDATA[login_ip: 10.7.0.78]]>
    </line>
    <line>
      <![CDATA[uiport: 4444]]>
    </line>
    <line>
      <![CDATA[Test parameteres: ]]>
    </line>
    <line>
      <![CDATA[userName: admin]]>
    </line>
    <line>
      <![CDATA[userPass: 1234]]>
    </line>
    <line>
      <![CDATA[login_ip: 10.7.0.78]]>
    </line>
    <line>
      <![CDATA[uiport: 4444]]>
    </line>
    <line>
      <![CDATA[Test parameteres: ]]>
    </line>
    <line>
      <![CDATA[userName: admin]]>
    </line>
    <line>
      <![CDATA[userPass: 1234]]>
    </line>
    <line>
      <![CDATA[login_ip: 10.7.0.78]]>
    </line>
    <line>
      <![CDATA[uiport: 4444]]>
    </line>
    <line>
      <![CDATA[Test parameteres: ]]>
    </line>
    <line>
      <![CDATA[userName: admin]]>
    </line>
    <line>
      <![CDATA[userPass: 1234]]>
    </line>
    <line>
      <![CDATA[login_ip: 10.7.0.78]]>
    </line>
    <line>
      <![CDATA[uiport: 4444]]>
    </line>
    <line>
      <![CDATA[Test parameteres: ]]>
    </line>
    <line>
      <![CDATA[userName: admin]]>
    </line>
    <line>
      <![CDATA[userPass: 1234]]>
    </line>
    <line>
      <![CDATA[login_ip: 10.7.0.78]]>
    </line>
    <line>
      <![CDATA[uiport: 4444]]>
    </line>
    <line>
      <![CDATA[Test parameteres: ]]>
    </line>
    <line>
      <![CDATA[userName: admin]]>
    </line>
    <line>
      <![CDATA[userPass: 1234]]>
    </line>
    <line>
      <![CDATA[login_ip: 10.7.0.78]]>
    </line>
    <line>
      <![CDATA[uiport: 4444]]>
    </line>
    <line>
      <![CDATA[Test parameteres: ]]>
    </line>
    <line>
      <![CDATA[userName: admin]]>
    </line>
    <line>
      <![CDATA[userPass: 1234]]>
    </line>
    <line>
      <![CDATA[login_ip: 10.7.0.78]]>
    </line>
    <line>
      <![CDATA[uiport: 4444]]>
    </line>
    <line>
      <![CDATA[Test parameteres: ]]>
    </line>
    <line>
      <![CDATA[userName: admin]]>
    </line>
    <line>
      <![CDATA[userPass: 1234]]>
    </line>
    <line>
      <![CDATA[login_ip: 10.7.0.78]]>
    </line>
    <line>
      <![CDATA[uiport: 4444]]>
    </line>
    <line>
      <![CDATA[Test parameteres: ]]>
    </line>
    <line>
      <![CDATA[userName: admin]]>
    </line>
    <line>
      <![CDATA[userPass: 1234]]>
    </line>
    <line>
      <![CDATA[login_ip: 10.7.0.78]]>
    </line>
    <line>
      <![CDATA[uiport: 4444]]>
    </line>
    <line>
      <![CDATA[Test parameteres: ]]>
    </line>
    <line>
      <![CDATA[userName: admin]]>
    </line>
    <line>
      <![CDATA[userPass: 1234]]>
    </line>
    <line>
      <![CDATA[login_ip: 10.7.0.78]]>
    </line>
    <line>
      <![CDATA[uiport: 4444]]>
    </line>
    <line>
      <![CDATA[Test parameteres: ]]>
    </line>
    <line>
      <![CDATA[userName: admin]]>
    </line>
    <line>
      <![CDATA[userPass: 1234]]>
    </line>
    <line>
      <![CDATA[login_ip: 10.7.0.78]]>
    </line>
    <line>
      <![CDATA[uiport: 4444]]>
    </line>
    <line>
      <![CDATA[Test parameteres: ]]>
    </line>
    <line>
      <![CDATA[userName: admin]]>
    </line>
    <line>
      <![CDATA[userPass: 1234]]>
    </line>
    <line>
      <![CDATA[login_ip: 10.7.0.78]]>
    </line>
    <line>
      <![CDATA[uiport: 4444]]>
    </line>
    <line>
      <![CDATA[Test parameteres: ]]>
    </line>
    <line>
      <![CDATA[userName: admin]]>
    </line>
    <line>
      <![CDATA[userPass: 1234]]>
    </line>
    <line>
      <![CDATA[login_ip: 10.7.0.78]]>
    </line>
    <line>
      <![CDATA[uiport: 4444]]>
    </line>
    <line>
      <![CDATA[Test parameteres: ]]>
    </line>
    <line>
      <![CDATA[userName: admin]]>
    </line>
    <line>
      <![CDATA[userPass: 1234]]>
    </line>
    <line>
      <![CDATA[login_ip: 10.7.0.78]]>
    </line>
    <line>
      <![CDATA[uiport: 4444]]>
    </line>
    <line>
      <![CDATA[Test parameteres: ]]>
    </line>
    <line>
      <![CDATA[userName: admin]]>
    </line>
    <line>
      <![CDATA[userPass: 1234]]>
    </line>
    <line>
      <![CDATA[login_ip: 10.7.0.78]]>
    </line>
    <line>
      <![CDATA[uiport: 4444]]>
    </line>
    <line>
      <![CDATA[Test parameteres: ]]>
    </line>
    <line>
      <![CDATA[userName: admin]]>
    </line>
    <line>
      <![CDATA[userPass: 1234]]>
    </line>
    <line>
      <![CDATA[login_ip: 10.7.0.78]]>
    </line>
    <line>
      <![CDATA[uiport: 4444]]>
    </line>
    <line>
      <![CDATA[Test parameteres: ]]>
    </line>
    <line>
      <![CDATA[userName: admin]]>
    </line>
    <line>
      <![CDATA[userPass: 1234]]>
    </line>
    <line>
      <![CDATA[login_ip: 10.7.0.78]]>
    </line>
    <line>
      <![CDATA[uiport: 4444]]>
    </line>
    <line>
      <![CDATA[Test parameteres: ]]>
    </line>
    <line>
[...]
            </line>
            <line>
              <![CDATA[uiport: 4444]]>
            </line>
            <line>
              <![CDATA[Test parameteres: ]]>
            </line>
            <line>
              <![CDATA[userName: admin]]>
            </line>
            <line>
              <![CDATA[userPass: 1234]]>
            </line>
            <line>
              <![CDATA[login_ip: 10.7.0.78]]>
            </line>
            <line>
              <![CDATA[uiport: 4444]]>
            </line>
            <line>
              <![CDATA[Test parameteres: ]]>
            </line>
            <line>
              <![CDATA[userName: admin]]>
            </line>
            <line>
              <![CDATA[userPass: 1234]]>
            </line>
            <line>
              <![CDATA[login_ip: 10.7.0.78]]>
            </line>
            <line>
              <![CDATA[uiport: 4444]]>
            </line>
            <line>
              <![CDATA[Test parameteres: ]]>
            </line>
            <line>
              <![CDATA[userName: admin]]>
            </line>
            <line>
              <![CDATA[userPass: 1234]]>
            </line>
            <line>
              <![CDATA[login_ip: 10.7.0.78]]>
            </line>
            <line>
              <![CDATA[uiport: 4444]]>
            </line>
            <line>
              <![CDATA[Test parameteres: ]]>
            </line>
            <line>
              <![CDATA[userName: admin]]>
            </line>
            <line>
              <![CDATA[userPass: 1234]]>
            </line>
            <line>
              <![CDATA[login_ip: 10.7.0.78]]>
            </line>
            <line>
              <![CDATA[uiport: 4444]]>
            </line>
            <line>
              <![CDATA[Test parameteres: ]]>
            </line>
            <line>
              <![CDATA[userName: admin]]>
            </line>
            <line>
              <![CDATA[userPass: 1234]]>
            </line>
            <line>
              <![CDATA[login_ip: 10.7.0.78]]>
            </line>
            <line>
              <![CDATA[uiport: 4444]]>
            </line>
            <line>
              <![CDATA[Test parameteres: ]]>
            </line>
            <line>
              <![CDATA[userName: admin]]>
            </line>
            <line>
              <![CDATA[userPass: 1234]]>
            </line>
            <line>
              <![CDATA[login_ip: 10.7.0.78]]>
            </line>
            <line>
              <![CDATA[uiport: 4444]]>
            </line>
            <line>
              <![CDATA[Test parameteres: ]]>
            </line>
            <line>
              <![CDATA[userName: admin]]>
            </line>
            <line>
              <![CDATA[userPass: 1234]]>
            </line>
            <line>
              <![CDATA[login_ip: 10.7.0.78]]>
            </line>
            <line>
              <![CDATA[uiport: 4444]]>
            </line>
            <line>
              <![CDATA[Test parameteres: ]]>
            </line>
            <line>
              <![CDATA[userName: admin]]>
            </line>
            <line>
              <![CDATA[userPass: 1234]]>
            </line>
            <line>
              <![CDATA[login_ip: 10.7.0.78]]>
            </line>
            <line>
              <![CDATA[uiport: 4444]]>
            </line>
            <line>
              <![CDATA[Test parameteres: ]]>
            </line>
            <line>
              <![CDATA[userName: admin]]>
            </line>
            <line>
              <![CDATA[userPass: 1234]]>
            </line>
            <line>
              <![CDATA[login_ip: 10.7.0.78]]>
            </line>
            <line>
              <![CDATA[uiport: 4444]]>
            </line>
          </reporter-output>
        </test-method> <!-- broadcasterRecordInout -->
        <test-method status="PASS" signature="afterTest(java.lang.reflect.Method, org.testng.ITestResult)[pri:0, instance:com.zixi.testing.BroadcasterFileInputTest@d8355a8]" name="afterTest" is-config="true" duration-ms="59" started-at="2017-02-16T13:14:07Z" finished-at="2017-02-16T13:14:07Z">
          <params>
            <param index="0">
              <value>
                <![CDATA[public void com.zixi.testing.BroadcasterFileInputTest.broadcasterRecordInout(java.lang.String,java.lang.String,java.lang.String,java.lang.String,java.lang.String,java.lang.String,java.lang.String) throws java.lang.InterruptedException]]>
              </value>
            </param>
            <param index="1">
              <value>
                <![CDATA[[TestResult name=broadcasterRecordInout status=FAILURE method=BroadcasterFileInputTest.broadcasterRecordInout(java.lang.String, java.lang.String, java.lang.String, java.lang.String, java.lang.String, java.lang.String, java.lang.String)[pri:0, instance:com.zixi.testing.BroadcasterFileInputTest@d8355a8] output=Test parameteres: ]]]>
              </value>
            </param>
          </params>
          <reporter-output>
          </reporter-output>
        </test-method> <!-- afterTest -->
      </class> <!-- com.zixi.testing.BroadcasterFileInputTest -->
    </test> <!-- Broadcaster - Record a transcoded steam and waits 1280x720p30_trans_sw2 -->
    <test name="Broadcaster - Remove udp output stream - 1280x720p30 all_pids" duration-ms="76" started-at="2017-02-16T11:14:07Z" finished-at="2017-02-16T11:14:07Z">
      <class name="com.zixi.testing.BroadcaserSingleOutputStreamDeletionTest">
        <test-method status="PASS" signature="startTest(org.testng.ITestContext)[pri:0, instance:com.zixi.testing.BroadcaserSingleOutputStreamDeletionTest@29774679]" name="startTest" is-config="true" duration-ms="0" started-at="2017-02-16T13:14:07Z" finished-at="2017-02-16T13:14:07Z">
          <params>
            <param index="0">
              <value>
                <![CDATA[org.testng.TestRunner@cad498c]]>
              </value>
            </param>
          </params>
          <reporter-output>
          </reporter-output>
        </test-method> <!-- startTest -->
        <test-method status="PASS" signature="testInit()[pri:0, instance:com.zixi.testing.BroadcaserSingleOutputStreamDeletionTest@29774679]" name="testInit" is-config="true" duration-ms="0" started-at="2017-02-16T13:14:07Z" finished-at="2017-02-16T13:14:07Z">
          <reporter-output>
          </reporter-output>
        </test-method> <!-- testInit -->
        <test-method status="PASS" signature="beforeTes(java.lang.String)[pri:0, instance:com.zixi.testing.BroadcaserSingleOutputStreamDeletionTest@29774679]" name="beforeTes" is-config="true" duration-ms="34" started-at="2017-02-16T13:14:07Z" finished-at="2017-02-16T13:14:07Z">
          <params>
            <param index="0">
              <value>
                <![CDATA[4815]]>
              </value>
            </param>
          </params>
          <reporter-output>
          </reporter-output>
        </test-method> <!-- beforeTes -->
        <test-method status="PASS" signature="broadcasterSingleStreamRemoving(java.lang.String, java.lang.String, java.lang.String, java.lang.String, java.lang.String, java.lang.String)[pri:0, instance:com.zixi.testing.BroadcaserSingleOutputStreamDeletionTest@29774679]" name="broadcasterSingleStreamRemoving" duration-ms="8" started-at="2017-02-16T13:14:07Z" finished-at="2017-02-16T13:14:07Z">
          <params>
            <param index="0">
              <value>
                <![CDATA[10.7.0.78]]>
              </value>
            </param>
            <param index="1">
              <value>
                <![CDATA[admin]]>
              </value>
            </param>
            <param index="2">
              <value>
                <![CDATA[1234]]>
              </value>
            </param>
            <param index="3">
              <value>
                <![CDATA[1280x720p30_trans_sw_all_pids]]>
              </value>
            </param>
            <param index="4">
              <value>
                <![CDATA[4444]]>
              </value>
            </param>
            <param index="5">
              <value>
                <![CDATA[4815]]>
              </value>
            </param>
          </params>
          <reporter-output>
            <line>
              <![CDATA[Test parameteres: ]]>
            </line>
            <line>
              <![CDATA[login_ip: 10.7.0.78]]>
            </line>
            <line>
              <![CDATA[userName: admin]]>
            </line>
            <line>
              <![CDATA[userPassword: 1234]]>
            </line>
            <line>
              <![CDATA[name: 1280x720p30_trans_sw_all_pids]]>
            </line>
            <line>
              <![CDATA[uiport: 4444]]>
            </line>
          </reporter-output>
        </test-method> <!-- broadcasterSingleStreamRemoving -->
        <test-method status="PASS" signature="afterTest(java.lang.reflect.Method, org.testng.ITestResult)[pri:0, instance:com.zixi.testing.BroadcaserSingleOutputStreamDeletionTest@29774679]" name="afterTest" is-config="true" duration-ms="33" started-at="2017-02-16T13:14:07Z" finished-at="2017-02-16T13:14:07Z">
          <params>
            <param index="0">
              <value>
                <![CDATA[public void com.zixi.testing.BroadcaserSingleOutputStreamDeletionTest.broadcasterSingleStreamRemoving(java.lang.String,java.lang.String,java.lang.String,java.lang.String,java.lang.String,java.lang.String) throws java.lang.InterruptedException]]>
              </value>
            </param>
            <param index="1">
              <value>
                <![CDATA[[TestResult name=broadcasterSingleStreamRemoving status=SUCCESS method=BroadcaserSingleOutputStreamDeletionTest.broadcasterSingleStreamRemoving(java.lang.String, java.lang.String, java.lang.String, java.lang.String, java.lang.String, java.lang.String)[pri:0, instance:com.zixi.testing.BroadcaserSingleOutputStreamDeletionTest@29774679] output=Test parameteres: ]]]>
              </value>
            </param>
          </params>
          <reporter-output>
          </reporter-output>
        </test-method> <!-- afterTest -->
      </class> <!-- com.zixi.testing.BroadcaserSingleOutputStreamDeletionTest -->
    </test> <!-- Broadcaster - Remove udp output stream - 1280x720p30 all_pids -->
    <test name="Broadcaster - Remove Pull input test - 1280x720p30 all_pids" duration-ms="84" started-at="2017-02-16T11:14:07Z" finished-at="2017-02-16T11:14:07Z">
      <class name="com.zixi.testing.BroadcasterSingleInputStreamDeletionTest">
        <test-method status="PASS" signature="startTest(org.testng.ITestContext)[pri:0, instance:com.zixi.testing.BroadcasterSingleInputStreamDeletionTest@59f99ea]" name="startTest" is-config="true" duration-ms="0" started-at="2017-02-16T13:14:07Z" finished-at="2017-02-16T13:14:07Z">
          <params>
            <param index="0">
              <value>
                <![CDATA[org.testng.TestRunner@550ee7e5]]>
              </value>
            </param>
          </params>
          <reporter-output>
          </reporter-output>
        </test-method> <!-- startTest -->
        <test-method status="PASS" signature="testInit()[pri:0, instance:com.zixi.testing.BroadcasterSingleInputStreamDeletionTest@59f99ea]" name="testInit" is-config="true" duration-ms="1" started-at="2017-02-16T13:14:07Z" finished-at="2017-02-16T13:14:07Z">
          <reporter-output>
          </reporter-output>
        </test-method> <!-- testInit -->
        <test-method status="PASS" signature="beforeTes(java.lang.String)[pri:0, instance:com.zixi.testing.BroadcasterSingleInputStreamDeletionTest@59f99ea]" name="beforeTes" is-config="true" duration-ms="46" started-at="2017-02-16T13:14:07Z" finished-at="2017-02-16T13:14:07Z">
          <params>
            <param index="0">
              <value>
                <![CDATA[4819]]>
              </value>
            </param>
          </params>
          <reporter-output>
          </reporter-output>
        </test-method> <!-- beforeTes -->
        <test-method status="PASS" signature="broadcasterInputStreamDeletion(java.lang.String, java.lang.String, java.lang.String, java.lang.String, java.lang.String, java.lang.String)[pri:0, instance:com.zixi.testing.BroadcasterSingleInputStreamDeletionTest@59f99ea]" name="broadcasterInputStreamDeletion" duration-ms="5" started-at="2017-02-16T13:14:07Z" finished-at="2017-02-16T13:14:07Z">
          <params>
            <param index="0">
              <value>
                <![CDATA[10.7.0.78]]>
              </value>
            </param>
            <param index="1">
              <value>
                <![CDATA[admin]]>
              </value>
            </param>
            <param index="2">
              <value>
                <![CDATA[1234]]>
              </value>
            </param>
            <param index="3">
              <value>
                <![CDATA[transcoder]]>
              </value>
            </param>
            <param index="4">
              <value>
                <![CDATA[4444]]>
              </value>
            </param>
            <param index="5">
              <value>
                <![CDATA[4819]]>
              </value>
            </param>
          </params>
          <reporter-output>
            <line>
              <![CDATA[Test parameteres: ]]>
            </line>
            <line>
              <![CDATA[login_ip: 10.7.0.78]]>
            </line>
            <line>
              <![CDATA[userName: admin]]>
            </line>
            <line>
              <![CDATA[userPassword: 1234]]>
            </line>
            <line>
              <![CDATA[streamId: transcoder]]>
            </line>
            <line>
              <![CDATA[uiport: 4444]]>
            </line>
            <line>
              <![CDATA[Stream transcoder removed.]]>
            </line>
          </reporter-output>
        </test-method> <!-- broadcasterInputStreamDeletion -->
        <test-method status="PASS" signature="afterTest(java.lang.reflect.Method, org.testng.ITestResult)[pri:0, instance:com.zixi.testing.BroadcasterSingleInputStreamDeletionTest@59f99ea]" name="afterTest" is-config="true" duration-ms="32" started-at="2017-02-16T13:14:07Z" finished-at="2017-02-16T13:14:07Z">
          <params>
            <param index="0">
              <value>
                <![CDATA[public void com.zixi.testing.BroadcasterSingleInputStreamDeletionTest.broadcasterInputStreamDeletion(java.lang.String,java.lang.String,java.lang.String,java.lang.String,java.lang.String,java.lang.String) throws java.lang.InterruptedException]]>
              </value>
            </param>
            <param index="1">
              <value>
                <![CDATA[[TestResult name=broadcasterInputStreamDeletion status=SUCCESS method=BroadcasterSingleInputStreamDeletionTest.broadcasterInputStreamDeletion(java.lang.String, java.lang.String, java.lang.String, java.lang.String, java.lang.String, java.lang.String)[pri:0, instance:com.zixi.testing.BroadcasterSingleInputStreamDeletionTest@59f99ea] output=Test parameteres: ]]]>
              </value>
            </param>
          </params>
          <reporter-output>
          </reporter-output>
        </test-method> <!-- afterTest -->
      </class> <!-- com.zixi.testing.BroadcasterSingleInputStreamDeletionTest -->
    </test> <!-- Broadcaster - Remove Pull input test - 1280x720p30 all_pids -->
    <test name="Broadcaster: transcode delete a profile - 1280x720p30 all_pids" duration-ms="72" started-at="2017-02-16T11:14:07Z" finished-at="2017-02-16T11:14:07Z">
      <class name="com.zixi.testing.BroadcasterTranscoderDeletProfileTest">
        <test-method status="PASS" signature="beforeTes(java.lang.String)[pri:0, instance:com.zixi.testing.BroadcasterTranscoderDeletProfileTest@1e88b3c]" name="beforeTes" is-config="true" duration-ms="32" started-at="2017-02-16T13:14:07Z" finished-at="2017-02-16T13:14:07Z">
          <params>
            <param index="0">
              <value>
                <![CDATA[4821]]>
              </value>
            </param>
          </params>
          <reporter-output>
          </reporter-output>
        </test-method> <!-- beforeTes -->
        <test-method status="PASS" signature="testInit()[pri:0, instance:com.zixi.testing.BroadcasterTranscoderDeletProfileTest@1e88b3c]" name="testInit" is-config="true" duration-ms="0" started-at="2017-02-16T13:14:07Z" finished-at="2017-02-16T13:14:07Z">
          <reporter-output>
          </reporter-output>
        </test-method> <!-- testInit -->
        <test-method status="PASS" signature="startTest(org.testng.ITestContext)[pri:0, instance:com.zixi.testing.BroadcasterTranscoderDeletProfileTest@1e88b3c]" name="startTest" is-config="true" duration-ms="0" started-at="2017-02-16T13:14:07Z" finished-at="2017-02-16T13:14:07Z">
          <params>
            <param index="0">
              <value>
                <![CDATA[org.testng.TestRunner@15aab8c6]]>
              </value>
            </param>
          </params>
          <reporter-output>
          </reporter-output>
        </test-method> <!-- startTest -->
        <test-method status="PASS" signature="broadcasterDeleteProfile(java.lang.String, java.lang.String, java.lang.String, java.lang.String, java.lang.String, java.lang.String)[pri:0, instance:com.zixi.testing.BroadcasterTranscoderDeletProfileTest@1e88b3c]" name="broadcasterDeleteProfile" duration-ms="8" started-at="2017-02-16T13:14:07Z" finished-at="2017-02-16T13:14:07Z">
          <params>
            <param index="0">
              <value>
                <![CDATA[admin]]>
              </value>
            </param>
            <param index="1">
              <value>
                <![CDATA[1234]]>
              </value>
            </param>
            <param index="2">
              <value>
                <![CDATA[10.7.0.78]]>
              </value>
            </param>
            <param index="3">
              <value>
                <![CDATA[4444]]>
              </value>
            </param>
            <param index="4">
              <value>
                <![CDATA[1280x720p30FPS]]>
              </value>
            </param>
            <param index="5">
              <value>
                <![CDATA[4821]]>
              </value>
            </param>
          </params>
          <reporter-output>
          </reporter-output>
        </test-method> <!-- broadcasterDeleteProfile -->
        <test-method status="PASS" signature="afterTest(java.lang.reflect.Method, org.testng.ITestResult)[pri:0, instance:com.zixi.testing.BroadcasterTranscoderDeletProfileTest@1e88b3c]" name="afterTest" is-config="true" duration-ms="31" started-at="2017-02-16T13:14:07Z" finished-at="2017-02-16T13:14:07Z">
          <params>
            <param index="0">
              <value>
                <![CDATA[public void com.zixi.testing.BroadcasterTranscoderDeletProfileTest.broadcasterDeleteProfile(java.lang.String,java.lang.String,java.lang.String,java.lang.String,java.lang.String,java.lang.String) throws java.lang.InterruptedException]]>
              </value>
            </param>
            <param index="1">
              <value>
                <![CDATA[[TestResult name=broadcasterDeleteProfile status=SUCCESS method=BroadcasterTranscoderDeletProfileTest.broadcasterDeleteProfile(java.lang.String, java.lang.String, java.lang.String, java.lang.String, java.lang.String, java.lang.String)[pri:0, instance:com.zixi.testing.BroadcasterTranscoderDeletProfileTest@1e88b3c] output={null}]]]>
              </value>
            </param>
          </params>
          <reporter-output>
          </reporter-output>
        </test-method> <!-- afterTest -->
      </class> <!-- com.zixi.testing.BroadcasterTranscoderDeletProfileTest -->
    </test> <!-- Broadcaster: transcode delete a profile - 1280x720p30 all_pids -->
  </suite> <!-- Broadcaster: Intel Transcoder H.264 to H.264 -->
</testng-results>
