<?xml version="1.0" encoding="UTF-8"?>
<testng-results skipped="0" failed="2" total="20" passed="18">
  <reporter-output>
    <line>
      <![CDATA[Test parameteres: ]]>
    </line>
    <line>
      <![CDATA[userName: admin]]>
    </line>
    <line>
      <![CDATA[userPass: 1234]]>
    </line>
    <line>
      <![CDATA[Host: 10.7.0.64]]>
    </line>
    <line>
      <![CDATA[loin_ip: 10.7.0.78]]>
    </line>
    <line>
      <![CDATA[id: transcoder]]>
    </line>
    <line>
      <![CDATA[source: mpeg2]]>
    </line>
    <line>
      <![CDATA[uiport: 4444]]>
    </line>
    <line>
      <![CDATA[pull_port: -- not provided ]]>
    </line>
    <line>
      <![CDATA[latency: 6000]]>
    </line>
    <line>
      <![CDATA[fec_latency: 300]]>
    </line>
    <line>
      <![CDATA[fec_overhead: 30]]>
    </line>
    <line>
      <![CDATA[mcast_force: 0]]>
    </line>
    <line>
      <![CDATA[time_shift: 0]]>
    </line>
    <line>
      <![CDATA[nic: -- not provided ]]>
    </line>
    <line>
      <![CDATA[max_outputs: -1]]>
    </line>
    <line>
      <![CDATA[type: pull]]>
    </line>
    <line>
      <![CDATA[password: -- not provided ]]>
    </line>
    <line>
      <![CDATA[mcast_port: -- not provided ]]>
    </line>
    <line>
      <![CDATA[complete: -- not provided ]]>
    </line>
    <line>
      <![CDATA[mcast_ip: -- not provided ]]>
    </line>
    <line>
      <![CDATA[fec_adaptive: 1]]>
    </line>
    <line>
      <![CDATA[mcast_ttl: -- not provided ]]>
    </line>
    <line>
      <![CDATA[on: 1]]>
    </line>
    <line>
      <![CDATA[func: load_live_inputs]]>
    </line>
    <line>
      <![CDATA[fec_force: -- not provided ]]>
    </line>
    <line>
      <![CDATA[mcast_out: -- not provided ]]>
    </line>
    <line>
      <![CDATA[propertiesFile: stream.properties]]>
    </line>
    <line>
      <![CDATA[Test parameteres: ]]>
    </line>
    <line>
      <![CDATA[userName: admin]]>
    </line>
    <line>
      <![CDATA[userPass: 1234]]>
    </line>
    <line>
      <![CDATA[login_ip: 10.7.0.78]]>
    </line>
    <line>
      <![CDATA[uiport: 4444]]>
    </line>
    <line>
      <![CDATA[profile_name: 480p]]>
    </line>
    <line>
      <![CDATA[enc: 1]]>
    </line>
    <line>
      <![CDATA[bitrate: 1500000]]>
    </line>
    <line>
      <![CDATA[gop: 30]]>
    </line>
    <line>
      <![CDATA[fixed_gop: 1]]>
    </line>
    <line>
      <![CDATA[closed_gop: 1]]>
    </line>
    <line>
      <![CDATA[copy_gop: 0]]>
    </line>
    <line>
      <![CDATA[performance: 4]]>
    </line>
    <line>
      <![CDATA[b_frames: 3]]>
    </line>
    <line>
      <![CDATA[frame_type: 0]]>
    </line>
    <line>
      <![CDATA[profile: 1]]>
    </line>
    <line>
      <![CDATA[level: 100]]>
    </line>
    <line>
      <![CDATA[bitrate_mode: 1]]>
    </line>
    <line>
      <![CDATA[ref_frames: 2]]>
    </line>
    <line>
      <![CDATA[hrd: 2]]>
    </line>
    <line>
      <![CDATA[idr_int: 1]]>
    </line>
    <line>
      <![CDATA[cavlc: 0]]>
    </line>
    <line>
      <![CDATA[brightness: 0]]>
    </line>
    <line>
      <![CDATA[contrast: 1]]>
    </line>
    <line>
      <![CDATA[fps: 0]]>
    </line>
    <line>
      <![CDATA[width: 720]]>
    </line>
    <line>
      <![CDATA[height: 480]]>
    </line>
    <line>
      <![CDATA[max_bitrate: 2500000]]>
    </line>
    <line>
      <![CDATA[Test parameteres: ]]>
    </line>
    <line>
      <![CDATA[userName: admin]]>
    </line>
    <line>
      <![CDATA[userPass: 1234]]>
    </line>
    <line>
      <![CDATA[host: 10.7.0.64]]>
    </line>
    <line>
      <![CDATA[loin_ip: 10.7.0.78]]>
    </line>
    <line>
      <![CDATA[uiport: 4444]]>
    </line>
    <line>
      <![CDATA[id: transcoder]]>
    </line>
    <line>
      <![CDATA[testduration: 30]]>
    </line>
    <line>
      <![CDATA[Max bitrate is 20040320]]>
    </line>
    <line>
      <![CDATA[Min bitrete is 19742969]]>
    </line>
    <line>
      <![CDATA[Average bitrate is 20019368]]>
    </line>
    <line>
      <![CDATA[Test parameteres: ]]>
    </line>
    <line>
      <![CDATA[userName: admin]]>
    </line>
    <line>
      <![CDATA[userPass: 1234]]>
    </line>
    <line>
      <![CDATA[login_ip: 10.7.0.78]]>
    </line>
    <line>
      <![CDATA[uiport: 4444]]>
    </line>
    <line>
      <![CDATA[type: Transcoded]]>
    </line>
    <line>
      <![CDATA[id: 480p_trans_hw]]>
    </line>
    <line>
      <![CDATA[matrix: 1]]>
    </line>
    <line>
      <![CDATA[max_outputs: -1]]>
    </line>
    <line>
      <![CDATA[mcast_out: 0]]>
    </line>
    <line>
      <![CDATA[time_shift: 0]]>
    </line>
    <line>
      <![CDATA[old: 0]]>
    </line>
    <line>
      <![CDATA[fast_connect: 0]]>
    </line>
    <line>
      <![CDATA[kompression: 1]]>
    </line>
    <line>
      <![CDATA[enc_type: -- not provided ]]>
    </line>
    <line>
      <![CDATA[enc_key: -- not provided ]]>
    </line>
    <line>
      <![CDATA[rec_history: 0]]>
    </line>
    <line>
      <![CDATA[rec_duration: 7200]]>
    </line>
    <line>
      <![CDATA[src: transcoder]]>
    </line>
    <line>
      <![CDATA[ap: -1]]>
    </line>
    <line>
      <![CDATA[ll: 0]]>
    </line>
    <line>
      <![CDATA[all_pids: 0]]>
    </line>
    <line>
      <![CDATA[bit: 0]]>
    </line>
    <line>
      <![CDATA[profile_name: 480p]]>
    </line>
    <line>
      <![CDATA[mode: h.264]]>
    </line>
    <line>
      <![CDATA[Test parameteres: ]]>
    </line>
    <line>
      <![CDATA[userName: admin]]>
    </line>
    <line>
      <![CDATA[userPass: 1234]]>
    </line>
    <line>
      <![CDATA[loin_ip: 10.7.0.78]]>
    </line>
    <line>
      <![CDATA[port: 5555]]>
    </line>
    <line>
      <![CDATA[stream: 480p_trans_hw]]>
    </line>
    <line>
      <![CDATA[streamname: 480p_trans_hw]]>
    </line>
    <line>
      <![CDATA[host: 10.7.0.150]]>
    </line>
    <line>
      <![CDATA[id: 480p_trans_hw]]>
    </line>
    <line>
      <![CDATA[rtp: 0]]>
    </line>
    <line>
      <![CDATA[fec: 0]]>
    </line>
    <line>
      <![CDATA[smoothing: 0]]>
    </line>
    <line>
      <![CDATA[ttl: 5]]>
    </line>
    <line>
      <![CDATA[remux_bitrate: 0]]>
    </line>
    <line>
      <![CDATA[df: 0]]>
    </line>
    <line>
      <![CDATA[local_port: -- not provided ]]>
    </line>
    <line>
      <![CDATA[dec_key: -- not provided ]]>
    </line>
    <line>
      <![CDATA[type: TS]]>
    </line>
    <line>
      <![CDATA[rows: 10]]>
    </line>
    <line>
      <![CDATA[remux_buff: 1000]]>
    </line>
    <line>
      <![CDATA[local_ip: 0.0.0.0]]>
    </line>
    <line>
      <![CDATA[remux_restampdts: 0]]>
    </line>
    <line>
      <![CDATA[uiport: 4444]]>
    </line>
    <line>
      <![CDATA[remux_pcr: 90]]>
    </line>
    <line>
      <![CDATA[dec_type: -- not provided ]]>
    </line>
    <line>
      <![CDATA[cols: 10]]>
    </line>
    <line>
      <![CDATA[FFMPEG success measurement relation: 10 / 10]]>
    </line>
    <line>
      <![CDATA[Test parameteres: ]]>
    </line>
    <line>
      <![CDATA[userName: admin]]>
    </line>
    <line>
      <![CDATA[userPass: 1234]]>
    </line>
    <line>
      <![CDATA[login_ip: 10.7.0.78]]>
    </line>
    <line>
      <![CDATA[uiport: 4444]]>
    </line>
    <line>
      <![CDATA[Test parameteres: ]]>
    </line>
    <line>
      <![CDATA[userName: admin]]>
    </line>
    <line>
      <![CDATA[userPass: 1234]]>
    </line>
    <line>
      <![CDATA[login_ip: 10.7.0.78]]>
    </line>
    <line>
      <![CDATA[uiport: 4444]]>
    </line>
    <line>
      <![CDATA[Test parameteres: ]]>
    </line>
    <line>
      <![CDATA[userName: admin]]>
    </line>
    <line>
      <![CDATA[userPass: 1234]]>
    </line>
    <line>
      <![CDATA[login_ip: 10.7.0.78]]>
    </line>
    <line>
      <![CDATA[uiport: 4444]]>
    </line>
    <line>
      <![CDATA[Test parameteres: ]]>
    </line>
    <line>
      <![CDATA[userName: admin]]>
    </line>
    <line>
      <![CDATA[userPass: 1234]]>
    </line>
    <line>
      <![CDATA[login_ip: 10.7.0.78]]>
    </line>
    <line>
      <![CDATA[uiport: 4444]]>
    </line>
    <line>
      <![CDATA[Test parameteres: ]]>
    </line>
    <line>
      <![CDATA[userName: admin]]>
    </line>
    <line>
      <![CDATA[userPass: 1234]]>
    </line>
    <line>
      <![CDATA[login_ip: 10.7.0.78]]>
    </line>
    <line>
      <![CDATA[uiport: 4444]]>
    </line>
    <line>
      <![CDATA[Test parameteres: ]]>
    </line>
    <line>
      <![CDATA[userName: admin]]>
    </line>
    <line>
      <![CDATA[userPass: 1234]]>
    </line>
    <line>
      <![CDATA[login_ip: 10.7.0.78]]>
    </line>
    <line>
      <![CDATA[uiport: 4444]]>
    </line>
    <line>
      <![CDATA[Test parameteres: ]]>
    </line>
    <line>
      <![CDATA[userName: admin]]>
    </line>
    <line>
      <![CDATA[userPass: 1234]]>
    </line>
    <line>
      <![CDATA[login_ip: 10.7.0.78]]>
    </line>
    <line>
      <![CDATA[uiport: 4444]]>
    </line>
    <line>
      <![CDATA[Test parameteres: ]]>
    </line>
    <line>
      <![CDATA[userName: admin]]>
    </line>
    <line>
      <![CDATA[userPass: 1234]]>
    </line>
    <line>
      <![CDATA[login_ip: 10.7.0.78]]>
    </line>
    <line>
      <![CDATA[uiport: 4444]]>
    </line>
    <line>
      <![CDATA[Test parameteres: ]]>
    </line>
    <line>
      <![CDATA[userName: admin]]>
    </line>
    <line>
      <![CDATA[userPass: 1234]]>
    </line>
    <line>
      <![CDATA[login_ip: 10.7.0.78]]>
    </line>
    <line>
      <![CDATA[uiport: 4444]]>
    </line>
    <line>
      <![CDATA[Test parameteres: ]]>
    </line>
    <line>
      <![CDATA[userName: admin]]>
    </line>
    <line>
      <![CDATA[userPass: 1234]]>
    </line>
    <line>
      <![CDATA[login_ip: 10.7.0.78]]>
    </line>
    <line>
      <![CDATA[uiport: 4444]]>
    </line>
    <line>
      <![CDATA[Test parameteres: ]]>
    </line>
    <line>
      <![CDATA[userName: admin]]>
    </line>
    <line>
      <![CDATA[userPass: 1234]]>
    </line>
    <line>
      <![CDATA[login_ip: 10.7.0.78]]>
    </line>
    <line>
      <![CDATA[uiport: 4444]]>
    </line>
    <line>
      <![CDATA[Test parameteres: ]]>
    </line>
    <line>
      <![CDATA[userName: admin]]>
    </line>
    <line>
      <![CDATA[userPass: 1234]]>
    </line>
    <line>
      <![CDATA[login_ip: 10.7.0.78]]>
    </line>
    <line>
      <![CDATA[uiport: 4444]]>
    </line>
    <line>
      <![CDATA[Test parameteres: ]]>
    </line>
    <line>
      <![CDATA[userName: admin]]>
    </line>
    <line>
      <![CDATA[userPass: 1234]]>
    </line>
    <line>
      <![CDATA[login_ip: 10.7.0.78]]>
    </line>
    <line>
      <![CDATA[uiport: 4444]]>
    </line>
    <line>
      <![CDATA[Test parameteres: ]]>
    </line>
    <line>
      <![CDATA[userName: admin]]>
    </line>
    <line>
      <![CDATA[userPass: 1234]]>
    </line>
    <line>
      <![CDATA[login_ip: 10.7.0.78]]>
    </line>
    <line>
      <![CDATA[uiport: 4444]]>
    </line>
    <line>
      <![CDATA[Test parameteres: ]]>
    </line>
    <line>
      <![CDATA[userName: admin]]>
    </line>
    <line>
      <![CDATA[userPass: 1234]]>
    </line>
    <line>
      <![CDATA[login_ip: 10.7.0.78]]>
    </line>
    <line>
      <![CDATA[uiport: 4444]]>
    </line>
    <line>
      <![CDATA[Test parameteres: ]]>
    </line>
    <line>
      <![CDATA[userName: admin]]>
    </line>
    <line>
      <![CDATA[userPass: 1234]]>
    </line>
    <line>
      <![CDATA[login_ip: 10.7.0.78]]>
    </line>
    <line>
      <![CDATA[uiport: 4444]]>
    </line>
    <line>
      <![CDATA[Test parameteres: ]]>
    </line>
    <line>
      <![CDATA[userName: admin]]>
    </line>
    <line>
      <![CDATA[userPass: 1234]]>
    </line>
    <line>
      <![CDATA[login_ip: 10.7.0.78]]>
    </line>
    <line>
      <![CDATA[uiport: 4444]]>
    </line>
    <line>
      <![CDATA[Test parameteres: ]]>
    </line>
    <line>
      <![CDATA[userName: admin]]>
    </line>
    <line>
      <![CDATA[userPass: 1234]]>
    </line>
    <line>
      <![CDATA[login_ip: 10.7.0.78]]>
    </line>
    <line>
      <![CDATA[uiport: 4444]]>
    </line>
    <line>
      <![CDATA[Test parameteres: ]]>
    </line>
    <line>
      <![CDATA[userName: admin]]>
    </line>
    <line>
      <![CDATA[userPass: 1234]]>
    </line>
    <line>
      <![CDATA[login_ip: 10.7.0.78]]>
    </line>
    <line>
      <![CDATA[uiport: 4444]]>
    </line>
    <line>
      <![CDATA[Test parameteres: ]]>
    </line>
    <line>
      <![CDATA[userName: admin]]>
    </line>
    <line>
      <![CDATA[userPass: 1234]]>
    </line>
    <line>
      <![CDATA[login_ip: 10.7.0.78]]>
    </line>
    <line>
      <![CDATA[uiport: 4444]]>
    </line>
    <line>
      <![CDATA[Test parameteres: ]]>
    </line>
    <line>
      <![CDATA[userName: admin]]>
    </line>
    <line>
      <![CDATA[userPass: 1234]]>
    </line>
    <line>
      <![CDATA[login_ip: 10.7.0.78]]>
    </line>
    <line>
      <![CDATA[uiport: 4444]]>
    </line>
    <line>
      <![CDATA[Test parameteres: ]]>
    </line>
    <line>
      <![CDATA[userName: admin]]>
    </line>
    <line>
      <![CDATA[userPass: 1234]]>
    </line>
    <line>
      <![CDATA[login_ip: 10.7.0.78]]>
    </line>
    <line>
      <![CDATA[uiport: 4444]]>
    </line>
    <line>
      <![CDATA[Test parameteres: ]]>
    </line>
    <line>
      <![CDATA[userName: admin]]>
    </line>
    <line>
      <![CDATA[userPass: 1234]]>
    </line>
    <line>
      <![CDATA[login_ip: 10.7.0.78]]>
    </line>
    <line>
      <![CDATA[uiport: 4444]]>
    </line>
    <line>
      <![CDATA[Test parameteres: ]]>
    </line>
    <line>
      <![CDATA[userName: admin]]>
    </line>
    <line>
      <![CDATA[userPass: 1234]]>
    </line>
    <line>
      <![CDATA[login_ip: 10.7.0.78]]>
    </line>
    <line>
      <![CDATA[uiport: 4444]]>
    </line>
    <line>
      <![CDATA[Test parameteres: ]]>
    </line>
    <line>
      <![CDATA[userName: admin]]>
    </line>
    <line>
      <![CDATA[userPass: 1234]]>
    </line>
    <line>
      <![CDATA[login_ip: 10.7.0.78]]>
    </line>
    <line>
      <![CDATA[uiport: 4444]]>
    </line>
    <line>
      <![CDATA[Test parameteres: ]]>
    </line>
    <line>
      <![CDATA[userName: admin]]>
    </line>
    <line>
      <![CDATA[userPass: 1234]]>
    </line>
    <line>
      <![CDATA[login_ip: 10.7.0.78]]>
    </line>
    <line>
      <![CDATA[uiport: 4444]]>
    </line>
    <line>
      <![CDATA[Test parameteres: ]]>
    </line>
    <line>
      <![CDATA[userName: admin]]>
    </line>
    <line>
      <![CDATA[userPass: 1234]]>
    </line>
    <line>
      <![CDATA[login_ip: 10.7.0.78]]>
    </line>
    <line>
      <![CDATA[uiport: 4444]]>
    </line>
    <line>
      <![CDATA[Test parameteres: ]]>
    </line>
    <line>
      <![CDATA[userName: admin]]>
    </line>
    <line>
      <![CDATA[userPass: 1234]]>
    </line>
    <line>
      <![CDATA[login_ip: 10.7.0.78]]>
    </line>
    <line>
      <![CDATA[uiport: 4444]]>
    </line>
    <line>
      <![CDATA[Test parameteres: ]]>
    </line>
    <line>
      <![CDATA[userName: admin]]>
    </line>
    <line>
      <![CDATA[userPass: 1234]]>
    </line>
    <line>
      <![CDATA[login_ip: 10.7.0.78]]>
    </line>
    <line>
      <![CDATA[uiport: 4444]]>
    </line>
    <line>
      <![CDATA[Test parameteres: ]]>
    </line>
    <line>
      <![CDATA[userName: admin]]>
    </line>
    <line>
      <![CDATA[userPass: 1234]]>
    </line>
    <line>
      <![CDATA[login_ip: 10.7.0.78]]>
    </line>
    <line>
      <![CDATA[uiport: 4444]]>
    </line>
    <line>
      <![CDATA[Test parameteres: ]]>
    </line>
    <line>
      <![CDATA[userName: admin]]>
    </line>
    <line>
      <![CDATA[userPass: 1234]]>
    </line>
    <line>
      <![CDATA[login_ip: 10.7.0.78]]>
    </line>
    <line>
      <![CDATA[uiport: 4444]]>
    </line>
    <line>
      <![CDATA[Test parameteres: ]]>
    </line>
    <line>
      <![CDATA[userName: admin]]>
    </line>
    <line>
      <![CDATA[userPass: 1234]]>
    </line>
    <line>
      <![CDATA[login_ip: 10.7.0.78]]>
    </line>
    <line>
      <![CDATA[uiport: 4444]]>
    </line>
    <line>
      <![CDATA[Test parameteres: ]]>
    </line>
    <line>
      <![CDATA[userName: admin]]>
    </line>
    <line>
      <![CDATA[userPass: 1234]]>
    </line>
    <line>
      <![CDATA[login_ip: 10.7.0.78]]>
    </line>
    <line>
      <![CDATA[uiport: 4444]]>
    </line>
    <line>
      <![CDATA[Test parameteres: ]]>
    </line>
    <line>
      <![CDATA[userName: admin]]>
    </line>
    <line>
      <![CDATA[userPass: 1234]]>
    </line>
    <line>
      <![CDATA[login_ip: 10.7.0.78]]>
    </line>
    <line>
      <![CDATA[uiport: 4444]]>
    </line>
    <line>
      <![CDATA[Test parameteres: ]]>
    </line>
    <line>
      <![CDATA[userName: admin]]>
    </line>
    <line>
      <![CDATA[userPass: 1234]]>
    </line>
    <line>
      <![CDATA[login_ip: 10.7.0.78]]>
    </line>
    <line>
      <![CDATA[uiport: 4444]]>
    </line>
    <line>
      <![CDATA[Test parameteres: ]]>
    </line>
    <line>
      <![CDATA[userName: admin]]>
    </line>
    <line>
      <![CDATA[userPass: 1234]]>
    </line>
    <line>
      <![CDATA[login_ip: 10.7.0.78]]>
    </line>
    <line>
      <![CDATA[uiport: 4444]]>
    </line>
    <line>
      <![CDATA[Test parameteres: ]]>
    </line>
    <line>
      <![CDATA[userName: admin]]>
    </line>
    <line>
      <![CDATA[userPass: 1234]]>
    </line>
    <line>
      <![CDATA[login_ip: 10.7.0.78]]>
    </line>
    <line>
      <![CDATA[uiport: 4444]]>
    </line>
    <line>
      <![CDATA[Test parameteres: ]]>
    </line>
    <line>
      <![CDATA[userName: admin]]>
    </line>
    <line>
      <![CDATA[userPass: 1234]]>
    </line>
    <line>
      <![CDATA[login_ip: 10.7.0.78]]>
    </line>
    <line>
      <![CDATA[uiport: 4444]]>
    </line>
    <line>
      <![CDATA[Test parameteres: ]]>
    </line>
    <line>
      <![CDATA[userName: admin]]>
    </line>
    <line>
      <![CDATA[userPass: 1234]]>
    </line>
    <line>
      <![CDATA[login_ip: 10.7.0.78]]>
    </line>
    <line>
      <![CDATA[uiport: 4444]]>
    </line>
    <line>
      <![CDATA[Test parameteres: ]]>
    </line>
    <line>
      <![CDATA[userName: admin]]>
    </line>
    <line>
      <![CDATA[userPass: 1234]]>
    </line>
    <line>
      <![CDATA[login_ip: 10.7.0.78]]>
    </line>
    <line>
      <![CDATA[uiport: 4444]]>
    </line>
    <line>
      <![CDATA[Test parameteres: ]]>
    </line>
    <line>
      <![CDATA[userName: admin]]>
    </line>
    <line>
      <![CDATA[userPass: 1234]]>
    </line>
    <line>
      <![CDATA[login_ip: 10.7.0.78]]>
    </line>
    <line>
      <![CDATA[uiport: 4444]]>
    </line>
    <line>
      <![CDATA[Test parameteres: ]]>
    </line>
    <line>
      <![CDATA[userName: admin]]>
    </line>
    <line>
      <![CDATA[userPass: 1234]]>
    </line>
    <line>
      <![CDATA[login_ip: 10.7.0.78]]>
    </line>
    <line>
      <![CDATA[uiport: 4444]]>
    </line>
    <line>
      <![CDATA[Test parameteres: ]]>
    </line>
    <line>
      <![CDATA[userName: admin]]>
    </line>
    <line>
      <![CDATA[userPass: 1234]]>
    </line>
    <line>
      <![CDATA[login_ip: 10.7.0.78]]>
    </line>
    <line>
      <![CDATA[uiport: 4444]]>
    </line>
    <line>
      <![CDATA[Test parameteres: ]]>
    </line>
    <line>
      <![CDATA[userName: admin]]>
    </line>
    <line>
      <![CDATA[userPass: 1234]]>
    </line>
    <line>
      <![CDATA[login_ip: 10.7.0.78]]>
    </line>
    <line>
      <![CDATA[uiport: 4444]]>
    </line>
    <line>
      <![CDATA[Test parameteres: ]]>
    </line>
    <line>
      <![CDATA[userName: admin]]>
    </line>
    <line>
      <![CDATA[userPass: 1234]]>
    </line>
    <line>
      <![CDATA[login_ip: 10.7.0.78]]>
    </line>
    <line>
      <![CDATA[uiport: 4444]]>
    </line>
    <line>
      <![CDATA[Test parameteres: ]]>
    </line>
    <line>
      <![CDATA[userName: admin]]>
    </line>
    <line>
      <![CDATA[userPass: 1234]]>
    </line>
    <line>
      <![CDATA[login_ip: 10.7.0.78]]>
    </line>
    <line>
      <![CDATA[uiport: 4444]]>
    </line>
    <line>
      <![CDATA[Test parameteres: ]]>
    </line>
    <line>
      <![CDATA[userName: admin]]>
    </line>
    <line>
      <![CDATA[userPass: 1234]]>
    </line>
    <line>
      <![CDATA[login_ip: 10.7.0.78]]>
    </line>
    <line>
      <![CDATA[uiport: 4444]]>
    </line>
    <line>
      <![CDATA[Test parameteres: ]]>
    </line>
    <line>
      <![CDATA[userName: admin]]>
    </line>
    <line>
      <![CDATA[userPass: 1234]]>
    </line>
    <line>
      <![CDATA[login_ip: 10.7.0.78]]>
    </line>
    <line>
      <![CDATA[uiport: 4444]]>
    </line>
    <line>
      <![CDATA[Test parameteres: ]]>
    </line>
    <line>
      <![CDATA[userName: admin]]>
    </line>
    <line>
      <![CDATA[userPass: 1234]]>
    </line>
    <line>
      <![CDATA[login_ip: 10.7.0.78]]>
    </line>
    <line>
      <![CDATA[uiport: 4444]]>
    </line>
    <line>
      <![CDATA[Test parameteres: ]]>
    </line>
    <line>
      <![CDATA[userName: admin]]>
    </line>
    <line>
      <![CDATA[userPass: 1234]]>
    </line>
    <line>
      <![CDATA[login_ip: 10.7.0.78]]>
    </line>
    <line>
      <![CDATA[uiport: 4444]]>
    </line>
    <line>
      <![CDATA[Test parameteres: ]]>
    </line>
    <line>
      <![CDATA[userName: admin]]>
    </line>
    <line>
      <![CDATA[userPass: 1234]]>
    </line>
    <line>
      <![CDATA[login_ip: 10.7.0.78]]>
    </line>
    <line>
      <![CDATA[uiport: 4444]]>
    </line>
    <line>
      <![CDATA[Test parameteres: ]]>
    </line>
    <line>
      <![CDATA[userName: admin]]>
    </line>
    <line>
      <![CDATA[userPass: 1234]]>
    </line>
    <line>
      <![CDATA[login_ip: 10.7.0.78]]>
    </line>
    <line>
      <![CDATA[uiport: 4444]]>
    </line>
    <line>
      <![CDATA[Test parameteres: ]]>
    </line>
    <line>
      <![CDATA[userName: admin]]>
    </line>
    <line>
      <![CDATA[userPass: 1234]]>
    </line>
    <line>
      <![CDATA[login_ip: 10.7.0.78]]>
    </line>
    <line>
      <![CDATA[uiport: 4444]]>
    </line>
    <line>
      <![CDATA[Test parameteres: ]]>
    </line>
    <line>
      <![CDATA[userName: admin]]>
    </line>
    <line>
      <![CDATA[userPass: 1234]]>
    </line>
    <line>
      <![CDATA[login_ip: 10.7.0.78]]>
    </line>
    <line>
      <![CDATA[uiport: 4444]]>
    </line>
    <line>
      <![CDATA[Test parameteres: ]]>
    </line>
    <line>
      <![CDATA[userName: admin]]>
    </line>
    <line>
      <![CDATA[userPass: 1234]]>
    </line>
    <line>
      <![CDATA[login_ip: 10.7.0.78]]>
    </line>
    <line>
      <![CDATA[uiport: 4444]]>
    </line>
    <line>
      <![CDATA[Test parameteres: ]]>
    </line>
    <line>
      <![CDATA[userName: admin]]>
    </line>
    <line>
      <![CDATA[userPass: 1234]]>
    </line>
    <line>
      <![CDATA[login_ip: 10.7.0.78]]>
    </line>
    <line>
      <![CDATA[uiport: 4444]]>
    </line>
    <line>
      <![CDATA[Test parameteres: ]]>
    </line>
    <line>
      <![CDATA[userName: admin]]>
    </line>
    <line>
      <![CDATA[userPass: 1234]]>
    </line>
    <line>
      <![CDATA[login_ip: 10.7.0.78]]>
    </line>
    <line>
      <![CDATA[uiport: 4444]]>
    </line>
    <line>
      <![CDATA[Test parameteres: ]]>
    </line>
    <line>
      <![CDATA[userName: admin]]>
    </line>
    <line>
      <![CDATA[userPass: 1234]]>
    </line>
    <line>
      <![CDATA[login_ip: 10.7.0.78]]>
    </line>
    <line>
      <![CDATA[uiport: 4444]]>
    </line>
    <line>
      <![CDATA[Test parameteres: ]]>
    </line>
    <line>
      <![CDATA[userName: admin]]>
    </line>
    <line>
      <![CDATA[userPass: 1234]]>
    </line>
    <line>
      <![CDATA[login_ip: 10.7.0.78]]>
    </line>
    <line>
      <![CDATA[uiport: 4444]]>
    </line>
    <line>
      <![CDATA[Test parameteres: ]]>
    </line>
    <line>
      <![CDATA[userName: admin]]>
    </line>
    <line>
      <![CDATA[userPass: 1234]]>
    </line>
    <line>
      <![CDATA[login_ip: 10.7.0.78]]>
    </line>
    <line>
      <![CDATA[uiport: 4444]]>
    </line>
    <line>
      <![CDATA[Test parameteres: ]]>
    </line>
    <line>
      <![CDATA[userName: admin]]>
    </line>
    <line>
      <![CDATA[userPass: 1234]]>
    </line>
    <line>
      <![CDATA[login_ip: 10.7.0.78]]>
    </line>
    <line>
      <![CDATA[uiport: 4444]]>
    </line>
    <line>
      <![CDATA[Test parameteres: ]]>
    </line>
    <line>
      <![CDATA[userName: admin]]>
    </line>
    <line>
      <![CDATA[userPass: 1234]]>
    </line>
    <line>
      <![CDATA[login_ip: 10.7.0.78]]>
    </line>
    <line>
      <![CDATA[uiport: 4444]]>
    </line>
    <line>
      <![CDATA[Test parameteres: ]]>
    </line>
    <line>
      <![CDATA[userName: admin]]>
    </line>
    <line>
      <![CDATA[userPass: 1234]]>
    </line>
    <line>
      <![CDATA[login_ip: 10.7.0.78]]>
    </line>
    <line>
      <![CDATA[uiport: 4444]]>
    </line>
    <line>
      <![CDATA[Test parameteres: ]]>
    </line>
    <line>
      <![CDATA[userName: admin]]>
    </line>
    <line>
      <![CDATA[userPass: 1234]]>
    </line>
    <line>
      <![CDATA[login_ip: 10.7.0.78]]>
    </line>
    <line>
      <![CDATA[uiport: 4444]]>
    </line>
    <line>
      <![CDATA[Test parameteres: ]]>
    </line>
    <line>
      <![CDATA[userName: admin]]>
    </line>
    <line>
      <![CDATA[userPass: 1234]]>
    </line>
    <line>
      <![CDATA[login_ip: 10.7.0.78]]>
    </line>
    <line>
      <![CDATA[uiport: 4444]]>
    </line>
    <line>
      <![CDATA[Test parameteres: ]]>
    </line>
    <line>
      <![CDATA[userName: admin]]>
    </line>
    <line>
      <![CDATA[userPass: 1234]]>
    </line>
    <line>
      <![CDATA[login_ip: 10.7.0.78]]>
    </line>
    <line>
      <![CDATA[uiport: 4444]]>
    </line>
    <line>
      <![CDATA[Test parameteres: ]]>
    </line>
    <line>
      <![CDATA[userName: admin]]>
    </line>
    <line>
      <![CDATA[userPass: 1234]]>
    </line>
    <line>
      <![CDATA[login_ip: 10.7.0.78]]>
    </line>
    <line>
      <![CDATA[uiport: 4444]]>
    </line>
    <line>
      <![CDATA[Test parameteres: ]]>
    </line>
    <line>
      <![CDATA[userName: admin]]>
    </line>
    <line>
      <![CDATA[userPass: 1234]]>
    </line>
    <line>
      <![CDATA[login_ip: 10.7.0.78]]>
    </line>
    <line>
      <![CDATA[uiport: 4444]]>
    </line>
    <line>
      <![CDATA[Test parameteres: ]]>
    </line>
    <line>
      <![CDATA[userName: admin]]>
    </line>
    <line>
      <![CDATA[userPass: 1234]]>
    </line>
    <line>
      <![CDATA[login_ip: 10.7.0.78]]>
    </line>
    <line>
      <![CDATA[uiport: 4444]]>
    </line>
    <line>
      <![CDATA[Test parameteres: ]]>
    </line>
    <line>
      <![CDATA[userName: admin]]>
    </line>
    <line>
      <![CDATA[userPass: 1234]]>
    </line>
    <line>
      <![CDATA[login_ip: 10.7.0.78]]>
    </line>
    <line>
      <![CDATA[uiport: 4444]]>
    </line>
    <line>
      <![CDATA[Test parameteres: ]]>
    </line>
    <line>
      <![CDATA[userName: admin]]>
    </line>
    <line>
      <![CDATA[userPass: 1234]]>
    </line>
    <line>
      <![CDATA[login_ip: 10.7.0.78]]>
    </line>
    <line>
      <![CDATA[uiport: 4444]]>
    </line>
    <line>
      <![CDATA[Test parameteres: ]]>
    </line>
    <line>
      <![CDATA[userName: admin]]>
    </line>
    <line>
      <![CDATA[userPass: 1234]]>
    </line>
    <line>
      <![CDATA[login_ip: 10.7.0.78]]>
    </line>
    <line>
      <![CDATA[uiport: 4444]]>
    </line>
    <line>
      <![CDATA[Test parameteres: ]]>
    </line>
    <line>
      <![CDATA[userName: admin]]>
    </line>
    <line>
      <![CDATA[userPass: 1234]]>
    </line>
    <line>
      <![CDATA[login_ip: 10.7.0.78]]>
    </line>
    <line>
      <![CDATA[uiport: 4444]]>
    </line>
    <line>
      <![CDATA[Test parameteres: ]]>
    </line>
    <line>
      <![CDATA[userName: admin]]>
    </line>
    <line>
      <![CDATA[userPass: 1234]]>
    </line>
    <line>
      <![CDATA[login_ip: 10.7.0.78]]>
    </line>
    <line>
      <![CDATA[uiport: 4444]]>
    </line>
    <line>
      <![CDATA[Test parameteres: ]]>
    </line>
    <line>
      <![CDATA[userName: admin]]>
    </line>
    <line>
      <![CDATA[userPass: 1234]]>
    </line>
    <line>
      <![CDATA[login_ip: 10.7.0.78]]>
    </line>
    <line>
      <![CDATA[uiport: 4444]]>
    </line>
    <line>
      <![CDATA[Test parameteres: ]]>
    </line>
    <line>
      <![CDATA[userName: admin]]>
    </line>
    <line>
      <![CDATA[userPass: 1234]]>
    </line>
    <line>
      <![CDATA[login_ip: 10.7.0.78]]>
    </line>
    <line>
      <![CDATA[uiport: 4444]]>
    </line>
    <line>
      <![CDATA[Test parameteres: ]]>
    </line>
    <line>
      <![CDATA[userName: admin]]>
    </line>
    <line>
      <![CDATA[userPass: 1234]]>
    </line>
    <line>
      <![CDATA[login_ip: 10.7.0.78]]>
    </line>
    <line>
      <![CDATA[uiport: 4444]]>
    </line>
    <line>
      <![CDATA[Test parameteres: ]]>
    </line>
    <line>
      <![CDATA[userName: admin]]>
    </line>
    <line>
      <![CDATA[userPass: 1234]]>
    </line>
    <line>
      <![CDATA[login_ip: 10.7.0.78]]>
    </line>
    <line>
      <![CDATA[uiport: 4444]]>
    </line>
    <line>
      <![CDATA[Test parameteres: ]]>
    </line>
    <line>
      <![CDATA[userName: admin]]>
    </line>
    <line>
      <![CDATA[userPass: 1234]]>
    </line>
    <line>
      <![CDATA[login_ip: 10.7.0.78]]>
    </line>
    <line>
      <![CDATA[uiport: 4444]]>
    </line>
    <line>
      <![CDATA[Test parameteres: ]]>
    </line>
    <line>
      <![CDATA[userName: admin]]>
    </line>
    <line>
      <![CDATA[userPass: 1234]]>
    </line>
    <line>
      <![CDATA[login_ip: 10.7.0.78]]>
    </line>
    <line>
      <![CDATA[uiport: 4444]]>
    </line>
    <line>
      <![CDATA[Test parameteres: ]]>
    </line>
    <line>
      <![CDATA[userName: admin]]>
    </line>
    <line>
      <![CDATA[userPass: 1234]]>
    </line>
    <line>
      <![CDATA[login_ip: 10.7.0.78]]>
    </line>
    <line>
      <![CDATA[uiport: 4444]]>
    </line>
    <line>
      <![CDATA[Test parameteres: ]]>
    </line>
    <line>
      <![CDATA[userName: admin]]>
    </line>
    <line>
      <![CDATA[userPass: 1234]]>
    </line>
    <line>
      <![CDATA[login_ip: 10.7.0.78]]>
    </line>
    <line>
      <![CDATA[uiport: 4444]]>
    </line>
    <line>
      <![CDATA[Test parameteres: ]]>
    </line>
    <line>
      <![CDATA[userName: admin]]>
    </line>
    <line>
      <![CDATA[userPass: 1234]]>
    </line>
    <line>
      <![CDATA[login_ip: 10.7.0.78]]>
    </line>
    <line>
      <![CDATA[uiport: 4444]]>
    </line>
    <line>
      <![CDATA[Test parameteres: ]]>
    </line>
    <line>
      <![CDATA[userName: admin]]>
    </line>
    <line>
      <![CDATA[userPass: 1234]]>
    </line>
    <line>
      <![CDATA[login_ip: 10.7.0.78]]>
    </line>
    <line>
      <![CDATA[uiport: 4444]]>
    </line>
    <line>
      <![CDATA[Test parameteres: ]]>
    </line>
    <line>
      <![CDATA[userName: admin]]>
    </line>
    <line>
      <![CDATA[userPass: 1234]]>
    </line>
    <line>
      <![CDATA[login_ip: 10.7.0.78]]>
    </line>
    <line>
      <![CDATA[uiport: 4444]]>
    </line>
    <line>
      <![CDATA[Test parameteres: ]]>
    </line>
    <line>
      <![CDATA[userName: admin]]>
    </line>
    <line>
      <![CDATA[userPass: 1234]]>
    </line>
    <line>
      <![CDATA[login_ip: 10.7.0.78]]>
    </line>
    <line>
      <![CDATA[uiport: 4444]]>
    </line>
    <line>
      <![CDATA[Test parameteres: ]]>
    </line>
    <line>
      <![CDATA[userName: admin]]>
    </line>
    <line>
      <![CDATA[userPass: 1234]]>
    </line>
    <line>
      <![CDATA[login_ip: 10.7.0.78]]>
    </line>
    <line>
      <![CDATA[uiport: 4444]]>
    </line>
    <line>
      <![CDATA[Test parameteres: ]]>
    </line>
    <line>
      <![CDATA[userName: admin]]>
    </line>
    <line>
      <![CDATA[userPass: 1234]]>
    </line>
    <line>
      <![CDATA[login_ip: 10.7.0.78]]>
    </line>
    <line>
      <![CDATA[uiport: 4444]]>
    </line>
    <line>
      <![CDATA[Test parameteres: ]]>
    </line>
    <line>
      <![CDATA[userName: admin]]>
    </line>
    <line>
      <![CDATA[userPass: 1234]]>
    </line>
    <line>
      <![CDATA[login_ip: 10.7.0.78]]>
    </line>
    <line>
      <![CDATA[uiport: 4444]]>
    </line>
    <line>
      <![CDATA[Test parameteres: ]]>
    </line>
    <line>
      <![CDATA[userName: admin]]>
    </line>
    <line>
      <![CDATA[userPass: 1234]]>
    </line>
    <line>
      <![CDATA[login_ip: 10.7.0.78]]>
    </line>
    <line>
      <![CDATA[uiport: 4444]]>
    </line>
    <line>
      <![CDATA[Test parameteres: ]]>
    </line>
    <line>
      <![CDATA[userName: admin]]>
    </line>
    <line>
      <![CDATA[userPass: 1234]]>
    </line>
    <line>
      <![CDATA[login_ip: 10.7.0.78]]>
    </line>
    <line>
      <![CDATA[uiport: 4444]]>
    </line>
    <line>
      <![CDATA[Test parameteres: ]]>
    </line>
    <line>
      <![CDATA[userName: admin]]>
    </line>
    <line>
      <![CDATA[userPass: 1234]]>
    </line>
    <line>
      <![CDATA[login_ip: 10.7.0.78]]>
    </line>
    <line>
      <![CDATA[uiport: 4444]]>
    </line>
    <line>
      <![CDATA[Test parameteres: ]]>
    </line>
    <line>
      <![CDATA[userName: admin]]>
    </line>
    <line>
      <![CDATA[userPass: 1234]]>
    </line>
    <line>
      <![CDATA[login_ip: 10.7.0.78]]>
    </line>
    <line>
      <![CDATA[uiport: 4444]]>
    </line>
    <line>
      <![CDATA[Test parameteres: ]]>
    </line>
    <line>
      <![CDATA[userName: admin]]>
    </line>
    <line>
      <![CDATA[userPass: 1234]]>
    </line>
    <line>
      <![CDATA[login_ip: 10.7.0.78]]>
    </line>
    <line>
      <![CDATA[uiport: 4444]]>
    </line>
    <line>
      <![CDATA[Test parameteres: ]]>
    </line>
    <line>
      <![CDATA[userName: admin]]>
    </line>
    <line>
      <![CDATA[userPass: 1234]]>
    </line>
    <line>
      <![CDATA[login_ip: 10.7.0.78]]>
    </line>
    <line>
      <![CDATA[uiport: 4444]]>
    </line>
    <line>
      <![CDATA[Test parameteres: ]]>
    </line>
    <line>
      <![CDATA[userName: admin]]>
    </line>
    <line>
      <![CDATA[userPass: 1234]]>
    </line>
    <line>
      <![CDATA[login_ip: 10.7.0.78]]>
    </line>
    <line>
      <![CDATA[uiport: 4444]]>
    </line>
    <line>
      <![CDATA[Test parameteres: ]]>
    </line>
    <line>
      <![CDATA[userName: admin]]>
    </line>
    <line>
      <![CDATA[userPass: 1234]]>
    </line>
    <line>
      <![CDATA[login_ip: 10.7.0.78]]>
    </line>
    <line>
      <![CDATA[uiport: 4444]]>
    </line>
    <line>
      <![CDATA[Test parameteres: ]]>
    </line>
    <line>
      <![CDATA[userName: admin]]>
    </line>
    <line>
      <![CDATA[userPass: 1234]]>
    </line>
    <line>
      <![CDATA[login_ip: 10.7.0.78]]>
    </line>
    <line>
      <![CDATA[uiport: 4444]]>
    </line>
    <line>
      <![CDATA[Test parameteres: ]]>
    </line>
    <line>
      <![CDATA[userName: admin]]>
    </line>
    <line>
      <![CDATA[userPass: 1234]]>
    </line>
    <line>
      <![CDATA[login_ip: 10.7.0.78]]>
    </line>
    <line>
      <![CDATA[uiport: 4444]]>
    </line>
    <line>
      <![CDATA[Test parameteres: ]]>
    </line>
    <line>
      <![CDATA[userName: admin]]>
    </line>
    <line>
      <![CDATA[userPass: 1234]]>
    </line>
    <line>
      <![CDATA[login_ip: 10.7.0.78]]>
    </line>
    <line>
      <![CDATA[uiport: 4444]]>
    </line>
    <line>
      <![CDATA[Test parameteres: ]]>
    </line>
    <line>
      <![CDATA[userName: admin]]>
    </line>
    <line>
      <![CDATA[userPass: 1234]]>
    </line>
    <line>
      <![CDATA[login_ip: 10.7.0.78]]>
    </line>
    <line>
      <![CDATA[uiport: 4444]]>
    </line>
    <line>
      <![CDATA[Test parameteres: ]]>
    </line>
    <line>
      <![CDATA[userName: admin]]>
    </line>
    <line>
      <![CDATA[userPass: 1234]]>
    </line>
    <line>
      <![CDATA[login_ip: 10.7.0.78]]>
    </line>
    <line>
      <![CDATA[uiport: 4444]]>
    </line>
    <line>
      <![CDATA[Test parameteres: ]]>
    </line>
    <line>
      <![CDATA[userName: admin]]>
    </line>
    <line>
      <![CDATA[userPass: 1234]]>
    </line>
    <line>
      <![CDATA[login_ip: 10.7.0.78]]>
    </line>
    <line>
      <![CDATA[uiport: 4444]]>
    </line>
    <line>
      <![CDATA[Test parameteres: ]]>
    </line>
    <line>
      <![CDATA[userName: admin]]>
    </line>
    <line>
      <![CDATA[userPass: 1234]]>
    </line>
    <line>
      <![CDATA[login_ip: 10.7.0.78]]>
    </line>
    <line>
      <![CDATA[uiport: 4444]]>
    </line>
    <line>
      <![CDATA[Test parameteres: ]]>
    </line>
    <line>
      <![CDATA[userName: admin]]>
    </line>
    <line>
      <![CDATA[userPass: 1234]]>
    </line>
    <line>
      <![CDATA[login_ip: 10.7.0.78]]>
    </line>
    <line>
      <![CDATA[uiport: 4444]]>
    </line>
    <line>
      <![CDATA[Test parameteres: ]]>
    </line>
    <line>
      <![CDATA[userName: admin]]>
    </line>
    <line>
      <![CDATA[userPass: 1234]]>
    </line>
    <line>
      <![CDATA[login_ip: 10.7.0.78]]>
    </line>
    <line>
      <![CDATA[uiport: 4444]]>
    </line>
    <line>
      <![CDATA[Test parameteres: ]]>
    </line>
    <line>
      <![CDATA[userName: admin]]>
    </line>
    <line>
      <![CDATA[userPass: 1234]]>
    </line>
    <line>
      <![CDATA[login_ip: 10.7.0.78]]>
    </line>
    <line>
      <![CDATA[uiport: 4444]]>
    </line>
    <line>
      <![CDATA[Test parameteres: ]]>
    </line>
    <line>
      <![CDATA[userName: admin]]>
    </line>
    <line>
      <![CDATA[userPass: 1234]]>
    </line>
    <line>
      <![CDATA[login_ip: 10.7.0.78]]>
    </line>
    <line>
      <![CDATA[uiport: 4444]]>
    </line>
    <line>
      <![CDATA[Test parameteres: ]]>
    </line>
    <line>
      <![CDATA[userName: admin]]>
    </line>
    <line>
      <![CDATA[userPass: 1234]]>
    </line>
    <line>
      <![CDATA[login_ip: 10.7.0.78]]>
    </line>
    <line>
      <![CDATA[uiport: 4444]]>
    </line>
    <line>
      <![CDATA[Test parameteres: ]]>
    </line>
    <line>
      <![CDATA[userName: admin]]>
    </line>
    <line>
      <![CDATA[userPass: 1234]]>
    </line>
    <line>
      <![CDATA[login_ip: 10.7.0.78]]>
    </line>
    <line>
      <![CDATA[uiport: 4444]]>
    </line>
    <line>
      <![CDATA[Test parameteres: ]]>
    </line>
    <line>
      <![CDATA[userName: admin]]>
    </line>
    <line>
      <![CDATA[userPass: 1234]]>
    </line>
    <line>
      <![CDATA[login_ip: 10.7.0.78]]>
    </line>
    <line>
      <![CDATA[uiport: 4444]]>
    </line>
    <line>
      <![CDATA[Test parameteres: ]]>
    </line>
    <line>
      <![CDATA[userName: admin]]>
    </line>
    <line>
      <![CDATA[userPass: 1234]]>
    </line>
    <line>
      <![CDATA[login_ip: 10.7.0.78]]>
    </line>
    <line>
      <![CDATA[uiport: 4444]]>
    </line>
    <line>
      <![CDATA[Test parameteres: ]]>
    </line>
    <line>
      <![CDATA[userName: admin]]>
    </line>
    <line>
      <![CDATA[userPass: 1234]]>
    </line>
    <line>
      <![CDATA[login_ip: 10.7.0.78]]>
    </line>
    <line>
      <![CDATA[uiport: 4444]]>
    </line>
    <line>
      <![CDATA[Test parameteres: ]]>
    </line>
    <line>
      <![CDATA[userName: admin]]>
    </line>
    <line>
      <![CDATA[userPass: 1234]]>
    </line>
    <line>
      <![CDATA[login_ip: 10.7.0.78]]>
    </line>
    <line>
      <![CDATA[uiport: 4444]]>
    </line>
    <line>
      <![CDATA[Test parameteres: ]]>
    </line>
    <line>
      <![CDATA[userName: admin]]>
    </line>
    <line>
      <![CDATA[userPass: 1234]]>
    </line>
    <line>
      <![CDATA[login_ip: 10.7.0.78]]>
    </line>
    <line>
      <![CDATA[uiport: 4444]]>
    </line>
    <line>
      <![CDATA[Test parameteres: ]]>
    </line>
    <line>
      <![CDATA[userName: admin]]>
    </line>
    <line>
      <![CDATA[userPass: 1234]]>
    </line>
    <line>
      <![CDATA[login_ip: 10.7.0.78]]>
    </line>
    <line>
      <![CDATA[uiport: 4444]]>
    </line>
    <line>
      <![CDATA[Test parameteres: ]]>
    </line>
    <line>
      <![CDATA[userName: admin]]>
    </line>
    <line>
      <![CDATA[userPass: 1234]]>
    </line>
    <line>
      <![CDATA[login_ip: 10.7.0.78]]>
    </line>
    <line>
      <![CDATA[uiport: 4444]]>
    </line>
    <line>
      <![CDATA[Test parameteres: ]]>
    </line>
    <line>
      <![CDATA[userName: admin]]>
    </line>
    <line>
      <![CDATA[userPass: 1234]]>
    </line>
    <line>
      <![CDATA[login_ip: 10.7.0.78]]>
    </line>
    <line>
      <![CDATA[uiport: 4444]]>
    </line>
    <line>
      <![CDATA[Test parameteres: ]]>
    </line>
    <line>
      <![CDATA[userName: admin]]>
    </line>
    <line>
      <![CDATA[userPass: 1234]]>
    </line>
    <line>
      <![CDATA[login_ip: 10.7.0.78]]>
    </line>
    <line>
      <![CDATA[uiport: 4444]]>
    </line>
    <line>
      <![CDATA[Test parameteres: ]]>
    </line>
    <line>
      <![CDATA[userName: admin]]>
    </line>
    <line>
      <![CDATA[userPass: 1234]]>
    </line>
    <line>
      <![CDATA[login_ip: 10.7.0.78]]>
    </line>
    <line>
      <![CDATA[uiport: 4444]]>
    </line>
    <line>
      <![CDATA[Test parameteres: ]]>
    </line>
    <line>
      <![CDATA[login_ip: 10.7.0.78]]>
    </line>
    <line>
      <![CDATA[userName: admin]]>
    </line>
    <line>
      <![CDATA[userPassword: 1234]]>
    </line>
    <line>
      <![CDATA[name: 480p_trans_hw]]>
    </line>
    <line>
      <![CDATA[uiport: 4444]]>
    </line>
    <line>
      <![CDATA[Test parameteres: ]]>
    </line>
    <line>
      <![CDATA[login_ip: 10.7.0.78]]>
    </line>
    <line>
      <![CDATA[userName: admin]]>
    </line>
    <line>
      <![CDATA[userPassword: 1234]]>
    </line>
    <line>
      <![CDATA[streamId: transcoder]]>
    </line>
    <line>
      <![CDATA[uiport: 4444]]>
    </line>
    <line>
      <![CDATA[Stream transcoder removed.]]>
    </line>
    <line>
      <![CDATA[Test parameteres: ]]>
    </line>
    <line>
      <![CDATA[userName: admin]]>
    </line>
    <line>
      <![CDATA[userPass: 1234]]>
    </line>
    <line>
      <![CDATA[Host: 10.7.0.64]]>
    </line>
    <line>
      <![CDATA[loin_ip: 10.7.0.78]]>
    </line>
    <line>
      <![CDATA[id: transcoder]]>
    </line>
    <line>
      <![CDATA[source: mpeg2]]>
    </line>
    <line>
      <![CDATA[uiport: 4444]]>
    </line>
    <line>
      <![CDATA[pull_port: -- not provided ]]>
    </line>
    <line>
      <![CDATA[latency: 6000]]>
    </line>
    <line>
      <![CDATA[fec_latency: 300]]>
    </line>
    <line>
      <![CDATA[fec_overhead: 30]]>
    </line>
    <line>
      <![CDATA[mcast_force: 0]]>
    </line>
    <line>
      <![CDATA[time_shift: 0]]>
    </line>
    <line>
      <![CDATA[nic: -- not provided ]]>
    </line>
    <line>
      <![CDATA[max_outputs: -1]]>
    </line>
    <line>
      <![CDATA[type: pull]]>
    </line>
    <line>
      <![CDATA[password: -- not provided ]]>
    </line>
    <line>
      <![CDATA[mcast_port: -- not provided ]]>
    </line>
    <line>
      <![CDATA[complete: -- not provided ]]>
    </line>
    <line>
      <![CDATA[mcast_ip: -- not provided ]]>
    </line>
    <line>
      <![CDATA[fec_adaptive: 1]]>
    </line>
    <line>
      <![CDATA[mcast_ttl: -- not provided ]]>
    </line>
    <line>
      <![CDATA[on: 1]]>
    </line>
    <line>
      <![CDATA[func: load_live_inputs]]>
    </line>
    <line>
      <![CDATA[fec_force: -- not provided ]]>
    </line>
    <line>
      <![CDATA[mcast_out: -- not provided ]]>
    </line>
    <line>
      <![CDATA[propertiesFile: stream.properties]]>
    </line>
    <line>
      <![CDATA[Test parameteres: ]]>
    </line>
    <line>
      <![CDATA[userName: admin]]>
    </line>
    <line>
      <![CDATA[userPass: 1234]]>
    </line>
    <line>
      <![CDATA[login_ip: 10.7.0.78]]>
    </line>
    <line>
      <![CDATA[uiport: 4444]]>
    </line>
    <line>
      <![CDATA[profile_name: 480p]]>
    </line>
    <line>
      <![CDATA[enc: 1]]>
    </line>
    <line>
      <![CDATA[bitrate: 1500000]]>
    </line>
    <line>
      <![CDATA[gop: 30]]>
    </line>
    <line>
      <![CDATA[fixed_gop: 1]]>
    </line>
    <line>
      <![CDATA[closed_gop: 1]]>
    </line>
    <line>
      <![CDATA[copy_gop: 0]]>
    </line>
    <line>
      <![CDATA[performance: 4]]>
    </line>
    <line>
      <![CDATA[b_frames: 3]]>
    </line>
    <line>
      <![CDATA[frame_type: 0]]>
    </line>
    <line>
      <![CDATA[profile: 1]]>
    </line>
    <line>
      <![CDATA[level: 100]]>
    </line>
    <line>
      <![CDATA[bitrate_mode: 1]]>
    </line>
    <line>
      <![CDATA[ref_frames: 2]]>
    </line>
    <line>
      <![CDATA[hrd: 2]]>
    </line>
    <line>
      <![CDATA[idr_int: 1]]>
    </line>
    <line>
      <![CDATA[cavlc: 0]]>
    </line>
    <line>
      <![CDATA[brightness: 0]]>
    </line>
    <line>
      <![CDATA[contrast: 1]]>
    </line>
    <line>
      <![CDATA[fps: 0]]>
    </line>
    <line>
      <![CDATA[width: 720]]>
    </line>
    <line>
      <![CDATA[height: 480]]>
    </line>
    <line>
      <![CDATA[max_bitrate: 2500000]]>
    </line>
    <line>
      <![CDATA[Test parameteres: ]]>
    </line>
    <line>
      <![CDATA[userName: admin]]>
    </line>
    <line>
      <![CDATA[userPass: 1234]]>
    </line>
    <line>
      <![CDATA[host: 10.7.0.64]]>
    </line>
    <line>
      <![CDATA[loin_ip: 10.7.0.78]]>
    </line>
    <line>
      <![CDATA[uiport: 4444]]>
    </line>
    <line>
      <![CDATA[id: transcoder]]>
    </line>
    <line>
      <![CDATA[testduration: 30]]>
    </line>
    <line>
      <![CDATA[Max bitrate is 20058792]]>
    </line>
    <line>
      <![CDATA[Min bitrete is 18541040]]>
    </line>
    <line>
      <![CDATA[Average bitrate is 19826175]]>
    </line>
    <line>
      <![CDATA[Test parameteres: ]]>
    </line>
    <line>
      <![CDATA[userName: admin]]>
    </line>
    <line>
      <![CDATA[userPass: 1234]]>
    </line>
    <line>
      <![CDATA[login_ip: 10.7.0.78]]>
    </line>
    <line>
      <![CDATA[uiport: 4444]]>
    </line>
    <line>
      <![CDATA[type: Transcoded]]>
    </line>
    <line>
      <![CDATA[id: 480p_trans_hw_all_pids]]>
    </line>
    <line>
      <![CDATA[matrix: 1]]>
    </line>
    <line>
      <![CDATA[max_outputs: -1]]>
    </line>
    <line>
      <![CDATA[mcast_out: 0]]>
    </line>
    <line>
      <![CDATA[time_shift: 0]]>
    </line>
    <line>
      <![CDATA[old: 0]]>
    </line>
    <line>
      <![CDATA[fast_connect: 0]]>
    </line>
    <line>
      <![CDATA[kompression: 1]]>
    </line>
    <line>
      <![CDATA[enc_type: -- not provided ]]>
    </line>
    <line>
      <![CDATA[enc_key: -- not provided ]]>
    </line>
    <line>
      <![CDATA[rec_history: 0]]>
    </line>
    <line>
      <![CDATA[rec_duration: 7200]]>
    </line>
    <line>
      <![CDATA[src: transcoder]]>
    </line>
    <line>
      <![CDATA[ap: -1]]>
    </line>
    <line>
      <![CDATA[ll: 0]]>
    </line>
    <line>
      <![CDATA[all_pids: 1]]>
    </line>
    <line>
      <![CDATA[bit: 0]]>
    </line>
    <line>
      <![CDATA[profile_name: 480p]]>
    </line>
    <line>
      <![CDATA[mode: h.264]]>
    </line>
    <line>
      <![CDATA[Test parameteres: ]]>
    </line>
    <line>
      <![CDATA[userName: admin]]>
    </line>
    <line>
      <![CDATA[userPass: 1234]]>
    </line>
    <line>
      <![CDATA[loin_ip: 10.7.0.78]]>
    </line>
    <line>
      <![CDATA[port: 5555]]>
    </line>
    <line>
      <![CDATA[stream: 480p_trans_hw_all_pids]]>
    </line>
    <line>
      <![CDATA[streamname: 480p_trans_hw_all_pids]]>
    </line>
    <line>
      <![CDATA[host: 10.7.0.150]]>
    </line>
    <line>
      <![CDATA[id: 480p_trans_hw_all_pids]]>
    </line>
    <line>
      <![CDATA[rtp: 0]]>
    </line>
    <line>
      <![CDATA[fec: 0]]>
    </line>
    <line>
      <![CDATA[smoothing: 0]]>
    </line>
    <line>
      <![CDATA[ttl: 5]]>
    </line>
    <line>
      <![CDATA[remux_bitrate: 0]]>
    </line>
    <line>
      <![CDATA[df: 0]]>
    </line>
    <line>
      <![CDATA[local_port: -- not provided ]]>
    </line>
    <line>
      <![CDATA[dec_key: -- not provided ]]>
    </line>
    <line>
      <![CDATA[type: TS]]>
    </line>
    <line>
      <![CDATA[rows: 10]]>
    </line>
    <line>
      <![CDATA[remux_buff: 1000]]>
    </line>
    <line>
      <![CDATA[local_ip: 0.0.0.0]]>
    </line>
    <line>
      <![CDATA[remux_restampdts: 0]]>
    </line>
    <line>
      <![CDATA[uiport: 4444]]>
    </line>
    <line>
      <![CDATA[remux_pcr: 90]]>
    </line>
    <line>
      <![CDATA[dec_type: -- not provided ]]>
    </line>
    <line>
      <![CDATA[cols: 10]]>
    </line>
    <line>
      <![CDATA[FFMPEG success measurement relation: 10 / 10]]>
    </line>
    <line>
      <![CDATA[Test parameteres: ]]>
    </line>
    <line>
      <![CDATA[userName: admin]]>
    </line>
    <line>
      <![CDATA[userPass: 1234]]>
    </line>
    <line>
      <![CDATA[login_ip: 10.7.0.78]]>
    </line>
    <line>
      <![CDATA[uiport: 4444]]>
    </line>
    <line>
      <![CDATA[Test parameteres: ]]>
    </line>
    <line>
      <![CDATA[userName: admin]]>
    </line>
    <line>
      <![CDATA[userPass: 1234]]>
    </line>
    <line>
      <![CDATA[login_ip: 10.7.0.78]]>
    </line>
    <line>
      <![CDATA[uiport: 4444]]>
    </line>
    <line>
      <![CDATA[Test parameteres: ]]>
    </line>
    <line>
      <![CDATA[userName: admin]]>
    </line>
    <line>
      <![CDATA[userPass: 1234]]>
    </line>
    <line>
      <![CDATA[login_ip: 10.7.0.78]]>
    </line>
    <line>
      <![CDATA[uiport: 4444]]>
    </line>
    <line>
      <![CDATA[Test parameteres: ]]>
    </line>
    <line>
      <![CDATA[userName: admin]]>
    </line>
    <line>
      <![CDATA[userPass: 1234]]>
    </line>
    <line>
      <![CDATA[login_ip: 10.7.0.78]]>
    </line>
    <line>
      <![CDATA[uiport: 4444]]>
    </line>
    <line>
      <![CDATA[Test parameteres: ]]>
    </line>
    <line>
      <![CDATA[userName: admin]]>
    </line>
    <line>
      <![CDATA[userPass: 1234]]>
    </line>
    <line>
      <![CDATA[login_ip: 10.7.0.78]]>
    </line>
    <line>
      <![CDATA[uiport: 4444]]>
    </line>
    <line>
      <![CDATA[Test parameteres: ]]>
    </line>
    <line>
      <![CDATA[userName: admin]]>
    </line>
    <line>
      <![CDATA[userPass: 1234]]>
    </line>
    <line>
      <![CDATA[login_ip: 10.7.0.78]]>
    </line>
    <line>
      <![CDATA[uiport: 4444]]>
    </line>
    <line>
      <![CDATA[Test parameteres: ]]>
    </line>
    <line>
      <![CDATA[userName: admin]]>
    </line>
    <line>
      <![CDATA[userPass: 1234]]>
    </line>
    <line>
      <![CDATA[login_ip: 10.7.0.78]]>
    </line>
    <line>
      <![CDATA[uiport: 4444]]>
    </line>
    <line>
      <![CDATA[Test parameteres: ]]>
    </line>
    <line>
      <![CDATA[userName: admin]]>
    </line>
    <line>
      <![CDATA[userPass: 1234]]>
    </line>
    <line>
      <![CDATA[login_ip: 10.7.0.78]]>
    </line>
    <line>
      <![CDATA[uiport: 4444]]>
    </line>
    <line>
      <![CDATA[Test parameteres: ]]>
    </line>
    <line>
      <![CDATA[userName: admin]]>
    </line>
    <line>
      <![CDATA[userPass: 1234]]>
    </line>
    <line>
      <![CDATA[login_ip: 10.7.0.78]]>
    </line>
    <line>
      <![CDATA[uiport: 4444]]>
    </line>
    <line>
      <![CDATA[Test parameteres: ]]>
    </line>
    <line>
      <![CDATA[userName: admin]]>
    </line>
    <line>
      <![CDATA[userPass: 1234]]>
    </line>
    <line>
      <![CDATA[login_ip: 10.7.0.78]]>
    </line>
    <line>
      <![CDATA[uiport: 4444]]>
    </line>
    <line>
      <![CDATA[Test parameteres: ]]>
    </line>
    <line>
      <![CDATA[userName: admin]]>
    </line>
    <line>
      <![CDATA[userPass: 1234]]>
    </line>
    <line>
      <![CDATA[login_ip: 10.7.0.78]]>
    </line>
    <line>
      <![CDATA[uiport: 4444]]>
    </line>
    <line>
      <![CDATA[Test parameteres: ]]>
    </line>
    <line>
      <![CDATA[userName: admin]]>
    </line>
    <line>
      <![CDATA[userPass: 1234]]>
    </line>
    <line>
      <![CDATA[login_ip: 10.7.0.78]]>
    </line>
    <line>
      <![CDATA[uiport: 4444]]>
    </line>
    <line>
      <![CDATA[Test parameteres: ]]>
    </line>
    <line>
      <![CDATA[userName: admin]]>
    </line>
    <line>
      <![CDATA[userPass: 1234]]>
    </line>
    <line>
      <![CDATA[login_ip: 10.7.0.78]]>
    </line>
    <line>
      <![CDATA[uiport: 4444]]>
    </line>
    <line>
      <![CDATA[Test parameteres: ]]>
    </line>
    <line>
      <![CDATA[userName: admin]]>
    </line>
    <line>
      <![CDATA[userPass: 1234]]>
    </line>
    <line>
      <![CDATA[login_ip: 10.7.0.78]]>
    </line>
    <line>
      <![CDATA[uiport: 4444]]>
    </line>
    <line>
      <![CDATA[Test parameteres: ]]>
    </line>
    <line>
      <![CDATA[userName: admin]]>
    </line>
    <line>
      <![CDATA[userPass: 1234]]>
    </line>
    <line>
      <![CDATA[login_ip: 10.7.0.78]]>
    </line>
    <line>
      <![CDATA[uiport: 4444]]>
    </line>
    <line>
      <![CDATA[Test parameteres: ]]>
    </line>
    <line>
      <![CDATA[userName: admin]]>
    </line>
    <line>
      <![CDATA[userPass: 1234]]>
    </line>
    <line>
      <![CDATA[login_ip: 10.7.0.78]]>
    </line>
    <line>
      <![CDATA[uiport: 4444]]>
    </line>
    <line>
      <![CDATA[Test parameteres: ]]>
    </line>
    <line>
      <![CDATA[userName: admin]]>
    </line>
    <line>
      <![CDATA[userPass: 1234]]>
    </line>
    <line>
      <![CDATA[login_ip: 10.7.0.78]]>
    </line>
    <line>
      <![CDATA[uiport: 4444]]>
    </line>
    <line>
      <![CDATA[Test parameteres: ]]>
    </line>
    <line>
      <![CDATA[userName: admin]]>
    </line>
    <line>
      <![CDATA[userPass: 1234]]>
    </line>
    <line>
      <![CDATA[login_ip: 10.7.0.78]]>
    </line>
    <line>
      <![CDATA[uiport: 4444]]>
    </line>
    <line>
      <![CDATA[Test parameteres: ]]>
    </line>
    <line>
      <![CDATA[userName: admin]]>
    </line>
    <line>
      <![CDATA[userPass: 1234]]>
    </line>
    <line>
      <![CDATA[login_ip: 10.7.0.78]]>
    </line>
    <line>
      <![CDATA[uiport: 4444]]>
    </line>
    <line>
      <![CDATA[Test parameteres: ]]>
    </line>
    <line>
      <![CDATA[userName: admin]]>
    </line>
    <line>
      <![CDATA[userPass: 1234]]>
    </line>
    <line>
      <![CDATA[login_ip: 10.7.0.78]]>
    </line>
    <line>
      <![CDATA[uiport: 4444]]>
    </line>
    <line>
      <![CDATA[Test parameteres: ]]>
    </line>
    <line>
      <![CDATA[userName: admin]]>
    </line>
    <line>
      <![CDATA[userPass: 1234]]>
    </line>
    <line>
      <![CDATA[login_ip: 10.7.0.78]]>
    </line>
    <line>
      <![CDATA[uiport: 4444]]>
    </line>
    <line>
      <![CDATA[Test parameteres: ]]>
    </line>
    <line>
      <![CDATA[userName: admin]]>
    </line>
    <line>
      <![CDATA[userPass: 1234]]>
    </line>
    <line>
      <![CDATA[login_ip: 10.7.0.78]]>
    </line>
    <line>
      <![CDATA[uiport: 4444]]>
    </line>
    <line>
      <![CDATA[Test parameteres: ]]>
    </line>
    <line>
      <![CDATA[userName: admin]]>
    </line>
    <line>
      <![CDATA[userPass: 1234]]>
    </line>
    <line>
      <![CDATA[login_ip: 10.7.0.78]]>
    </line>
    <line>
      <![CDATA[uiport: 4444]]>
    </line>
    <line>
      <![CDATA[Test parameteres: ]]>
    </line>
    <line>
      <![CDATA[userName: admin]]>
    </line>
    <line>
      <![CDATA[userPass: 1234]]>
    </line>
    <line>
      <![CDATA[login_ip: 10.7.0.78]]>
    </line>
    <line>
      <![CDATA[uiport: 4444]]>
    </line>
    <line>
      <![CDATA[Test parameteres: ]]>
    </line>
    <line>
      <![CDATA[userName: admin]]>
    </line>
    <line>
      <![CDATA[userPass: 1234]]>
    </line>
    <line>
      <![CDATA[login_ip: 10.7.0.78]]>
    </line>
    <line>
      <![CDATA[uiport: 4444]]>
    </line>
    <line>
      <![CDATA[Test parameteres: ]]>
    </line>
    <line>
      <![CDATA[userName: admin]]>
    </line>
    <line>
      <![CDATA[userPass: 1234]]>
    </line>
    <line>
      <![CDATA[login_ip: 10.7.0.78]]>
    </line>
    <line>
      <![CDATA[uiport: 4444]]>
    </line>
    <line>
      <![CDATA[Test parameteres: ]]>
    </line>
    <line>
      <![CDATA[userName: admin]]>
    </line>
    <line>
      <![CDATA[userPass: 1234]]>
    </line>
    <line>
      <![CDATA[login_ip: 10.7.0.78]]>
    </line>
    <line>
      <![CDATA[uiport: 4444]]>
    </line>
    <line>
      <![CDATA[Test parameteres: ]]>
    </line>
    <line>
      <![CDATA[userName: admin]]>
    </line>
    <line>
      <![CDATA[userPass: 1234]]>
    </line>
    <line>
      <![CDATA[login_ip: 10.7.0.78]]>
    </line>
    <line>
      <![CDATA[uiport: 4444]]>
    </line>
    <line>
      <![CDATA[Test parameteres: ]]>
    </line>
    <line>
      <![CDATA[userName: admin]]>
    </line>
    <line>
      <![CDATA[userPass: 1234]]>
    </line>
    <line>
      <![CDATA[login_ip: 10.7.0.78]]>
    </line>
    <line>
      <![CDATA[uiport: 4444]]>
    </line>
    <line>
      <![CDATA[Test parameteres: ]]>
    </line>
    <line>
      <![CDATA[userName: admin]]>
    </line>
    <line>
      <![CDATA[userPass: 1234]]>
    </line>
    <line>
      <![CDATA[login_ip: 10.7.0.78]]>
    </line>
    <line>
      <![CDATA[uiport: 4444]]>
    </line>
    <line>
      <![CDATA[Test parameteres: ]]>
    </line>
    <line>
      <![CDATA[userName: admin]]>
    </line>
    <line>
      <![CDATA[userPass: 1234]]>
    </line>
    <line>
      <![CDATA[login_ip: 10.7.0.78]]>
    </line>
    <line>
      <![CDATA[uiport: 4444]]>
    </line>
    <line>
      <![CDATA[Test parameteres: ]]>
    </line>
    <line>
      <![CDATA[userName: admin]]>
    </line>
    <line>
      <![CDATA[userPass: 1234]]>
    </line>
    <line>
      <![CDATA[login_ip: 10.7.0.78]]>
    </line>
    <line>
      <![CDATA[uiport: 4444]]>
    </line>
    <line>
      <![CDATA[Test parameteres: ]]>
    </line>
    <line>
      <![CDATA[userName: admin]]>
    </line>
    <line>
      <![CDATA[userPass: 1234]]>
    </line>
    <line>
      <![CDATA[login_ip: 10.7.0.78]]>
    </line>
    <line>
      <![CDATA[uiport: 4444]]>
    </line>
    <line>
      <![CDATA[Test parameteres: ]]>
    </line>
    <line>
      <![CDATA[userName: admin]]>
    </line>
    <line>
      <![CDATA[userPass: 1234]]>
    </line>
    <line>
      <![CDATA[login_ip: 10.7.0.78]]>
    </line>
    <line>
      <![CDATA[uiport: 4444]]>
    </line>
    <line>
      <![CDATA[Test parameteres: ]]>
    </line>
    <line>
      <![CDATA[userName: admin]]>
    </line>
    <line>
      <![CDATA[userPass: 1234]]>
    </line>
    <line>
      <![CDATA[login_ip: 10.7.0.78]]>
    </line>
    <line>
      <![CDATA[uiport: 4444]]>
    </line>
    <line>
      <![CDATA[Test parameteres: ]]>
    </line>
    <line>
      <![CDATA[userName: admin]]>
    </line>
    <line>
      <![CDATA[userPass: 1234]]>
    </line>
    <line>
      <![CDATA[login_ip: 10.7.0.78]]>
    </line>
    <line>
      <![CDATA[uiport: 4444]]>
    </line>
    <line>
      <![CDATA[Test parameteres: ]]>
    </line>
    <line>
      <![CDATA[userName: admin]]>
    </line>
    <line>
      <![CDATA[userPass: 1234]]>
    </line>
    <line>
      <![CDATA[login_ip: 10.7.0.78]]>
    </line>
    <line>
      <![CDATA[uiport: 4444]]>
    </line>
    <line>
      <![CDATA[Test parameteres: ]]>
    </line>
    <line>
      <![CDATA[userName: admin]]>
    </line>
    <line>
      <![CDATA[userPass: 1234]]>
    </line>
    <line>
      <![CDATA[login_ip: 10.7.0.78]]>
    </line>
    <line>
      <![CDATA[uiport: 4444]]>
    </line>
    <line>
      <![CDATA[Test parameteres: ]]>
    </line>
    <line>
      <![CDATA[userName: admin]]>
    </line>
    <line>
      <![CDATA[userPass: 1234]]>
    </line>
    <line>
      <![CDATA[login_ip: 10.7.0.78]]>
    </line>
    <line>
      <![CDATA[uiport: 4444]]>
    </line>
    <line>
      <![CDATA[Test parameteres: ]]>
    </line>
    <line>
      <![CDATA[userName: admin]]>
    </line>
    <line>
      <![CDATA[userPass: 1234]]>
    </line>
    <line>
      <![CDATA[login_ip: 10.7.0.78]]>
    </line>
    <line>
      <![CDATA[uiport: 4444]]>
    </line>
    <line>
      <![CDATA[Test parameteres: ]]>
    </line>
    <line>
      <![CDATA[userName: admin]]>
    </line>
    <line>
      <![CDATA[userPass: 1234]]>
    </line>
    <line>
      <![CDATA[login_ip: 10.7.0.78]]>
    </line>
    <line>
      <![CDATA[uiport: 4444]]>
    </line>
    <line>
      <![CDATA[Test parameteres: ]]>
    </line>
    <line>
      <![CDATA[userName: admin]]>
    </line>
    <line>
      <![CDATA[userPass: 1234]]>
    </line>
    <line>
      <![CDATA[login_ip: 10.7.0.78]]>
    </line>
    <line>
      <![CDATA[uiport: 4444]]>
    </line>
    <line>
      <![CDATA[Test parameteres: ]]>
    </line>
    <line>
      <![CDATA[userName: admin]]>
    </line>
    <line>
      <![CDATA[userPass: 1234]]>
    </line>
    <line>
      <![CDATA[login_ip: 10.7.0.78]]>
    </line>
    <line>
      <![CDATA[uiport: 4444]]>
    </line>
    <line>
      <![CDATA[Test parameteres: ]]>
    </line>
    <line>
      <![CDATA[userName: admin]]>
    </line>
    <line>
      <![CDATA[userPass: 1234]]>
    </line>
    <line>
      <![CDATA[login_ip: 10.7.0.78]]>
    </line>
    <line>
      <![CDATA[uiport: 4444]]>
    </line>
    <line>
      <![CDATA[Test parameteres: ]]>
    </line>
    <line>
      <![CDATA[userName: admin]]>
    </line>
    <line>
      <![CDATA[userPass: 1234]]>
    </line>
    <line>
      <![CDATA[login_ip: 10.7.0.78]]>
    </line>
    <line>
      <![CDATA[uiport: 4444]]>
    </line>
    <line>
      <![CDATA[Test parameteres: ]]>
    </line>
    <line>
      <![CDATA[userName: admin]]>
    </line>
    <line>
      <![CDATA[userPass: 1234]]>
    </line>
    <line>
      <![CDATA[login_ip: 10.7.0.78]]>
    </line>
    <line>
      <![CDATA[uiport: 4444]]>
    </line>
    <line>
      <![CDATA[Test parameteres: ]]>
    </line>
    <line>
      <![CDATA[userName: admin]]>
    </line>
    <line>
      <![CDATA[userPass: 1234]]>
    </line>
    <line>
      <![CDATA[login_ip: 10.7.0.78]]>
    </line>
    <line>
      <![CDATA[uiport: 4444]]>
    </line>
    <line>
      <![CDATA[Test parameteres: ]]>
    </line>
    <line>
      <![CDATA[userName: admin]]>
    </line>
    <line>
      <![CDATA[userPass: 1234]]>
    </line>
    <line>
      <![CDATA[login_ip: 10.7.0.78]]>
    </line>
    <line>
      <![CDATA[uiport: 4444]]>
    </line>
    <line>
      <![CDATA[Test parameteres: ]]>
    </line>
    <line>
      <![CDATA[userName: admin]]>
    </line>
    <line>
      <![CDATA[userPass: 1234]]>
    </line>
    <line>
      <![CDATA[login_ip: 10.7.0.78]]>
    </line>
    <line>
      <![CDATA[uiport: 4444]]>
    </line>
    <line>
      <![CDATA[Test parameteres: ]]>
    </line>
    <line>
      <![CDATA[userName: admin]]>
    </line>
    <line>
      <![CDATA[userPass: 1234]]>
    </line>
    <line>
      <![CDATA[login_ip: 10.7.0.78]]>
    </line>
    <line>
      <![CDATA[uiport: 4444]]>
    </line>
    <line>
      <![CDATA[Test parameteres: ]]>
    </line>
    <line>
      <![CDATA[userName: admin]]>
    </line>
    <line>
      <![CDATA[userPass: 1234]]>
    </line>
    <line>
      <![CDATA[login_ip: 10.7.0.78]]>
    </line>
    <line>
      <![CDATA[uiport: 4444]]>
    </line>
    <line>
      <![CDATA[Test parameteres: ]]>
    </line>
    <line>
      <![CDATA[userName: admin]]>
    </line>
    <line>
      <![CDATA[userPass: 1234]]>
    </line>
    <line>
      <![CDATA[login_ip: 10.7.0.78]]>
    </line>
    <line>
      <![CDATA[uiport: 4444]]>
    </line>
    <line>
      <![CDATA[Test parameteres: ]]>
    </line>
    <line>
      <![CDATA[userName: admin]]>
    </line>
    <line>
      <![CDATA[userPass: 1234]]>
    </line>
    <line>
      <![CDATA[login_ip: 10.7.0.78]]>
    </line>
    <line>
      <![CDATA[uiport: 4444]]>
    </line>
    <line>
      <![CDATA[Test parameteres: ]]>
    </line>
    <line>
      <![CDATA[userName: admin]]>
    </line>
    <line>
      <![CDATA[userPass: 1234]]>
    </line>
    <line>
      <![CDATA[login_ip: 10.7.0.78]]>
    </line>
    <line>
      <![CDATA[uiport: 4444]]>
    </line>
    <line>
      <![CDATA[Test parameteres: ]]>
    </line>
    <line>
      <![CDATA[userName: admin]]>
    </line>
    <line>
      <![CDATA[userPass: 1234]]>
    </line>
    <line>
      <![CDATA[login_ip: 10.7.0.78]]>
    </line>
    <line>
      <![CDATA[uiport: 4444]]>
    </line>
    <line>
      <![CDATA[Test parameteres: ]]>
    </line>
    <line>
      <![CDATA[userName: admin]]>
    </line>
    <line>
      <![CDATA[userPass: 1234]]>
    </line>
    <line>
      <![CDATA[login_ip: 10.7.0.78]]>
    </line>
    <line>
      <![CDATA[uiport: 4444]]>
    </line>
    <line>
      <![CDATA[Test parameteres: ]]>
    </line>
    <line>
      <![CDATA[userName: admin]]>
    </line>
    <line>
      <![CDATA[userPass: 1234]]>
    </line>
    <line>
      <![CDATA[login_ip: 10.7.0.78]]>
    </line>
    <line>
      <![CDATA[uiport: 4444]]>
    </line>
    <line>
      <![CDATA[Test parameteres: ]]>
    </line>
    <line>
      <![CDATA[userName: admin]]>
    </line>
    <line>
      <![CDATA[userPass: 1234]]>
    </line>
    <line>
      <![CDATA[login_ip: 10.7.0.78]]>
    </line>
    <line>
      <![CDATA[uiport: 4444]]>
    </line>
    <line>
      <![CDATA[Test parameteres: ]]>
    </line>
    <line>
      <![CDATA[userName: admin]]>
    </line>
    <line>
      <![CDATA[userPass: 1234]]>
    </line>
    <line>
      <![CDATA[login_ip: 10.7.0.78]]>
    </line>
    <line>
      <![CDATA[uiport: 4444]]>
    </line>
    <line>
      <![CDATA[Test parameteres: ]]>
    </line>
    <line>
      <![CDATA[userName: admin]]>
    </line>
    <line>
      <![CDATA[userPass: 1234]]>
    </line>
    <line>
      <![CDATA[login_ip: 10.7.0.78]]>
    </line>
    <line>
      <![CDATA[uiport: 4444]]>
    </line>
    <line>
      <![CDATA[Test parameteres: ]]>
    </line>
    <line>
      <![CDATA[userName: admin]]>
    </line>
    <line>
      <![CDATA[userPass: 1234]]>
    </line>
    <line>
      <![CDATA[login_ip: 10.7.0.78]]>
    </line>
    <line>
      <![CDATA[uiport: 4444]]>
    </line>
    <line>
      <![CDATA[Test parameteres: ]]>
    </line>
    <line>
      <![CDATA[userName: admin]]>
    </line>
    <line>
      <![CDATA[userPass: 1234]]>
    </line>
    <line>
      <![CDATA[login_ip: 10.7.0.78]]>
    </line>
    <line>
      <![CDATA[uiport: 4444]]>
    </line>
    <line>
      <![CDATA[Test parameteres: ]]>
    </line>
    <line>
      <![CDATA[userName: admin]]>
    </line>
    <line>
      <![CDATA[userPass: 1234]]>
    </line>
    <line>
      <![CDATA[login_ip: 10.7.0.78]]>
    </line>
    <line>
      <![CDATA[uiport: 4444]]>
    </line>
    <line>
      <![CDATA[Test parameteres: ]]>
    </line>
    <line>
      <![CDATA[userName: admin]]>
    </line>
    <line>
      <![CDATA[userPass: 1234]]>
    </line>
    <line>
      <![CDATA[login_ip: 10.7.0.78]]>
    </line>
    <line>
      <![CDATA[uiport: 4444]]>
    </line>
    <line>
      <![CDATA[Test parameteres: ]]>
    </line>
    <line>
      <![CDATA[userName: admin]]>
    </line>
    <line>
      <![CDATA[userPass: 1234]]>
    </line>
    <line>
      <![CDATA[login_ip: 10.7.0.78]]>
    </line>
    <line>
      <![CDATA[uiport: 4444]]>
    </line>
    <line>
      <![CDATA[Test parameteres: ]]>
    </line>
    <line>
      <![CDATA[userName: admin]]>
    </line>
    <line>
      <![CDATA[userPass: 1234]]>
    </line>
    <line>
      <![CDATA[login_ip: 10.7.0.78]]>
    </line>
    <line>
      <![CDATA[uiport: 4444]]>
    </line>
    <line>
      <![CDATA[Test parameteres: ]]>
    </line>
    <line>
      <![CDATA[userName: admin]]>
    </line>
    <line>
      <![CDATA[userPass: 1234]]>
    </line>
    <line>
      <![CDATA[login_ip: 10.7.0.78]]>
    </line>
    <line>
      <![CDATA[uiport: 4444]]>
    </line>
    <line>
      <![CDATA[Test parameteres: ]]>
    </line>
    <line>
      <![CDATA[userName: admin]]>
    </line>
    <line>
      <![CDATA[userPass: 1234]]>
    </line>
    <line>
      <![CDATA[login_ip: 10.7.0.78]]>
    </line>
    <line>
      <![CDATA[uiport: 4444]]>
    </line>
    <line>
      <![CDATA[Test parameteres: ]]>
    </line>
    <line>
      <![CDATA[userName: admin]]>
    </line>
    <line>
      <![CDATA[userPass: 1234]]>
    </line>
    <line>
      <![CDATA[login_ip: 10.7.0.78]]>
    </line>
    <line>
      <![CDATA[uiport: 4444]]>
    </line>
    <line>
      <![CDATA[Test parameteres: ]]>
    </line>
    <line>
      <![CDATA[userName: admin]]>
    </line>
    <line>
      <![CDATA[userPass: 1234]]>
    </line>
    <line>
      <![CDATA[login_ip: 10.7.0.78]]>
    </line>
    <line>
      <![CDATA[uiport: 4444]]>
    </line>
    <line>
      <![CDATA[Test parameteres: ]]>
    </line>
    <line>
      <![CDATA[userName: admin]]>
    </line>
    <line>
      <![CDATA[userPass: 1234]]>
    </line>
    <line>
      <![CDATA[login_ip: 10.7.0.78]]>
    </line>
    <line>
      <![CDATA[uiport: 4444]]>
    </line>
    <line>
      <![CDATA[Test parameteres: ]]>
    </line>
    <line>
      <![CDATA[userName: admin]]>
    </line>
    <line>
      <![CDATA[userPass: 1234]]>
    </line>
    <line>
      <![CDATA[login_ip: 10.7.0.78]]>
    </line>
    <line>
      <![CDATA[uiport: 4444]]>
    </line>
    <line>
      <![CDATA[Test parameteres: ]]>
    </line>
    <line>
      <![CDATA[userName: admin]]>
    </line>
    <line>
      <![CDATA[userPass: 1234]]>
    </line>
    <line>
      <![CDATA[login_ip: 10.7.0.78]]>
    </line>
    <line>
      <![CDATA[uiport: 4444]]>
    </line>
    <line>
      <![CDATA[Test parameteres: ]]>
    </line>
    <line>
      <![CDATA[userName: admin]]>
    </line>
    <line>
      <![CDATA[userPass: 1234]]>
    </line>
    <line>
      <![CDATA[login_ip: 10.7.0.78]]>
    </line>
    <line>
      <![CDATA[uiport: 4444]]>
    </line>
    <line>
      <![CDATA[Test parameteres: ]]>
    </line>
    <line>
      <![CDATA[userName: admin]]>
    </line>
    <line>
      <![CDATA[userPass: 1234]]>
    </line>
    <line>
      <![CDATA[login_ip: 10.7.0.78]]>
    </line>
    <line>
      <![CDATA[uiport: 4444]]>
    </line>
    <line>
      <![CDATA[Test parameteres: ]]>
    </line>
    <line>
      <![CDATA[userName: admin]]>
    </line>
    <line>
      <![CDATA[userPass: 1234]]>
    </line>
    <line>
      <![CDATA[login_ip: 10.7.0.78]]>
    </line>
    <line>
      <![CDATA[uiport: 4444]]>
    </line>
    <line>
      <![CDATA[Test parameteres: ]]>
    </line>
    <line>
      <![CDATA[userName: admin]]>
    </line>
    <line>
      <![CDATA[userPass: 1234]]>
    </line>
    <line>
      <![CDATA[login_ip: 10.7.0.78]]>
    </line>
    <line>
      <![CDATA[uiport: 4444]]>
    </line>
    <line>
      <![CDATA[Test parameteres: ]]>
    </line>
    <line>
      <![CDATA[userName: admin]]>
    </line>
    <line>
      <![CDATA[userPass: 1234]]>
    </line>
    <line>
      <![CDATA[login_ip: 10.7.0.78]]>
    </line>
    <line>
      <![CDATA[uiport: 4444]]>
    </line>
    <line>
      <![CDATA[Test parameteres: ]]>
    </line>
    <line>
      <![CDATA[userName: admin]]>
    </line>
    <line>
      <![CDATA[userPass: 1234]]>
    </line>
    <line>
      <![CDATA[login_ip: 10.7.0.78]]>
    </line>
    <line>
      <![CDATA[uiport: 4444]]>
    </line>
    <line>
      <![CDATA[Test parameteres: ]]>
    </line>
    <line>
      <![CDATA[userName: admin]]>
    </line>
    <line>
      <![CDATA[userPass: 1234]]>
    </line>
    <line>
      <![CDATA[login_ip: 10.7.0.78]]>
    </line>
    <line>
      <![CDATA[uiport: 4444]]>
    </line>
    <line>
      <![CDATA[Test parameteres: ]]>
    </line>
    <line>
      <![CDATA[userName: admin]]>
    </line>
    <line>
      <![CDATA[userPass: 1234]]>
    </line>
    <line>
      <![CDATA[login_ip: 10.7.0.78]]>
    </line>
    <line>
      <![CDATA[uiport: 4444]]>
    </line>
    <line>
      <![CDATA[Test parameteres: ]]>
    </line>
    <line>
      <![CDATA[userName: admin]]>
    </line>
    <line>
      <![CDATA[userPass: 1234]]>
    </line>
    <line>
      <![CDATA[login_ip: 10.7.0.78]]>
    </line>
    <line>
      <![CDATA[uiport: 4444]]>
    </line>
    <line>
      <![CDATA[Test parameteres: ]]>
    </line>
    <line>
      <![CDATA[userName: admin]]>
    </line>
    <line>
      <![CDATA[userPass: 1234]]>
    </line>
    <line>
      <![CDATA[login_ip: 10.7.0.78]]>
    </line>
    <line>
      <![CDATA[uiport: 4444]]>
    </line>
    <line>
      <![CDATA[Test parameteres: ]]>
    </line>
    <line>
      <![CDATA[userName: admin]]>
    </line>
    <line>
      <![CDATA[userPass: 1234]]>
    </line>
    <line>
      <![CDATA[login_ip: 10.7.0.78]]>
    </line>
    <line>
      <![CDATA[uiport: 4444]]>
    </line>
    <line>
      <![CDATA[Test parameteres: ]]>
    </line>
    <line>
      <![CDATA[userName: admin]]>
    </line>
    <line>
      <![CDATA[userPass: 1234]]>
    </line>
    <line>
      <![CDATA[login_ip: 10.7.0.78]]>
    </line>
    <line>
      <![CDATA[uiport: 4444]]>
    </line>
    <line>
      <![CDATA[Test parameteres: ]]>
    </line>
    <line>
      <![CDATA[userName: admin]]>
    </line>
    <line>
      <![CDATA[userPass: 1234]]>
    </line>
    <line>
      <![CDATA[login_ip: 10.7.0.78]]>
    </line>
    <line>
      <![CDATA[uiport: 4444]]>
    </line>
    <line>
      <![CDATA[Test parameteres: ]]>
    </line>
    <line>
      <![CDATA[userName: admin]]>
    </line>
    <line>
      <![CDATA[userPass: 1234]]>
    </line>
    <line>
      <![CDATA[login_ip: 10.7.0.78]]>
    </line>
    <line>
      <![CDATA[uiport: 4444]]>
    </line>
    <line>
      <![CDATA[Test parameteres: ]]>
    </line>
    <line>
      <![CDATA[userName: admin]]>
    </line>
    <line>
      <![CDATA[userPass: 1234]]>
    </line>
    <line>
      <![CDATA[login_ip: 10.7.0.78]]>
    </line>
    <line>
      <![CDATA[uiport: 4444]]>
    </line>
    <line>
      <![CDATA[Test parameteres: ]]>
    </line>
    <line>
      <![CDATA[userName: admin]]>
    </line>
    <line>
      <![CDATA[userPass: 1234]]>
    </line>
    <line>
      <![CDATA[login_ip: 10.7.0.78]]>
    </line>
    <line>
      <![CDATA[uiport: 4444]]>
    </line>
    <line>
      <![CDATA[Test parameteres: ]]>
    </line>
    <line>
      <![CDATA[userName: admin]]>
    </line>
    <line>
      <![CDATA[userPass: 1234]]>
    </line>
    <line>
      <![CDATA[login_ip: 10.7.0.78]]>
    </line>
    <line>
      <![CDATA[uiport: 4444]]>
    </line>
    <line>
      <![CDATA[Test parameteres: ]]>
    </line>
    <line>
      <![CDATA[userName: admin]]>
    </line>
    <line>
      <![CDATA[userPass: 1234]]>
    </line>
    <line>
      <![CDATA[login_ip: 10.7.0.78]]>
    </line>
    <line>
      <![CDATA[uiport: 4444]]>
    </line>
    <line>
      <![CDATA[Test parameteres: ]]>
    </line>
    <line>
      <![CDATA[userName: admin]]>
    </line>
    <line>
      <![CDATA[userPass: 1234]]>
    </line>
    <line>
      <![CDATA[login_ip: 10.7.0.78]]>
    </line>
    <line>
      <![CDATA[uiport: 4444]]>
    </line>
    <line>
      <![CDATA[Test parameteres: ]]>
    </line>
    <line>
      <![CDATA[userName: admin]]>
    </line>
    <line>
      <![CDATA[userPass: 1234]]>
    </line>
    <line>
      <![CDATA[login_ip: 10.7.0.78]]>
    </line>
    <line>
      <![CDATA[uiport: 4444]]>
    </line>
    <line>
      <![CDATA[Test parameteres: ]]>
    </line>
    <line>
      <![CDATA[userName: admin]]>
    </line>
    <line>
      <![CDATA[userPass: 1234]]>
    </line>
    <line>
      <![CDATA[login_ip: 10.7.0.78]]>
    </line>
    <line>
      <![CDATA[uiport: 4444]]>
    </line>
    <line>
      <![CDATA[Test parameteres: ]]>
    </line>
    <line>
      <![CDATA[userName: admin]]>
    </line>
    <line>
      <![CDATA[userPass: 1234]]>
    </line>
    <line>
      <![CDATA[login_ip: 10.7.0.78]]>
    </line>
    <line>
      <![CDATA[uiport: 4444]]>
    </line>
    <line>
      <![CDATA[Test parameteres: ]]>
    </line>
    <line>
      <![CDATA[userName: admin]]>
    </line>
    <line>
      <![CDATA[userPass: 1234]]>
    </line>
    <line>
      <![CDATA[login_ip: 10.7.0.78]]>
    </line>
    <line>
      <![CDATA[uiport: 4444]]>
    </line>
    <line>
      <![CDATA[Test parameteres: ]]>
    </line>
    <line>
      <![CDATA[userName: admin]]>
    </line>
    <line>
      <![CDATA[userPass: 1234]]>
    </line>
    <line>
      <![CDATA[login_ip: 10.7.0.78]]>
    </line>
    <line>
      <![CDATA[uiport: 4444]]>
    </line>
    <line>
      <![CDATA[Test parameteres: ]]>
    </line>
    <line>
      <![CDATA[userName: admin]]>
    </line>
    <line>
      <![CDATA[userPass: 1234]]>
    </line>
    <line>
      <![CDATA[login_ip: 10.7.0.78]]>
    </line>
    <line>
      <![CDATA[uiport: 4444]]>
    </line>
    <line>
      <![CDATA[Test parameteres: ]]>
    </line>
    <line>
      <![CDATA[userName: admin]]>
    </line>
    <line>
      <![CDATA[userPass: 1234]]>
    </line>
    <line>
      <![CDATA[login_ip: 10.7.0.78]]>
    </line>
    <line>
      <![CDATA[uiport: 4444]]>
    </line>
    <line>
      <![CDATA[Test parameteres: ]]>
    </line>
    <line>
      <![CDATA[userName: admin]]>
    </line>
    <line>
      <![CDATA[userPass: 1234]]>
    </line>
    <line>
      <![CDATA[login_ip: 10.7.0.78]]>
    </line>
    <line>
      <![CDATA[uiport: 4444]]>
    </line>
    <line>
      <![CDATA[Test parameteres: ]]>
    </line>
    <line>
      <![CDATA[userName: admin]]>
    </line>
    <line>
      <![CDATA[userPass: 1234]]>
    </line>
    <line>
      <![CDATA[login_ip: 10.7.0.78]]>
    </line>
    <line>
      <![CDATA[uiport: 4444]]>
    </line>
    <line>
      <![CDATA[Test parameteres: ]]>
    </line>
    <line>
      <![CDATA[userName: admin]]>
    </line>
    <line>
      <![CDATA[userPass: 1234]]>
    </line>
    <line>
      <![CDATA[login_ip: 10.7.0.78]]>
    </line>
    <line>
      <![CDATA[uiport: 4444]]>
    </line>
    <line>
      <![CDATA[Test parameteres: ]]>
    </line>
    <line>
      <![CDATA[userName: admin]]>
    </line>
    <line>
      <![CDATA[userPass: 1234]]>
    </line>
    <line>
      <![CDATA[login_ip: 10.7.0.78]]>
    </line>
    <line>
      <![CDATA[uiport: 4444]]>
    </line>
    <line>
      <![CDATA[Test parameteres: ]]>
    </line>
    <line>
      <![CDATA[userName: admin]]>
    </line>
    <line>
      <![CDATA[userPass: 1234]]>
    </line>
    <line>
      <![CDATA[login_ip: 10.7.0.78]]>
    </line>
    <line>
      <![CDATA[uiport: 4444]]>
    </line>
    <line>
      <![CDATA[Test parameteres: ]]>
    </line>
    <line>
      <![CDATA[userName: admin]]>
    </line>
    <line>
      <![CDATA[userPass: 1234]]>
    </line>
    <line>
      <![CDATA[login_ip: 10.7.0.78]]>
    </line>
    <line>
      <![CDATA[uiport: 4444]]>
    </line>
    <line>
      <![CDATA[Test parameteres: ]]>
    </line>
    <line>
      <![CDATA[userName: admin]]>
    </line>
    <line>
      <![CDATA[userPass: 1234]]>
    </line>
    <line>
      <![CDATA[login_ip: 10.7.0.78]]>
    </line>
    <line>
      <![CDATA[uiport: 4444]]>
    </line>
    <line>
      <![CDATA[Test parameteres: ]]>
    </line>
    <line>
      <![CDATA[userName: admin]]>
    </line>
    <line>
      <![CDATA[userPass: 1234]]>
    </line>
    <line>
      <![CDATA[login_ip: 10.7.0.78]]>
    </line>
    <line>
      <![CDATA[uiport: 4444]]>
    </line>
    <line>
[...]
              <![CDATA[login_ip: 10.7.0.78]]>
            </line>
            <line>
              <![CDATA[uiport: 4444]]>
            </line>
            <line>
              <![CDATA[Test parameteres: ]]>
            </line>
            <line>
              <![CDATA[userName: admin]]>
            </line>
            <line>
              <![CDATA[userPass: 1234]]>
            </line>
            <line>
              <![CDATA[login_ip: 10.7.0.78]]>
            </line>
            <line>
              <![CDATA[uiport: 4444]]>
            </line>
            <line>
              <![CDATA[Test parameteres: ]]>
            </line>
            <line>
              <![CDATA[userName: admin]]>
            </line>
            <line>
              <![CDATA[userPass: 1234]]>
            </line>
            <line>
              <![CDATA[login_ip: 10.7.0.78]]>
            </line>
            <line>
              <![CDATA[uiport: 4444]]>
            </line>
            <line>
              <![CDATA[Test parameteres: ]]>
            </line>
            <line>
              <![CDATA[userName: admin]]>
            </line>
            <line>
              <![CDATA[userPass: 1234]]>
            </line>
            <line>
              <![CDATA[login_ip: 10.7.0.78]]>
            </line>
            <line>
              <![CDATA[uiport: 4444]]>
            </line>
            <line>
              <![CDATA[Test parameteres: ]]>
            </line>
            <line>
              <![CDATA[userName: admin]]>
            </line>
            <line>
              <![CDATA[userPass: 1234]]>
            </line>
            <line>
              <![CDATA[login_ip: 10.7.0.78]]>
            </line>
            <line>
              <![CDATA[uiport: 4444]]>
            </line>
            <line>
              <![CDATA[Test parameteres: ]]>
            </line>
            <line>
              <![CDATA[userName: admin]]>
            </line>
            <line>
              <![CDATA[userPass: 1234]]>
            </line>
            <line>
              <![CDATA[login_ip: 10.7.0.78]]>
            </line>
            <line>
              <![CDATA[uiport: 4444]]>
            </line>
            <line>
              <![CDATA[Test parameteres: ]]>
            </line>
            <line>
              <![CDATA[userName: admin]]>
            </line>
            <line>
              <![CDATA[userPass: 1234]]>
            </line>
            <line>
              <![CDATA[login_ip: 10.7.0.78]]>
            </line>
            <line>
              <![CDATA[uiport: 4444]]>
            </line>
            <line>
              <![CDATA[Test parameteres: ]]>
            </line>
            <line>
              <![CDATA[userName: admin]]>
            </line>
            <line>
              <![CDATA[userPass: 1234]]>
            </line>
            <line>
              <![CDATA[login_ip: 10.7.0.78]]>
            </line>
            <line>
              <![CDATA[uiport: 4444]]>
            </line>
            <line>
              <![CDATA[Test parameteres: ]]>
            </line>
            <line>
              <![CDATA[userName: admin]]>
            </line>
            <line>
              <![CDATA[userPass: 1234]]>
            </line>
            <line>
              <![CDATA[login_ip: 10.7.0.78]]>
            </line>
            <line>
              <![CDATA[uiport: 4444]]>
            </line>
            <line>
              <![CDATA[Test parameteres: ]]>
            </line>
            <line>
              <![CDATA[userName: admin]]>
            </line>
            <line>
              <![CDATA[userPass: 1234]]>
            </line>
            <line>
              <![CDATA[login_ip: 10.7.0.78]]>
            </line>
            <line>
              <![CDATA[uiport: 4444]]>
            </line>
          </reporter-output>
        </test-method> <!-- broadcasterRecordInout -->
        <test-method status="PASS" signature="afterTest(java.lang.reflect.Method, org.testng.ITestResult)[pri:0, instance:com.zixi.testing.BroadcasterFileInputTest@4909b8da]" name="afterTest" is-config="true" duration-ms="36" started-at="2017-02-19T16:46:24Z" finished-at="2017-02-19T16:46:24Z">
          <params>
            <param index="0">
              <value>
                <![CDATA[public void com.zixi.testing.BroadcasterFileInputTest.broadcasterRecordInout(java.lang.String,java.lang.String,java.lang.String,java.lang.String,java.lang.String,java.lang.String,java.lang.String) throws java.lang.InterruptedException]]>
              </value>
            </param>
            <param index="1">
              <value>
                <![CDATA[[TestResult name=broadcasterRecordInout status=FAILURE method=BroadcasterFileInputTest.broadcasterRecordInout(java.lang.String, java.lang.String, java.lang.String, java.lang.String, java.lang.String, java.lang.String, java.lang.String)[pri:0, instance:com.zixi.testing.BroadcasterFileInputTest@4909b8da] output=Test parameteres: ]]]>
              </value>
            </param>
          </params>
          <reporter-output>
          </reporter-output>
        </test-method> <!-- afterTest -->
      </class> <!-- com.zixi.testing.BroadcasterFileInputTest -->
    </test> <!-- Broadcaster - Record a transcoded steam and waits 480p_trans_sw_all_pids -->
    <test name="Broadcaster - Remove udp output stream - 720*480 all_pids" duration-ms="75" started-at="2017-02-19T14:46:24Z" finished-at="2017-02-19T14:46:24Z">
      <class name="com.zixi.testing.BroadcaserSingleOutputStreamDeletionTest">
        <test-method status="PASS" signature="testInit()[pri:0, instance:com.zixi.testing.BroadcaserSingleOutputStreamDeletionTest@366e2eef]" name="testInit" is-config="true" duration-ms="0" started-at="2017-02-19T16:46:24Z" finished-at="2017-02-19T16:46:24Z">
          <reporter-output>
          </reporter-output>
        </test-method> <!-- testInit -->
        <test-method status="PASS" signature="startTest(org.testng.ITestContext)[pri:0, instance:com.zixi.testing.BroadcaserSingleOutputStreamDeletionTest@366e2eef]" name="startTest" is-config="true" duration-ms="0" started-at="2017-02-19T16:46:24Z" finished-at="2017-02-19T16:46:24Z">
          <params>
            <param index="0">
              <value>
                <![CDATA[org.testng.TestRunner@470f1802]]>
              </value>
            </param>
          </params>
          <reporter-output>
          </reporter-output>
        </test-method> <!-- startTest -->
        <test-method status="PASS" signature="beforeTes(java.lang.String)[pri:0, instance:com.zixi.testing.BroadcaserSingleOutputStreamDeletionTest@366e2eef]" name="beforeTes" is-config="true" duration-ms="34" started-at="2017-02-19T16:46:24Z" finished-at="2017-02-19T16:46:24Z">
          <params>
            <param index="0">
              <value>
                <![CDATA[1293]]>
              </value>
            </param>
          </params>
          <reporter-output>
          </reporter-output>
        </test-method> <!-- beforeTes -->
        <test-method status="PASS" signature="broadcasterSingleStreamRemoving(java.lang.String, java.lang.String, java.lang.String, java.lang.String, java.lang.String, java.lang.String)[pri:0, instance:com.zixi.testing.BroadcaserSingleOutputStreamDeletionTest@366e2eef]" name="broadcasterSingleStreamRemoving" duration-ms="7" started-at="2017-02-19T16:46:24Z" finished-at="2017-02-19T16:46:24Z">
          <params>
            <param index="0">
              <value>
                <![CDATA[10.7.0.78]]>
              </value>
            </param>
            <param index="1">
              <value>
                <![CDATA[admin]]>
              </value>
            </param>
            <param index="2">
              <value>
                <![CDATA[1234]]>
              </value>
            </param>
            <param index="3">
              <value>
                <![CDATA[480p_trans_hw_all_pids]]>
              </value>
            </param>
            <param index="4">
              <value>
                <![CDATA[4444]]>
              </value>
            </param>
            <param index="5">
              <value>
                <![CDATA[1293]]>
              </value>
            </param>
          </params>
          <reporter-output>
            <line>
              <![CDATA[Test parameteres: ]]>
            </line>
            <line>
              <![CDATA[login_ip: 10.7.0.78]]>
            </line>
            <line>
              <![CDATA[userName: admin]]>
            </line>
            <line>
              <![CDATA[userPassword: 1234]]>
            </line>
            <line>
              <![CDATA[name: 480p_trans_hw_all_pids]]>
            </line>
            <line>
              <![CDATA[uiport: 4444]]>
            </line>
          </reporter-output>
        </test-method> <!-- broadcasterSingleStreamRemoving -->
        <test-method status="PASS" signature="afterTest(java.lang.reflect.Method, org.testng.ITestResult)[pri:0, instance:com.zixi.testing.BroadcaserSingleOutputStreamDeletionTest@366e2eef]" name="afterTest" is-config="true" duration-ms="33" started-at="2017-02-19T16:46:24Z" finished-at="2017-02-19T16:46:24Z">
          <params>
            <param index="0">
              <value>
                <![CDATA[public void com.zixi.testing.BroadcaserSingleOutputStreamDeletionTest.broadcasterSingleStreamRemoving(java.lang.String,java.lang.String,java.lang.String,java.lang.String,java.lang.String,java.lang.String) throws java.lang.InterruptedException]]>
              </value>
            </param>
            <param index="1">
              <value>
                <![CDATA[[TestResult name=broadcasterSingleStreamRemoving status=SUCCESS method=BroadcaserSingleOutputStreamDeletionTest.broadcasterSingleStreamRemoving(java.lang.String, java.lang.String, java.lang.String, java.lang.String, java.lang.String, java.lang.String)[pri:0, instance:com.zixi.testing.BroadcaserSingleOutputStreamDeletionTest@366e2eef] output=Test parameteres: ]]]>
              </value>
            </param>
          </params>
          <reporter-output>
          </reporter-output>
        </test-method> <!-- afterTest -->
      </class> <!-- com.zixi.testing.BroadcaserSingleOutputStreamDeletionTest -->
    </test> <!-- Broadcaster - Remove udp output stream - 720*480 all_pids -->
    <test name="Broadcaster - Remove Pull input test - 720*480 all_pids" duration-ms="89" started-at="2017-02-19T14:46:24Z" finished-at="2017-02-19T14:46:24Z">
      <class name="com.zixi.testing.BroadcasterSingleInputStreamDeletionTest">
        <test-method status="PASS" signature="startTest(org.testng.ITestContext)[pri:0, instance:com.zixi.testing.BroadcasterSingleInputStreamDeletionTest@5a61f5df]" name="startTest" is-config="true" duration-ms="0" started-at="2017-02-19T16:46:24Z" finished-at="2017-02-19T16:46:24Z">
          <params>
            <param index="0">
              <value>
                <![CDATA[org.testng.TestRunner@64cd705f]]>
              </value>
            </param>
          </params>
          <reporter-output>
          </reporter-output>
        </test-method> <!-- startTest -->
        <test-method status="PASS" signature="beforeTes(java.lang.String)[pri:0, instance:com.zixi.testing.BroadcasterSingleInputStreamDeletionTest@5a61f5df]" name="beforeTes" is-config="true" duration-ms="47" started-at="2017-02-19T16:46:24Z" finished-at="2017-02-19T16:46:24Z">
          <params>
            <param index="0">
              <value>
                <![CDATA[1295]]>
              </value>
            </param>
          </params>
          <reporter-output>
          </reporter-output>
        </test-method> <!-- beforeTes -->
        <test-method status="PASS" signature="testInit()[pri:0, instance:com.zixi.testing.BroadcasterSingleInputStreamDeletionTest@5a61f5df]" name="testInit" is-config="true" duration-ms="0" started-at="2017-02-19T16:46:24Z" finished-at="2017-02-19T16:46:24Z">
          <reporter-output>
          </reporter-output>
        </test-method> <!-- testInit -->
        <test-method status="PASS" signature="broadcasterInputStreamDeletion(java.lang.String, java.lang.String, java.lang.String, java.lang.String, java.lang.String, java.lang.String)[pri:0, instance:com.zixi.testing.BroadcasterSingleInputStreamDeletionTest@5a61f5df]" name="broadcasterInputStreamDeletion" duration-ms="9" started-at="2017-02-19T16:46:24Z" finished-at="2017-02-19T16:46:24Z">
          <params>
            <param index="0">
              <value>
                <![CDATA[10.7.0.78]]>
              </value>
            </param>
            <param index="1">
              <value>
                <![CDATA[admin]]>
              </value>
            </param>
            <param index="2">
              <value>
                <![CDATA[1234]]>
              </value>
            </param>
            <param index="3">
              <value>
                <![CDATA[transcoder]]>
              </value>
            </param>
            <param index="4">
              <value>
                <![CDATA[4444]]>
              </value>
            </param>
            <param index="5">
              <value>
                <![CDATA[1295]]>
              </value>
            </param>
          </params>
          <reporter-output>
            <line>
              <![CDATA[Test parameteres: ]]>
            </line>
            <line>
              <![CDATA[login_ip: 10.7.0.78]]>
            </line>
            <line>
              <![CDATA[userName: admin]]>
            </line>
            <line>
              <![CDATA[userPassword: 1234]]>
            </line>
            <line>
              <![CDATA[streamId: transcoder]]>
            </line>
            <line>
              <![CDATA[uiport: 4444]]>
            </line>
            <line>
              <![CDATA[Stream transcoder removed.]]>
            </line>
          </reporter-output>
        </test-method> <!-- broadcasterInputStreamDeletion -->
        <test-method status="PASS" signature="afterTest(java.lang.reflect.Method, org.testng.ITestResult)[pri:0, instance:com.zixi.testing.BroadcasterSingleInputStreamDeletionTest@5a61f5df]" name="afterTest" is-config="true" duration-ms="30" started-at="2017-02-19T16:46:24Z" finished-at="2017-02-19T16:46:24Z">
          <params>
            <param index="0">
              <value>
                <![CDATA[public void com.zixi.testing.BroadcasterSingleInputStreamDeletionTest.broadcasterInputStreamDeletion(java.lang.String,java.lang.String,java.lang.String,java.lang.String,java.lang.String,java.lang.String) throws java.lang.InterruptedException]]>
              </value>
            </param>
            <param index="1">
              <value>
                <![CDATA[[TestResult name=broadcasterInputStreamDeletion status=SUCCESS method=BroadcasterSingleInputStreamDeletionTest.broadcasterInputStreamDeletion(java.lang.String, java.lang.String, java.lang.String, java.lang.String, java.lang.String, java.lang.String)[pri:0, instance:com.zixi.testing.BroadcasterSingleInputStreamDeletionTest@5a61f5df] output=Test parameteres: ]]]>
              </value>
            </param>
          </params>
          <reporter-output>
          </reporter-output>
        </test-method> <!-- afterTest -->
      </class> <!-- com.zixi.testing.BroadcasterSingleInputStreamDeletionTest -->
    </test> <!-- Broadcaster - Remove Pull input test - 720*480 all_pids -->
    <test name="Broadcaster: transcode delete a profile - 720*480 all_pids" duration-ms="69" started-at="2017-02-19T14:46:24Z" finished-at="2017-02-19T14:46:24Z">
      <class name="com.zixi.testing.BroadcasterTranscoderDeletProfileTest">
        <test-method status="PASS" signature="startTest(org.testng.ITestContext)[pri:0, instance:com.zixi.testing.BroadcasterTranscoderDeletProfileTest@9f70c54]" name="startTest" is-config="true" duration-ms="0" started-at="2017-02-19T16:46:24Z" finished-at="2017-02-19T16:46:24Z">
          <params>
            <param index="0">
              <value>
                <![CDATA[org.testng.TestRunner@1817d444]]>
              </value>
            </param>
          </params>
          <reporter-output>
          </reporter-output>
        </test-method> <!-- startTest -->
        <test-method status="PASS" signature="testInit()[pri:0, instance:com.zixi.testing.BroadcasterTranscoderDeletProfileTest@9f70c54]" name="testInit" is-config="true" duration-ms="1" started-at="2017-02-19T16:46:24Z" finished-at="2017-02-19T16:46:24Z">
          <reporter-output>
          </reporter-output>
        </test-method> <!-- testInit -->
        <test-method status="PASS" signature="beforeTes(java.lang.String)[pri:0, instance:com.zixi.testing.BroadcasterTranscoderDeletProfileTest@9f70c54]" name="beforeTes" is-config="true" duration-ms="31" started-at="2017-02-19T16:46:24Z" finished-at="2017-02-19T16:46:24Z">
          <params>
            <param index="0">
              <value>
                <![CDATA[1297]]>
              </value>
            </param>
          </params>
          <reporter-output>
          </reporter-output>
        </test-method> <!-- beforeTes -->
        <test-method status="PASS" signature="broadcasterDeleteProfile(java.lang.String, java.lang.String, java.lang.String, java.lang.String, java.lang.String, java.lang.String)[pri:0, instance:com.zixi.testing.BroadcasterTranscoderDeletProfileTest@9f70c54]" name="broadcasterDeleteProfile" duration-ms="5" started-at="2017-02-19T16:46:24Z" finished-at="2017-02-19T16:46:24Z">
          <params>
            <param index="0">
              <value>
                <![CDATA[admin]]>
              </value>
            </param>
            <param index="1">
              <value>
                <![CDATA[1234]]>
              </value>
            </param>
            <param index="2">
              <value>
                <![CDATA[10.7.0.78]]>
              </value>
            </param>
            <param index="3">
              <value>
                <![CDATA[4444]]>
              </value>
            </param>
            <param index="4">
              <value>
                <![CDATA[480p]]>
              </value>
            </param>
            <param index="5">
              <value>
                <![CDATA[1297]]>
              </value>
            </param>
          </params>
          <reporter-output>
          </reporter-output>
        </test-method> <!-- broadcasterDeleteProfile -->
        <test-method status="PASS" signature="afterTest(java.lang.reflect.Method, org.testng.ITestResult)[pri:0, instance:com.zixi.testing.BroadcasterTranscoderDeletProfileTest@9f70c54]" name="afterTest" is-config="true" duration-ms="32" started-at="2017-02-19T16:46:24Z" finished-at="2017-02-19T16:46:24Z">
          <params>
            <param index="0">
              <value>
                <![CDATA[public void com.zixi.testing.BroadcasterTranscoderDeletProfileTest.broadcasterDeleteProfile(java.lang.String,java.lang.String,java.lang.String,java.lang.String,java.lang.String,java.lang.String) throws java.lang.InterruptedException]]>
              </value>
            </param>
            <param index="1">
              <value>
                <![CDATA[[TestResult name=broadcasterDeleteProfile status=SUCCESS method=BroadcasterTranscoderDeletProfileTest.broadcasterDeleteProfile(java.lang.String, java.lang.String, java.lang.String, java.lang.String, java.lang.String, java.lang.String)[pri:0, instance:com.zixi.testing.BroadcasterTranscoderDeletProfileTest@9f70c54] output={null}]]]>
              </value>
            </param>
          </params>
          <reporter-output>
          </reporter-output>
        </test-method> <!-- afterTest -->
      </class> <!-- com.zixi.testing.BroadcasterTranscoderDeletProfileTest -->
    </test> <!-- Broadcaster: transcode delete a profile - 720*480 all_pids -->
  </suite> <!-- Broadcaster: Intel Transcoder MPEG2 to H.264 -->
</testng-results>
